avril 29 17:28:39 1714404519.805136 [HW]   # /dev/cpu_dma_latency set to 2 us
avril 29 17:28:39 [0m1714404519.830954 [ENB_APP]   nfapi running mode: PNF
avril 29 17:28:39 [0m1714404519.830963 [GNB_APP]   Getting GNBSParams
avril 29 17:28:40 [0m1714404520.831099 [ITTI]   Starting itti queue: TASK_UNKNOWN as task 0
avril 29 17:28:40 [0m1714404520.831185 [ITTI]   Starting itti queue: TASK_TIMER as task 1
avril 29 17:28:40 [0m1714404520.831191 [ITTI]   Starting itti queue: TASK_L2L1 as task 2
avril 29 17:28:40 [0m1714404520.831196 [ITTI]   Starting itti queue: TASK_BM as task 3
avril 29 17:28:40 [0m1714404520.831200 [ITTI]   Starting itti queue: TASK_PHY_ENB as task 4
avril 29 17:28:40 [0m1714404520.831204 [ITTI]   Starting itti queue: TASK_MAC_GNB as task 5
avril 29 17:28:40 [0m1714404520.831208 [ITTI]   Starting itti queue: TASK_RLC_ENB as task 6
avril 29 17:28:40 [0m1714404520.831211 [ITTI]   Starting itti queue: TASK_RRC_ENB_NB_IoT as task 7
avril 29 17:28:40 [0m1714404520.831215 [ITTI]   Starting itti queue: TASK_PDCP_ENB as task 8
avril 29 17:28:40 [0m1714404520.831218 [ITTI]   Starting itti queue: TASK_PDCP_GNB as task 9
avril 29 17:28:40 [0m1714404520.831221 [ITTI]   Starting itti queue: TASK_DATA_FORWARDING as task 10
avril 29 17:28:40 [0m1714404520.831224 [ITTI]   Starting itti queue: TASK_END_MARKER as task 11
avril 29 17:28:40 [0m1714404520.831228 [ITTI]   Starting itti queue: TASK_RRC_ENB as task 12
avril 29 17:28:40 [0m1714404520.831231 [ITTI]   Starting itti queue: TASK_RRC_GNB as task 13
avril 29 17:28:40 [0m1714404520.831235 [ITTI]   Starting itti queue: TASK_RAL_ENB as task 14
avril 29 17:28:40 [0m1714404520.831239 [ITTI]   Starting itti queue: TASK_S1AP as task 15
avril 29 17:28:40 [0m1714404520.831243 [ITTI]   Starting itti queue: TASK_NGAP as task 16
avril 29 17:28:40 [0m1714404520.831247 [ITTI]   Starting itti queue: TASK_X2AP as task 17
avril 29 17:28:40 [0m1714404520.831250 [ITTI]   Starting itti queue: TASK_M2AP_ENB as task 18
avril 29 17:28:40 [0m1714404520.831254 [ITTI]   Starting itti queue: TASK_M2AP_MCE as task 19
avril 29 17:28:40 [0m1714404520.831258 [ITTI]   Starting itti queue: TASK_M3AP as task 20
avril 29 17:28:40 [0m1714404520.831262 [ITTI]   Starting itti queue: TASK_M3AP_MME as task 21
avril 29 17:28:40 [0m1714404520.831267 [ITTI]   Starting itti queue: TASK_M3AP_MCE as task 22
avril 29 17:28:40 [0m1714404520.831272 [ITTI]   Starting itti queue: TASK_SCTP as task 23
avril 29 17:28:40 [0m1714404520.831276 [ITTI]   Starting itti queue: TASK_ENB_APP as task 24
avril 29 17:28:40 [0m1714404520.831280 [ITTI]   Starting itti queue: TASK_GNB_APP as task 25
avril 29 17:28:40 [0m1714404520.831283 [ITTI]   Starting itti queue: TASK_MCE_APP as task 26
avril 29 17:28:40 [0m1714404520.831287 [ITTI]   Starting itti queue: TASK_MME_APP as task 27
avril 29 17:28:40 [0m1714404520.831291 [ITTI]   Starting itti queue: TASK_PHY_UE as task 28
avril 29 17:28:40 [0m1714404520.831295 [ITTI]   Starting itti queue: TASK_MAC_UE as task 29
avril 29 17:28:40 [0m1714404520.831300 [ITTI]   Starting itti queue: TASK_RLC_UE as task 30
avril 29 17:28:40 [0m1714404520.831305 [ITTI]   Starting itti queue: TASK_PDCP_UE as task 31
avril 29 17:28:40 [0m1714404520.831309 [ITTI]   Starting itti queue: TASK_RRC_UE as task 32
avril 29 17:28:40 [0m1714404520.831323 [ITTI]   Starting itti queue: TASK_RRC_NRUE as task 33
avril 29 17:28:40 [0m1714404520.831327 [ITTI]   Starting itti queue: TASK_NAS_UE as task 34
avril 29 17:28:40 [0m1714404520.831331 [ITTI]   Starting itti queue: TASK_RAL_UE as task 35
avril 29 17:28:40 [0m1714404520.831335 [ITTI]   Starting itti queue: TASK_GTPV1_U as task 36
avril 29 17:28:40 [0m1714404520.831339 [ITTI]   Starting itti queue: TASK_CU_F1 as task 37
avril 29 17:28:40 [0m1714404520.831343 [ITTI]   Starting itti queue: TASK_DU_F1 as task 38
avril 29 17:28:40 [0m1714404520.831349 [ITTI]   Starting itti queue: TASK_CUCP_E1 as task 39
avril 29 17:28:40 [0m1714404520.831352 [ITTI]   Starting itti queue: TASK_CUUP_E1 as task 40
avril 29 17:28:40 [0m1714404520.831357 [ITTI]   Starting itti queue: TASK_RRC_UE_SIM as task 41
avril 29 17:28:40 [0m1714404520.831360 [ITTI]   Starting itti queue: TASK_RRC_GNB_SIM as task 42
avril 29 17:28:40 [0m1714404520.831364 [ITTI]   Starting itti queue: TASK_RRC_NSA_UE as task 43
avril 29 17:28:40 [0m1714404520.831369 [ITTI]   Starting itti queue: TASK_RRC_NSA_NRUE as task 44
avril 29 17:28:40 [0m1714404520.831372 [ITTI]   Starting itti queue: TASK_NAS_NRUE as task 45
avril 29 17:28:40 [0m1714404520.831387 [OPT]   OPT disabled
avril 29 17:28:40 [0m1714404520.831390 [HW]   Version: Branch: nfapi-fixes-NTUST Abrev. Hash: b8613082b6 Date: Mon Apr 15 10:10:42 2024 +0200
avril 29 17:28:40 [0m1714404520.831395 [NR_PHY]   RC.gNB = 0x61c10b0be570
avril 29 17:28:40 [0m1714404520.831998 [PHY]   L1_RX_THREAD_CORE -1 (16)
avril 29 17:28:40 [0m1714404520.832003 [PHY]   TX_AMP = 519 (-36 dBFS)
avril 29 17:28:40 [0m1714404520.832005 [PHY]   RCconfig_NR_L1() NFAPI PNF mode - RC.nb_nr_inst=1 this is because phy_init_RU() uses that to index and not RC.num_gNB - why the 2 similar variables?
avril 29 17:28:40 [0m1714404520.832006 [PHY]   RCconfig_NR_L1() NFAPI PNF mode - RC.nb_nr_CC[0]=1 for init_gNB_afterRU()
avril 29 17:28:40 [0m1714404520.832007 [PHY]   RCconfig_NR_L1() NFAPI PNF mode - RC.nb_nr_macrlc_inst:1 because used by mac_top_init_gNB()
avril 29 17:28:40 [0m1714404520.832009 [ENB_APP]   nfapi running mode: PNF
avril 29 17:28:40 [0mCMDLINE: "./nr-softmodem" "-O" "../../../targets/PROJECTS/GENERIC-LTE-EPC/CONF/oaiL1.nfapi.usrpb210.conf" "--nfapi" "PNF" "--rfsim" "--rfsimulator.serveraddr" "server" "--log_config.global_log_options" "wall_clock" "--sa" 
avril 29 17:28:40 [CONFIG] get parameters from libconfig ../../../targets/PROJECTS/GENERIC-LTE-EPC/CONF/oaiL1.nfapi.usrpb210.conf [LIBCONFIG] Path for include directive set to: ../../../targets/PROJECTS/GENERIC-LTE-EPC/CONF
avril 29 17:28:40 [CONFIG] function config_libconfig_init returned 0
avril 29 17:28:40 [CONFIG] config module libconfig loaded
avril 29 17:28:40 [LIBCONFIG] config: 2/2 parameters successfully set, (2 to default value)
avril 29 17:28:40 [CONFIG] debug flags: 0x00000000
avril 29 17:28:40 [LIBCONFIG] log_config: 3/3 parameters successfully set, (1 to default value)
avril 29 17:28:40 [LIBCONFIG] log_config: 53/53 parameters successfully set, (51 to default value)
avril 29 17:28:40 [LIBCONFIG] log_config: 53/53 parameters successfully set, (53 to default value)
avril 29 17:28:40 [LIBCONFIG] log_config: 16/16 parameters successfully set, (16 to default value)
avril 29 17:28:40 [LIBCONFIG] log_config: 16/16 parameters successfully set, (16 to default value)
avril 29 17:28:40 log init done
avril 29 17:28:40 Reading in command-line options
avril 29 17:28:40 [LIBCONFIG] (root): 40/40 parameters successfully set, (37 to default value)
avril 29 17:28:40 [LIBCONFIG] (root): 6/6 parameters successfully set, (5 to default value)
avril 29 17:28:40 [LIBCONFIG] (root): 2/2 parameters successfully set, (1 to default value)
avril 29 17:28:40 [LIBCONFIG] list MACRLCs not found in config file ../../../targets/PROJECTS/GENERIC-LTE-EPC/CONF/oaiL1.nfapi.usrpb210.conf 
avril 29 17:28:40 [LIBCONFIG] list THREAD_STRUCT not found in config file ../../../targets/PROJECTS/GENERIC-LTE-EPC/CONF/oaiL1.nfapi.usrpb210.conf 
avril 29 17:28:40 [CONFIG] parallel_conf is set to 2
avril 29 17:28:40 [CONFIG] worker_conf is set to 1
avril 29 17:28:40 Configuration: nb_rrc_inst 0, nb_nr_L1_inst 1, nb_ru 1
avril 29 17:28:40 [LIBCONFIG] TTracer: 3/3 parameters successfully set, (3 to default value)
avril 29 17:28:40 configuring for RAU/RRU
avril 29 17:28:40 [LIBCONFIG] opt: 3/3 parameters successfully set, (3 to default value)
avril 29 17:28:40 [LIBCONFIG] list gNBs not found in config file ../../../targets/PROJECTS/GENERIC-LTE-EPC/CONF/oaiL1.nfapi.usrpb210.conf 
avril 29 17:28:40 [LIBCONFIG] L1s.[0]: 20/20 parameters successfully set, (11 to default value)
avril 29 17:28:40 configure_nr_nfapi_pnf() PNF
avril 29 17:28:40 
avril 29 17:28:40 
avril 29 17:28:40 
avril 29 17:28:40 
avril 29 17:28:40 
avril 29 17:28:40 configure_nr_nfapi_pnf() VNF:127.0.0.1:50001 PNF_PHY[addr:127.0.0.1 UDP:tx_addr:127.0.0.1:50011 rx:50010]
avril 29 17:28:40 10282788905 [I] 1355911168: nfapi_trace_init: NFAPI_TRACE_LEVEL='info'
avril 29 17:28:40 10282788908 [I] 1355911168: configure_nr_nfapi_pnf: [PNF] Creating PNF NFAPI start thread configure_nr_nfapi_pnf
avril 29 17:28:40 10282791037 [I] 1339835968: pnf_nr_start_thread: [PNF] IN PNF NFAPI start thread pnf_nr_start_thread
avril 29 17:28:40 10282791117 [I] 1339835968: nfapi_nr_pnf_start: nfapi_nr_pnf_start
avril 29 17:28:40 10282791122 [I] 1339835968: pnf_connect: Starting P5 PNF connection to VNF at 127.0.0.1:50001
avril 29 17:28:40 10282791207 [N] 1339835968: pnf_connect: PNF Setting the SCTP_INITMSG
avril 29 17:28:40 10282791214 [I] 1339835968: pnf_connect: P5 socket created...
avril 29 17:28:40 1714404520.834425 [PHY]   l1_north_init_gNB() RC.nb_nr_L1_inst:1
avril 29 17:28:40 [0m1714404520.834431 [PHY]   Installing callbacks for IF_Module - UL_indication
avril 29 17:28:40 [0m1714404520.834433 [MAC]   Allocating shared L1/L2 interface structure for instance 0 @ 0x61c10b0c18e0
avril 29 17:28:40 [0m1714404520.834435 [PHY]   l1_north_init_gNB() RC.gNB[0] installing callbacks
avril 29 17:28:40 [0mInitializing northbound interface for L1
avril 29 17:28:40 10282791376 [I] 1339835968: pnf_connect: connect succeeded...
avril 29 17:28:40 10282791379 [N] 1339835968: pnf_connect: After connect loop
avril 29 17:28:40 10282791382 [I] 1339835968: pnf_connect: Association ID = 184
avril 29 17:28:40 10282791384 [I] 1339835968: pnf_connect: Receiver window size = 67108864
avril 29 17:28:40 10282791384 [I] 1339835968: pnf_connect: In Streams = 5
avril 29 17:28:40 10282791385 [I] 1339835968: pnf_connect: Out Streams = 5
avril 29 17:28:40 10282791386 [N] 1339835968: pnf_connect: Socket CONNECTED
avril 29 17:28:40 10282792554 [I] 1339835968: pnf_nr_handle_pnf_param_request: PNF_PARAM.request received
avril 29 17:28:40 [PNF] pnf param request
avril 29 17:28:40 10282792636 [I] 1339835968: pnf_nr_handle_pnf_config_request: PNF_CONFIG.request received
avril 29 17:28:40 [PNF] pnf config request
avril 29 17:28:40 [PNF] pnf config request assigned phy_id 1 to phy_config_index 0
avril 29 17:28:40 [PNF] Sent pnf_config_resp
avril 29 17:28:40 10282792683 [I] 1339835968: pnf_nr_handle_pnf_start_request: PNF_START.request Received
avril 29 17:28:40 Received NFAPI_PNF_START_REQUEST
avril 29 17:28:40 [PNF] Sent NFAPI_PNF_START_RESP
avril 29 17:28:40 10282795241 [I] 1339835968: pnf_nr_handle_param_request: PARAM.request received
avril 29 17:28:40 1714404520.838688 [PHY]   Initializing gNB 0 single_thread_flag:1
avril 29 17:28:40 [0m1714404520.838695 [PHY]   Initializing gNB 0
avril 29 17:28:40 [0m1714404520.838696 [PHY]   Registering with MAC interface module (before 0x61c10b0c18e0)
avril 29 17:28:40 [0m1714404520.838699 [PHY]   Installing callbacks for IF_Module - UL_indication
avril 29 17:28:40 [0m1714404520.838701 [PHY]   Registering with MAC interface module (after 0x61c10b0c18e0)
avril 29 17:28:40 [0m1714404520.838702 [PHY]   Setting indication lists
avril 29 17:28:40 [0m1714404520.838703 [PHY]   [nr-gnb.c] gNB structure allocated
avril 29 17:28:40 [0m[PNF] Received NFAPI_PARAM_REQUEST phy_id:1
avril 29 17:28:40 TAG value :2
avril 29 17:28:40 RUNNING pack_param_response
avril 29 17:28:40 [PNF] Sent NFAPI_PNF_PARAM_RESPONSE phy_id:1 number_of_tlvs:62
avril 29 17:28:40 NFAPI*** - mutex and cond created - will block shortly for completion of PNF connection
avril 29 17:28:40 START MAIN THREADS
avril 29 17:28:40 RC.nb_nr_L1_inst:1
avril 29 17:28:40 Initializing gNB threads single_thread_flag:1 wait_for_sync:0
avril 29 17:28:40 wait_gNBs()
avril 29 17:28:40 Waiting for gNB L1 instances to all get configured ... sleeping 50ms (nb_nr_sL1_inst 1)
avril 29 17:28:40 10282796055 [I] 1339835968: pnf_nr_handle_config_request: CONFIG.request received
avril 29 17:28:40 97 10 01 00 02 00 28 00 00 10 02 00 04 00 36 ee f8 10 03 00 0a 00 00 00 00 00 00 00 00 00 00 00 00 10 04 00 0a 00 00 00 6a 00 00 00 00 00 00 00 00 10 05 00 02 00 01 00 00 10 06 00 02 00 28 00 00 10 07 00 04 00 36 ee f8 10 08 00 0a 00 00 00 00 00 00 00 00 00 00 00 00 10 09 00 0a 00 00 00 6a 00 00 00 00 00 00 00 00 10 0a 00 02 00 01 00 00 10 0c 00 02 00 00 00 00 10 0d 00 01 01 00 00 00 10 0e 00 04 ff ff ff e7 10 0f 00 01 01 00 00 00 10 10 00 01 01 00 00 00 10 11 00 01 01 00 00 00 10 12 00 01 01 00 00 00 10 13 00 01 00 00 00 00 10 14 00 01 01 00 00 00 10 29 00 01 62 00 00 00 10 15 00 02 00 01 00 00 10 16 00 01 10 00 00 00 10 17 00 02 00 00 00 00 10 18 00 01 0d 00 00 00 10 19 00 02 00 00 00 00 10 1b 00 01 03 00 00 00 10 1d 00 02 00 56 00 00 10 1f 00 01 02 00 00 00 10 20 00 01 00 00 00 00 10 22 00 04 80 00 00 00 10 22 00 04 00 00 00 00 10 23 00 01 00 00 00 00 10 23 00 01 00 00 00 00 10 23 00 01 00 00 00 00 10 23 00 01 00 00 00 00 10 23 00 01 00 00 00 00 10 23 00 01 00 00 00 00 10 23 00 01 00 00 00 00 10 23 00 01 00 00 00 00 10 23 00 01 00 00 00 00 10 23 00 01 00 00 00 00 10 23 00 01 00 00 00 00 10 23 00 01 00 00 00 00 10 23 00 01 00 00 00 00 10 23 00 01 00 00 00 00 10 23 00 01 00 00 00 00 10 23 00 01 00 00 00 00 10 23 00 01 00 00 00 00 10 23 00 01 00 00 00 00 10 23 00 01 00 00 00 00 10 23 00 01 00 00 00 00 10 23 00 01 00 00 00 00 10 23 00 01 00 00 00 00 10 23 00 01 00 00 00 00 10 23 00 01 00 00 00 00 10 23 00 01 00 00 00 00 10 23 00 01 00 00 00 00 10 23 00 01 00 00 00 00 10 23 00 01 00 00 00 00 10 23 00 01 00 00 00 00 10 23 00 01 00 00 00 00 10 23 00 01 00 00 00 00 10 23 00 01 00 00 00 00 10 23 00 01 00 00 00 00 10 23 00 01 00 00 00 00 10 23 00 01 00 00 00 00 10 23 00 01 00 00 00 00 10 23 00 01 00 00 00 00 10 23 00 01 00 00 00 00 10 23 00 01 00 00 00 00 10 23 00 01 00 00 00 00 10 23 00 01 00 00 00 00 10 23 00 01 00 00 00 00 10 23 00 01 00 00 00 00 10 23 00 01 00 00 00 00 10 23 00 01 00 00 00 00 10 23 00 01 00 00 00 00 10 23 00 01 00 00 00 00 10 23 00 01 00 00 00 00 10 23 00 01 00 00 00 00 10 23 00 01 00 00 00 00 10 23 00 01 00 00 00 00 10 23 00 01 00 00 00 00 10 23 00 01 00 00 00 00 10 23 00 01 00 00 00 00 10 23 00 01 00 00 00 00 10 23 00 01 00 00 00 00 10 23 00 01 00 00 00 00 10 23 00 01 00 00 00 00 10 23 00 01 00 00 00 00 10 23 00 01 00 00 00 00 10 23 00 01 00 00 00 00 10 23 00 01 00 00 00 00 10 23 00 01 00 00 00 00 10 23 00 01 00 00 00 00 10 26 00 01 06 00 00 00 10 27 00 01 00 00 00 00 10 27 00 01 00 00 00 00 10 27 00 01 00 00 00 00 10 27 00 01 00 00 00 00 10 27 00 01 00 00 00 00 10 27 00 01 00 00 00 00 10 27 00 01 00 00 00 00 10 27 00 01 00 00 00 00 10 27 00 01 00 00 00 00 10 27 00 01 00 00 00 00 10 27 00 01 00 00 00 00 10 27 00 01 00 00 00 00 10 27 00 01 00 00 00 00 10 27 00 01 00 00 00 00 10 27 00 01 00 00 00 00 10 27 00 01 00 00 00 00 10 27 00 01 00 00 00 00 10 27 00 01 00 00 00 00 10 27 00 01 00 00 00 00 10 27 00 01 00 00 00 00 10 27 00 01 00 00 00 00 10 27 00 01 00 00 00 00 10 27 00 01 00 00 00 00 10 27 00 01 00 00 00 00 10 27 00 01 00 00 00 00 10 27 00 01 00 00 00 00 10 27 00 01 00 00 00 00 10 27 00 01 00 00 00 00 10 27 00 01 00 00 00 00 10 27 00 01 00 00 00 00 10 27 00 01 00 00 00 00 10 27 00 01 00 00 00 00 10 27 00 01 00 00 00 00 10 27 00 01 00 00 00 00 10 27 00 01 00 00 00 00 10 27 00 01 00 00 00 00 10 27 00 01 00 00 00 00 10 27 00 01 00 00 00 00 10 27 00 01 00 00 00 00 10 27 00 01 00 00 00 00 10 27 00 01 00 00 00 00 10 27 00 01 00 00 00 00 10 27 00 01 00 00 00 00 10 27 00 01 00 00 00 00 10 27 00 01 00 00 00 00 10 27 00 01 00 00 00 00 10 27 00 01 00 00 00 00 10 27 00 01 00 00 00 00 10 27 00 01 00 00 00 00 10 27 00 01 00 00 00 00 10 27 00 01 00 00 00 00 10 27 00 01 00 00 00 00 10 27 00 01 00 00 00 00 10 27 00 01 00 00 00 00 10 27 00 01 00 00 00 00 10 27 00 01 00 00 00 00 10 27 00 01 00 00 00 00 10 27 00 01 00 00 00 00 10 27 00 01 00 00 00 00 10 27 00 01 00 00 00 00 10 27 00 01 00 00 00 00 10 27 00 01 00 00 00 00 10 27 00 01 00 00 00 00 10 27 00 01 00 00 00 00 10 27 00 01 00 00 00 00 10 27 00 01 00 00 00 00 10 27 00 01 00 00 00 00 10 27 00 01 00 00 00 00 10 27 00 01 00 00 00 00 10 27 00 01 00 00 00 00 10 27 00 01 00 00 00 00 10 27 00 01 00 00 00 00 10 27 00 01 00 00 00 00 10 27 00 01 00 00 00 00 10 27 00 01 00 00 00 00 10 27 00 01 00 00 00 00 10 27 00 01 00 00 00 00 10 27 00 01 00 00 00 00 10 27 00 01 00 00 00 00 10 27 00 01 00 00 00 00 10 27 00 01 00 00 00 00 10 27 00 01 00 00 00 00 10 27 00 01 00 00 00 00 10 27 00 01 00 00 00 00 10 27 00 01 00 00 00 00 10 27 00 01 00 00 00 00 10 27 00 01 00 00 00 00 10 27 00 01 00 00 00 00 10 27 00 01 00 00 00 00 10 27 00 01 00 00 00 00 10 27 00 01 00 00 00 00 10 27 00 01 00 00 00 00 10 27 00 01 00 00 00 00 10 27 00 01 00 00 00 00 10 27 00 01 00 00 00 00 10 27 00 01 00 00 00 00 10 27 00 01 00 00 00 00 10 27 00 01 00 00 00 00 10 27 00 01 00 00 00 00 10 27 00 01 00 00 00 00 10 27 00 01 00 00 00 00 10 27 00 01 00 00 00 00 10 27 00 01 00 00 00 00 10 27 00 01 00 00 00 00 10 27 00 01 02 00 00 00 10 27 00 01 02 00 00 00 10 27 00 01 02 00 00 00 10 27 00 01 02 00 00 00 10 27 00 01 01 00 00 00 10 27 00 01 01 00 00 00 10 27 00 01 01 00 00 00 10 27 00 01 01 00 00 00 10 27 00 01 01 00 00 00 10 27 00 01 01 00 00 00 10 27 00 01 01 00 00 00 10 27 00 01 01 00 00 00 10 27 00 01 01 00 00 00 10 27 00 01 01 00 00 00 10 27 00 01 01 00 00 00 10 27 00 01 01 00 00 00 10 27 00 01 01 00 00 00 10 27 00 01 01 00 00 00 10 27 00 01 01 00 00 00 10 27 00 01 01 00 00 00 10 27 00 01 01 00 00 00 10 27 00 01 01 00 00 00 10 27 00 01 01 00 00 00 10 27 00 01 01 00 00 00 10 27 00 01 01 00 00 00 10 27 00 01 01 00 00 00 10 27 00 01 01 00 00 00 10 27 00 01 01 00 00 00 10 27 00 01 01 00 00 00 10 27 00 01 01 00 00 00 10 27 00 01 01 00 00 00 10 27 00 01 01 00 00 00 10 27 00 01 01 00 00 00 10 27 00 01 01 00 00 00 10 27 00 01 01 00 00 00 10 27 00 01 01 00 00 00 10 27 00 01 00 00 00 00 10 27 00 01 00 00 00 00 10 27 00 01 00 00 00 00 10 27 00 01 00 00 00 00 10 27 00 01 00 00 00 00 10 27 00 01 00 00 00 00 10 27 00 01 00 00 00 00 10 27 00 01 00 00 00 00 10 27 00 01 00 00 00 00 10 27 00 01 00 00 00 00 10 27 00 01 00 00 00 00 10 27 00 01 00 00 00 00 10 27 00 01 00 00 00 00 10 27 00 01 00 00 00 00 10 27 00 01 00 00 00 00 10 27 00 01 00 00 00 00 10 27 00 01 00 00 00 00 10 27 00 01 00 00 00 00 10 27 00 01 00 00 00 00 10 27 00 01 00 00 00 00 10 27 00 01 00 00 00 00 10 27 00 01 00 00 00 00 10 27 00 01 00 00 00 00 10 27 00 01 00 00 00 00 10 27 00 01 00 00 00 00 10 27 00 01 00 00 00 00 10 27 00 01 00 00 00 00 10 27 00 01 00 00 00 00 10 27 00 01 00 00 00 00 10 27 00 01 00 00 00 00 10 27 00 01 00 00 00 00 10 27 00 01 00 00 00 00 10 27 00 01 00 00 00 00 10 27 00 01 00 00 00 00 10 27 00 01 00 00 00 00 10 27 00 01 00 00 00 00 10 27 00 01 00 00 00 00 10 27 00 01 00 00 00 00 10 27 00 01 00 00 00 00 10 27 00 01 00 00 00 00 10 27 00 01 00 00 00 00 10 27 00 01 00 00 00 00 10 27 00 01 00 00 00 00 10 27 00 01 00 00 00 00 10 27 00 01 00 00 00 00 10 27 00 01 00 00 00 00 10 27 00 01 00 00 00 00 10 27 00 01 00 00 00 00 10 27 00 01 00 00 00 00 10 27 00 01 00 00 00 00 10 27 00 01 00 00 00 00 10 27 00 01 00 00 00 00 10 27 00 01 00 00 00 00 10 27 00 01 00 00 00 00 10 27 00 01 00 00 00 00 10 27 00 01 00 00 00 00 10 27 00 01 00 00 00 00 10 27 00 01 00 00 00 00 10 27 00 01 00 00 00 00 10 27 00 01 00 00 00 00 10 27 00 01 00 00 00 00 10 27 00 01 00 00 00 00 10 27 00 01 00 00 00 00 10 27 00 01 00 00 00 00 10 27 00 01 00 00 00 00 10 27 00 01 00 00 00 00 10 27 00 01 00 00 00 00 10 27 00 01 00 00 00 00 10 27 00 01 00 00 00 00 10 27 00 01 00 00 00 00 10 27 00 01 00 00 00 00 10 27 00 01 00 00 00 00 10 27 00 01 00 00 00 00 10 27 00 01 00 00 00 00 10 27 00 01 00 00 00 00 10 27 00 01 00 00 00 00 10 27 00 01 00 00 00 00 10 27 00 01 00 00 00 00 10 27 00 01 00 00 00 00 10 27 00 01 00 00 00 00 10 27 00 01 00 00 00 00 10 27 00 01 00 00 00 00 10 27 00 01 00 00 00 00 10 27 00 01 00 00 00 00 10 27 00 01 00 00 00 00 10 27 00 01 00 00 00 00 10 27 00 01 00 00 00 00 10 27 00 01 00 00 00 00 10 27 00 01 00 00 00 00 10 27 00 01 00 00 00 00 10 27 00 01 00 00 00 00 10 27 00 01 00 00 00 00 10 27 00 01 00 00 00 00 10 27 00 01 00 00 00 00 10 27 00 01 00 00 00 00 10 27 00 01 00 00 00 00 10 27 00 01 00 00 00 00 10 27 00 01 00 00 00 00 10 27 00 01 00 00 00 00 10 27 00 01 00 00 00 00 10 27 00 01 00 00 00 00 10 27 00 01 00 00 00 00 10 27 00 01 00 00 00 00 10 27 00 01 00 00 00 00 10 27 00 01 02 00 00 00 10 27 00 01 02 00 00 00 10 27 00 01 02 00 00 00 10 27 00 01 02 00 00 00 10 27 00 01 01 00 00 00 10 27 00 01 01 00 00 00 10 27 00 01 01 00 00 00 10 27 00 01 01 00 00 00 10 27 00 01 01 00 00 00 10 27 00 01 01 00 00 00 10 27 00 01 01 00 00 00 10 27 00 01 01 00 00 00 10 27 00 01 01 00 00 00 10 27 00 01 01 00 00 00 10 27 00 01 01 00 00 00 10 27 00 01 01 00 00 00 10 27 00 01 01 00 00 00 10 27 00 01 01 00 00 00 10 27 00 01 01 00 00 00 10 27 00 01 01 00 00 00 10 27 00 01 01 00 00 00 10 27 00 01 01 00 00 00 10 27 00 01 01 00 00 00 10 27 00 01 01 00 00 00 10 27 00 01 01 00 00 00 10 27 00 01 01 00 00 00 10 27 00 01 01 00 00 00 10 27 00 01 01 00 00 00 10 27 00 01 01 00 00 00 10 27 00 01 01 00 00 00 10 27 00 01 01 00 00 00 10 27 00 01 01 00 00 00 10 27 00 01 01 00 00 00 10 27 00 01 01 00 00 00 10 27 00 01 01 00 00 00 10 27 00 01 01 00 00 00 10 27 00 01 00 00 00 00 10 27 00 01 00 00 00 00 10 27 00 01 00 00 00 00 10 27 00 01 00 00 00 00 10 27 00 01 00 00 00 00 10 27 00 01 00 00 00 00 10 27 00 01 00 00 00 00 10 27 00 01 00 00 00 00 10 27 00 01 00 00 00 00 10 27 00 01 00 00 00 00 10 27 00 01 00 00 00 00 10 27 00 01 00 00 00 00 10 27 00 01 00 00 00 00 10 27 00 01 00 00 00 00 10 27 00 01 00 00 00 00 10 27 00 01 00 00 00 00 10 27 00 01 00 00 00 00 10 27 00 01 00 00 00 00 10 27 00 01 00 00 00 00 10 27 00 01 00 00 00 00 10 27 00 01 00 00 00 00 10 27 00 01 00 00 00 00 10 27 00 01 00 00 00 00 10 27 00 01 00 00 00 00 10 27 00 01 00 00 00 00 10 27 00 01 00 00 00 00 10 27 00 01 00 00 00 00 10 27 00 01 00 00 00 00 10 27 00 01 00 00 00 00 10 27 00 01 00 00 00 00 10 27 00 01 00 00 00 00 10 27 00 01 00 00 00 00 10 27 00 01 00 00 00 00 10 27 00 01 00 00 00 00 10 27 00 01 00 00 00 00 10 27 00 01 00 00 00 00 10 27 00 01 00 00 00 00 10 27 00 01 00 00 00 00 10 27 00 01 00 00 00 00 10 27 00 01 00 00 00 00 10 27 00 01 00 00 00 00 10 27 00 01 00 00 00 00 10 27 00 01 00 00 00 00 10 27 00 01 00 00 00 00 10 27 00 01 00 00 00 00 10 27 00 01 00 00 00 00 10 27 00 01 00 00 00 00 10 27 00 01 00 00 00 00 10 27 00 01 00 00 00 00 10 27 00 01 00 00 00 00 10 27 00 01 00 00 00 00 10 27 00 01 00 00 00 00 10 27 00 01 00 00 00 00 10 27 00 01 00 00 00 00 10 27 00 01 00 00 00 00 10 27 00 01 00 00 00 00 10 27 00 01 00 00 00 00 10 27 00 01 00 00 00 00 10 27 00 01 00 00 00 00 10 27 00 01 00 00 00 00 10 27 00 01 00 00 00 00 10 27 00 01 00 00 00 00 10 27 00 01 00 00 00 00 10 27 00 01 00 00 00 00 10 27 00 01 00 00 00 00 10 27 00 01 00 00 00 00 10 27 00 01 00 00 00 00 10 27 00 01 00 00 00 00 10 27 00 01 00 00 00 00 10 27 00 01 00 00 00 00 10 27 00 01 00 00 00 00 10 27 00 01 00 00 00 00 10 27 00 01 00 00 00 00 10 27 00 01 00 00 00 00 10 27 00 01 00 00 00 00 10 27 00 01 00 00 00 00 10 27 00 01 00 00 00 00 10 27 00 01 00 00 00 00 10 27 00 01 00 00 00 00 10 27 00 01 00 00 00 00 10 27 00 01 00 00 00 00 10 27 00 01 00 00 00 00 10 27 00 01 00 00 00 00 10 27 00 01 00 00 00 00 10 27 00 01 00 00 00 00 10 27 00 01 00 00 00 00 10 27 00 01 00 00 00 00 10 27 00 01 00 00 00 00 10 27 00 01 00 00 00 00 10 27 00 01 00 00 00 00 10 27 00 01 00 00 00 00 10 27 00 01 00 00 00 00 10 27 00 01 00 00 00 00 10 27 00 01 00 00 00 00 10 27 00 01 00 00 00 00 10 27 00 01 00 00 00 00 10 27 00 01 00 00 00 00 10 27 00 01 00 00 00 00 10 27 00 01 00 00 00 00 10 27 00 01 00 00 00 00 10 27 00 01 00 00 00 00 10 27 00 01 00 00 00 00 10 27 00 01 00 00 00 00 10 27 00 01 00 00 00 00 10 27 00 01 02 00 00 00 10 27 00 01 02 00 00 00 10 27 00 01 02 00 00 00 10 27 00 01 02 00 00 00 10 27 00 01 01 00 00 00 10 27 00 01 01 00 00 00 10 27 00 01 01 00 00 00 10 27 00 01 01 00 00 00 10 27 00 01 01 00 00 00 10 27 00 01 01 00 00 00 10 27 00 01 01 00 00 00 10 27 00 01 01 00 00 00 10 27 00 01 01 00 00 00 10 27 00 01 01 00 00 00 10 27 00 01 01 00 00 00 10 27 00 01 01 00 00 00 10 27 00 01 01 00 00 00 10 27 00 01 01 00 00 00 10 27 00 01 01 00 00 00 10 27 00 01 01 00 00 00 10 27 00 01 01 00 00 00 10 27 00 01 01 00 00 00 10 27 00 01 01 00 00 00 10 27 00 01 01 00 00 00 10 27 00 01 01 00 00 00 10 27 00 01 01 00 00 00 10 27 00 01 01 00 00 00 10 27 00 01 01 00 00 00 10 27 00 01 01 00 00 00 10 27 00 01 01 00 00 00 10 27 00 01 01 00 00 00 10 27 00 01 01 00 00 00 10 27 00 01 01 00 00 00 10 27 00 01 01 00 00 00 10 27 00 01 01 00 00 00 10 27 00 01 01 00 00 00 10 27 00 01 00 00 00 00 10 27 00 01 00 00 00 00 10 27 00 01 00 00 00 00 10 27 00 01 00 00 00 00 10 27 00 01 00 00 00 00 10 27 00 01 00 00 00 00 10 27 00 01 00 00 00 00 10 27 00 01 00 00 00 00 10 27 00 01 00 00 00 00 10 27 00 01 00 00 00 00 10 27 00 01 00 00 00 00 10 27 00 01 00 00 00 00 10 27 00 01 00 00 00 00 10 27 00 01 00 00 00 00 10 27 00 01 00 00 00 00 10 27 00 01 00 00 00 00 10 27 00 01 00 00 00 00 10 27 00 01 00 00 00 00 10 27 00 01 00 00 00 00 10 27 00 01 00 00 00 00 10 27 00 01 00 00 00 00 10 27 00 01 00 00 00 00 10 27 00 01 00 00 00 00 10 27 00 01 00 00 00 00 10 27 00 01 00 00 00 00 10 27 00 01 00 00 00 00 10 27 00 01 00 00 00 00 10 27 00 01 00 00 00 00 10 27 00 01 00 00 00 00 10 27 00 01 00 00 00 00 10 27 00 01 00 00 00 00 10 27 00 01 00 00 00 00 10 27 00 01 00 00 00 00 10 27 00 01 00 00 00 00 10 27 00 01 00 00 00 00 10 27 00 01 00 00 00 00 10 27 00 01 00 00 00 00 10 27 00 01 00 00 00 00 10 27 00 01 00 00 00 00 10 27 00 01 00 00 00 00 10 27 00 01 00 00 00 00 10 27 00 01 00 00 00 00 10 27 00 01 00 00 00 00 10 27 00 01 00 00 00 00 10 27 00 01 00 00 00 00 10 27 00 01 00 00 00 00 10 27 00 01 00 00 00 00 10 27 00 01 00 00 00 00 10 27 00 01 00 00 00 00 10 27 00 01 00 00 00 00 10 27 00 01 00 00 00 00 10 27 00 01 00 00 00 00 10 27 00 01 00 00 00 00 10 27 00 01 00 00 00 00 10 27 00 01 00 00 00 00 10 27 00 01 00 00 00 00 10 27 00 01 00 00 00 00 10 27 00 01 00 00 00 00 10 27 00 01 00 00 00 00 10 27 00 01 00 00 00 00 10 27 00 01 00 00 00 00 10 27 00 01 00 00 00 00 10 27 00 01 00 00 00 00 10 27 00 01 00 00 00 00 10 27 00 01 00 00 00 00 10 27 00 01 00 00 00 00 10 27 00 01 00 00 00 00 10 27 00 01 00 00 00 00 10 27 00 01 00 00 00 00 10 27 00 01 00 00 00 00 10 27 00 01 00 00 00 00 10 27 00 01 00 00 00 00 10 27 00 01 00 00 00 00 10 27 00 01 00 00 00 00 10 27 00 01 00 00 00 00 10 27 00 01 00 00 00 00 10 27 00 01 00 00 00 00 10 27 00 01 00 00 00 00 10 27 00 01 00 00 00 00 10 27 00 01 00 00 00 00 10 27 00 01 00 00 00 00 10 27 00 01 00 00 00 00 10 27 00 01 00 00 00 00 10 27 00 01 00 00 00 00 10 27 00 01 00 00 00 00 10 27 00 01 00 00 00 00 10 27 00 01 00 00 00 00 10 27 00 01 00 00 00 00 10 27 00 01 00 00 00 00 10 27 00 01 00 00 00 00 10 27 00 01 00 00 00 00 10 27 00 01 00 00 00 00 10 27 00 01 00 00 00 00 10 27 00 01 00 00 00 00 10 27 00 01 00 00 00 00 10 27 00 01 00 00 00 00 10 27 00 01 00 00 00 00 10 27 00 01 00 00 00 00 10 27 00 01 00 00 00 00 10 27 00 01 00 00 00 00 10 27 00 01 00 00 00 00 10 27 00 01 00 00 00 00 10 27 00 01 00 00 00 00 10 27 00 01 00 00 00 00 10 27 00 01 02 00 00 00 10 27 00 01 02 00 00 00 10 27 00 01 02 00 00 00 10 27 00 01 02 00 00 00 10 27 00 01 01 00 00 00 10 27 00 01 01 00 00 00 10 27 00 01 01 00 00 00 10 27 00 01 01 00 00 00 10 27 00 01 01 00 00 00 10 27 00 01 01 00 00 00 10 27 00 01 01 00 00 00 10 27 00 01 01 00 00 00 10 27 00 01 01 00 00 00 10 27 00 01 01 00 00 00 10 27 00 01 01 00 00 00 10 27 00 01 01 00 00 00 10 27 00 01 01 00 00 00 10 27 00 01 01 00 00 00 10 27 00 01 01 00 00 00 10 27 00 01 01 00 00 00 10 27 00 01 01 00 00 00 10 27 00 01 01 00 00 00 10 27 00 01 01 00 00 00 10 27 00 01 01 00 00 00 10 27 00 01 01 00 00 00 10 27 00 01 01 00 00 00 10 27 00 01 01 00 00 00 10 27 00 01 01 00 00 00 10 27 00 01 01 00 00 00 10 27 00 01 01 00 00 00 10 27 00 01 01 00 00 00 10 27 00 01 01 00 00 00 10 27 00 01 01 00 00 00 10 27 00 01 01 00 00 00 10 27 00 01 01 00 00 00 10 27 00 01 01 00 00 00 01 00 00 04 7f 00 00 01 01 02 00 02 c3 5b 00 00 01 1e 00 01 1e 00 00 00 01 1f 00 01 03 00 00 00 01 20 00 01 0a 00 00 00 f0 02 00 04 00 00 07 e0 
avril 29 17:28:40 *** have tag 1001, idx 0
avril 29 17:28:40 *** have tag 1002, idx 1
avril 29 17:28:40 *** have tag 1005, idx 4
avril 29 17:28:40 *** have tag 1006, idx 5
avril 29 17:28:40 *** have tag 1007, idx 6
avril 29 17:28:40 *** have tag 100a, idx 9
avril 29 17:28:40 *** have tag 100c, idx 11
avril 29 17:28:40 *** have tag 100d, idx 12
avril 29 17:28:40 *** have tag 100e, idx 13
avril 29 17:28:40 *** have tag 100f, idx 14
avril 29 17:28:40 *** have tag 1010, idx 15
avril 29 17:28:40 *** have tag 1011, idx 16
avril 29 17:28:40 *** have tag 1012, idx 17
avril 29 17:28:40 *** have tag 1013, idx 18
avril 29 17:28:40 *** have tag 1014, idx 19
avril 29 17:28:40 *** have tag 1029, idx 20
avril 29 17:28:40 *** have tag 101b, idx 27
avril 29 17:28:40 *** have tag 101d, idx 29
avril 29 17:28:40 *** have tag 101f, idx 31
avril 29 17:28:40 *** have tag 1020, idx 32
avril 29 17:28:40 *** have tag 1026, idx 38
avril 29 17:28:40 *** have tag 100, idx 41
avril 29 17:28:40 *** have tag 102, idx 43
avril 29 17:28:40 *** have tag 11e, idx 44
avril 29 17:28:40 *** have tag 11f, idx 45
avril 29 17:28:40 *** have tag 120, idx 46
avril 29 17:28:40 [PNF] vnf p7 0.1.4.0:50011
avril 29 17:28:40 carrier_config
avril 29 17:28:40   bw t 4097 l 2 v 40
avril 29 17:28:40   freq t 4098 l 4 v 3600120
avril 29 17:28:40   dl_k0[0] t 0 l 0 v 0
avril 29 17:28:40   dl_k0[1] t 4099 l 10 v 0
avril 29 17:28:40   dl_k0[2] t 0 l 0 v 0
avril 29 17:28:40   dl_k0[3] t 0 l 0 v 0
avril 29 17:28:40   dl_k0[4] t 0 l 0 v 0
avril 29 17:28:40   dl_grid_size[0] t 0 l 0 v 0
avril 29 17:28:40   dl_grid_size[1] t 4100 l 10 v 106
avril 29 17:28:40   dl_grid_size[2] t 0 l 0 v 0
avril 29 17:28:40   dl_grid_size[3] t 0 l 0 v 0
avril 29 17:28:40   dl_grid_size[4] t 0 l 0 v 0
avril 29 17:28:40   num_tx_ant t 4101 l 2 v 1
avril 29 17:28:40   uplink_bandwidth t 4102 l 2 v 40
avril 29 17:28:40   uplink_frequency t 4103 l 4 v 3600120
avril 29 17:28:40   ul_k0[0] t 0 l 0 v 0
avril 29 17:28:40   ul_k0[1] t 4104 l 10 v 0
avril 29 17:28:40   ul_k0[2] t 0 l 0 v 0
avril 29 17:28:40   ul_k0[3] t 0 l 0 v 0
avril 29 17:28:40   ul_k0[4] t 0 l 0 v 0
avril 29 17:28:40   ul_grid_size[0] t 0 l 0 v 0
avril 29 17:28:40   ul_grid_size[1] t 4105 l 10 v 106
avril 29 17:28:40   ul_grid_size[2] t 0 l 0 v 0
avril 29 17:28:40   ul_grid_size[3] t 0 l 0 v 0
avril 29 17:28:40   ul_grid_size[4] t 0 l 0 v 0
avril 29 17:28:40   num_rx_ant t 4106 l 2 v 1
avril 29 17:28:40   frequency_shift_7p5khz t 0 l 0 v 0
avril 29 17:28:40 prach_config
avril 29 17:28:40   prach_sequence_length t 4113 l 1 v 1
avril 29 17:28:40   prach_sub_c_spacing t 4114 l 1 v 1
avril 29 17:28:40   restricted_set_config t 4115 l 1 v 0
avril 29 17:28:40   num_prach_fd_occasions t 4116 l 1 v 1
avril 29 17:28:40   prach_ConfigurationIndex t 4137 l 1 v 98
avril 29 17:28:40     prach_root_sequence_index t 4117 l 2 v 1
avril 29 17:28:40     num_root_sequences t 4118 l 1 v 16
avril 29 17:28:40     k1 t 4119 l 2 v 0
avril 29 17:28:40     prach_zero_corr_conf t 4120 l 1 v 13
avril 29 17:28:40     num_unused_root_sequences t 4121 l 2 v 0
avril 29 17:28:40   ssb_per_rach t 4123 l 1 v 3
avril 29 17:28:40   prach_multiple_carriers_in_a_band t 0 l 0 v 0
avril 29 17:28:40 [PNF] Received NFAPI_CONFIG_REQ phy_id:1
avril 29 17:28:40 
avril 29 17:28:40 Timing window tag: 286
avril 29 17:28:40 Phy_info:Timing window:30 NFAPI_CONFIG:timing_window:30
avril 29 17:28:40 timing info mode:3
avril 29 17:28:40 timing info period provided value:10
avril 29 17:28:40 10282796447 [E] 1339835968: nr_config_request: nr_config_request() NFAPI_NR_CONFIG_DL_BANDWIDTH_TAG N_RB_DL:40
avril 29 17:28:40 1714404520.839559 [PHY]   DL frequency 3619200000 Hz, UL frequency 3619200000 Hz: band 48, uldl offset 0 Hz
avril 29 17:28:40 [0m[32m1714404520.839562 [PHY]   Configuring MIB for instance 0, : (Nid_cell 0,DL freq 3619200000, UL freq 3619200000)
avril 29 17:28:40 [0m1714404520.839564 [PHY]   Initializing frame parms for mu 1, N_RB 106, Ncp 0
avril 29 17:28:40 [0m[93m1714404520.839566 [PHY]   Init: N_RB_DL 106, first_carrier_offset 1412, nb_prefix_samples 144,nb_prefix_samples0 176, ofdm_symbol_size 2048
avril 29 17:28:40 [0m1714404520.839700 [PHY]   gNB 0 configured
avril 29 17:28:40 [0m1714404520.839702 [PHY]   fp->scs=30000
avril 29 17:28:40 [0m1714404520.839703 [PHY]   fp->ofdm_symbol_size=2048
avril 29 17:28:40 [0m1714404520.839704 [PHY]   fp->nb_prefix_samples0=176
avril 29 17:28:40 [0m1714404520.839705 [PHY]   fp->nb_prefix_samples=144
avril 29 17:28:40 [0m1714404520.839706 [PHY]   fp->slots_per_subframe=2
avril 29 17:28:40 [0m1714404520.839706 [PHY]   fp->samples_per_subframe_wCP=57344
avril 29 17:28:40 [0m1714404520.839708 [PHY]   fp->samples_per_frame_wCP=573440
avril 29 17:28:40 [0m1714404520.839708 [PHY]   fp->samples_per_subframe=61440
avril 29 17:28:40 [0m1714404520.839709 [PHY]   fp->samples_per_frame=614400
avril 29 17:28:40 [0m1714404520.839710 [PHY]   fp->dl_CarrierFreq=3619200000
avril 29 17:28:40 [0m1714404520.839711 [PHY]   fp->ul_CarrierFreq=3619200000
avril 29 17:28:40 [0m[PNF] CONFIG_REQUEST[num_tlv:151] TLVs processed:6
avril 29 17:28:40 [PNF] Simulating PHY CONFIG
avril 29 17:28:40 DL frequency 3619200000: band 48, UL frequency 3619200000
avril 29 17:28:40 [PNF] 1 vnf p7 127.0.0.1:50011 timing 30 3 10
avril 29 17:28:40 [PNF] Sent NFAPI_PNF_CONFIG_RESPONSE phy_id:1
avril 29 17:28:40 10282796657 [I] 1339835968: pnf_nr_handle_start_request: pnf_nr_handle_start_request() START.request received state:2
avril 29 17:28:40 [PNF] Received NFAPI_START_REQ phy_id:1
avril 29 17:28:40 [PNF] P7 remote:127.0.0.1:50011 local:127.0.0.1:50010
avril 29 17:28:40 subframe_buffer_size configured using phy_info->timing_window:30
avril 29 17:28:40 10282835922 [I] 1339835968: nr_start_request: [PNF] Creating P7 thread nr_start_request
avril 29 17:28:40 10282838297 [I] 1339835968: nr_start_request: [PNF] Calling l1_north_init_eNB() nr_start_request
avril 29 17:28:40 1714404520.881415 [PHY]   l1_north_init_gNB() RC.nb_nr_L1_inst:1
avril 29 17:28:40 [0m10282838301 [I] 1331443264: pnf_nr_p7_thread_start: [NR_PNF] NR P7 THREAD pnf_nr_p7_thread_start
avril 29 17:28:40 1714404520.881420 [PHY]   Installing callbacks for IF_Module - UL_indication
avril 29 17:28:40 [0m1714404520.881422 [PHY]   l1_north_init_gNB() RC.gNB[0] installing callbacks
avril 29 17:28:40 [0mCalling sched_setscheduler(79)
avril 29 17:28:40 10282838315 [I] 1339835968: nr_start_request: [PNF] HACK - Set p7_config global ready for subframe indnr_start_request
avril 29 17:28:40 10282838320 [I] 1331443264: nfapi_nr_pnf_p7_start: nfapi_nr_pnf_p7_start
avril 29 17:28:40 10282838336 [I] 1331443264: pnf_nr_p7_message_pump: PNF P7 socket created (99)...
avril 29 17:28:40 10282838344 [I] 1331443264: pnf_nr_p7_message_pump: PNF P7 binding 99 too 127.0.0.1:50010
avril 29 17:28:40 10282838350 [I] 1331443264: pnf_nr_p7_message_pump: PNF P7 bind succeeded...
avril 29 17:28:40 1714404520.889248 [PHY]   RU GPIO control set as 'generic'
avril 29 17:28:40 [0m1714404520.889254 [PHY]   Setting clock source to internal
avril 29 17:28:40 [0m1714404520.889255 [PHY]   Setting time source to internal
avril 29 17:28:40 [0m1714404520.889276 [PHY]   number of L1 instances 1, number of RU 1, number of CPU cores 12
avril 29 17:28:40 [0m1714404520.889278 [PHY]   Copying frame parms from gNB in RC to gNB 0 in ru 0 and frame_parms in ru
avril 29 17:28:40 [0m1714404520.889586 [PHY]   Initialized RU proc 0 (,synch_to_ext_device),
avril 29 17:28:40 [0m1714404520.889589 [PHY]   RU Thread pool size 2
avril 29 17:28:40 [0m1714404520.889590 [PHY]   RU thread-pool core string -1,-1
avril 29 17:28:40 [0m1714404520.889597 [UTIL]   Creating thread Tpool0_-1 with affinity -1 and priority 97
avril 29 17:28:40 [0m1714404520.890788 [UTIL]   threadCreate for Tpool0_-1, affinity ffffffff, priority 97
avril 29 17:28:40 [0m1714404520.892944 [UTIL]   Creating thread Tpool1_-1 with affinity -1 and priority 97
avril 29 17:28:40 [0m1714404520.894213 [UTIL]   threadCreate for Tpool1_-1, affinity ffffffff, priority 97
avril 29 17:28:40 [0m1714404520.896584 [UTIL]   Creating thread ru_thread with affinity -1 and priority 97
avril 29 17:28:40 [0m1714404520.897774 [UTIL]   threadCreate for ru_thread, affinity ffffffff, priority 97
avril 29 17:28:40 [0m1714404520.900124 [PHY]   Starting RU 0 (,synch_to_ext_device) on cpu 2
avril 29 17:28:40 [0m1714404520.900131 [PHY]   Initializing frame parms for mu 1, N_RB 106, Ncp 0
avril 29 17:28:40 [0m[93m1714404520.900133 [PHY]   Init: N_RB_DL 106, first_carrier_offset 1412, nb_prefix_samples 144,nb_prefix_samples0 176, ofdm_symbol_size 2048
avril 29 17:28:40 [0m1714404520.900135 [PHY]   fp->scs=30000
avril 29 17:28:40 [0m1714404520.900136 [PHY]   fp->ofdm_symbol_size=2048
avril 29 17:28:40 [0m1714404520.900137 [PHY]   fp->nb_prefix_samples0=176
avril 29 17:28:40 [0m1714404520.900137 [PHY]   fp->nb_prefix_samples=144
avril 29 17:28:40 [0m1714404520.900138 [PHY]   fp->slots_per_subframe=2
avril 29 17:28:40 [0m1714404520.900138 [PHY]   fp->samples_per_subframe_wCP=57344
avril 29 17:28:40 [0m1714404520.900139 [PHY]   fp->samples_per_frame_wCP=573440
avril 29 17:28:40 [0m1714404520.900139 [PHY]   fp->samples_per_subframe=61440
avril 29 17:28:40 [0m1714404520.900140 [PHY]   fp->samples_per_frame=614400
avril 29 17:28:40 [0m1714404520.900140 [PHY]   fp->dl_CarrierFreq=3619200000
avril 29 17:28:40 [0m1714404520.900141 [PHY]   fp->ul_CarrierFreq=3619200000
avril 29 17:28:40 [0m1714404520.900141 [PHY]   Initializing RU signal buffers (if_south local RF) nb_tx 1, nb_rx 1
avril 29 17:28:40 [0m1714404520.900741 [PHY]   [INIT] common.txdata[0] = 0x72474d367040 (2458880 bytes,sf_extension 320)
avril 29 17:28:40 [0m1714404520.900745 [PHY]   [INIT] common.txdata[0] = 0x72474d367540 
avril 29 17:28:40 [0m1714404520.901299 [PHY]   nb_tx 1
avril 29 17:28:40 [0m1714404520.901507 [PHY]   rxdata_7_5kHz[0] 0x72474d01d040 for RU 0
avril 29 17:28:40 [0m1714404520.902008 [PHY]   [INIT] common.txdata_BF= 0x724738000ac0 (8 bytes)
avril 29 17:28:40 [0m1714404520.902063 [PHY]   txdataF_BF[0] 0x724750cb8040 for RU 0
avril 29 17:28:40 [0m1714404520.902166 [PHY]   rxdataF[0] 0x724750c47040 for RU 0
avril 29 17:28:40 [0m1714404520.906088 [PHY]   [INIT] nr_phy_init_RU() ru->num_gNB:1 
avril 29 17:28:40 [0m1714404520.906609 [PHY]   Setting RF config for N_RB 106, NB_RX 1, NB_TX 1
avril 29 17:28:40 [0m1714404520.906613 [PHY]   tune_offset 0 Hz, sample_rate 61440000 Hz
avril 29 17:28:40 [0m1714404520.906618 [PHY]   Channel 0: setting tx_gain offset 0, tx_freq 3619200000 Hz
avril 29 17:28:40 [0m1714404520.906619 [PHY]   Channel 0: setting rx_gain offset 125, rx_freq 3619200000 Hz
avril 29 17:28:40 [0m[93m1714404520.906792 [HW]   sample_rate 61440000.000000
avril 29 17:28:40 [0m1714404520.906795 [HW]   Running as server waiting opposite rfsimulators to connect
avril 29 17:28:40 [0m1714404520.906867 [HW]   [RAU] has loaded RFSIMULATOR device.
avril 29 17:28:40 [0m1714404520.906869 [PHY]   RU 0 Setting N_TA_offset to 800 samples (factor 2.000000, UL Freq 3600120, N_RB 106, mu 1)
avril 29 17:28:40 [0m1714404520.906871 [PHY]   Signaling main thread that RU 0 is ready, sl_ahead 5
avril 29 17:28:45 [0m1714404525.881438 [PHY]   init_eNB_afterRU() RC.nb_nr_inst:0
avril 29 17:28:45 [0m1714404525.881449 [PHY]   RC.nb_nr_CC[inst:0]:0x72474fdc5010
avril 29 17:28:45 [0m1714404525.881451 [PHY]   [gNB 0] phy_init_nr_gNB() About to wait for gNB to be configured
avril 29 17:28:46 [0m1714404526.087692 [PHY]   Initialise nr transport
avril 29 17:28:46 [0m1714404526.352504 [PHY]   Mapping RX ports from 1 RUs to gNB 0
avril 29 17:28:46 [0m1714404526.352517 [PHY]   gNB->num_RU:1
avril 29 17:28:46 [0m1714404526.352519 [PHY]   Attaching RU 0 antenna 0 to gNB antenna 0
avril 29 17:28:46 [0m1714404526.352525 [UTIL]   Creating thread Tpool0_-1 with affinity -1 and priority 97
avril 29 17:28:46 [0m1714404526.353708 [UTIL]   threadCreate for Tpool0_-1, affinity ffffffff, priority 97
avril 29 17:28:46 [0m1714404526.355122 [UTIL]   Creating thread Tpool1_-1 with affinity -1 and priority 97
avril 29 17:28:46 [0m1714404526.356142 [UTIL]   threadCreate for Tpool1_-1, affinity ffffffff, priority 97
avril 29 17:28:46 [0m1714404526.357477 [UTIL]   Creating thread Tpool2_-1 with affinity -1 and priority 97
avril 29 17:28:46 [0m1714404526.358400 [UTIL]   threadCreate for Tpool2_-1, affinity ffffffff, priority 97
avril 29 17:28:46 [0m1714404526.359748 [UTIL]   Creating thread Tpool3_-1 with affinity -1 and priority 97
avril 29 17:28:46 [0m1714404526.360668 [UTIL]   threadCreate for Tpool3_-1, affinity ffffffff, priority 97
avril 29 17:28:46 [0m1714404526.361995 [UTIL]   Creating thread Tpool4_-1 with affinity -1 and priority 97
avril 29 17:28:46 [0m1714404526.362881 [UTIL]   threadCreate for Tpool4_-1, affinity ffffffff, priority 97
avril 29 17:28:46 [0m1714404526.364224 [UTIL]   Creating thread Tpool5_-1 with affinity -1 and priority 97
avril 29 17:28:46 [0m1714404526.365106 [UTIL]   threadCreate for Tpool5_-1, affinity ffffffff, priority 97
avril 29 17:28:46 [0m1714404526.366423 [UTIL]   Creating thread Tpool6_-1 with affinity -1 and priority 97
avril 29 17:28:46 [0m1714404526.367292 [UTIL]   threadCreate for Tpool6_-1, affinity ffffffff, priority 97
avril 29 17:28:46 [0m1714404526.368625 [UTIL]   Creating thread Tpool7_-1 with affinity -1 and priority 97
avril 29 17:28:46 [0m1714404526.369492 [UTIL]   threadCreate for Tpool7_-1, affinity ffffffff, priority 97
avril 29 17:28:46 [0m1714404526.370843 [UTIL]   Creating thread L1_rx_thread with affinity -1 and priority 97
avril 29 17:28:46 [0m1714404526.371735 [UTIL]   threadCreate for L1_rx_thread, affinity ffffffff, priority 97
avril 29 17:28:46 [0m1714404526.373069 [UTIL]   Creating thread L1_tx_thread with affinity -1 and priority 97
avril 29 17:28:46 [0m1714404526.373926 [UTIL]   threadCreate for L1_tx_thread, affinity ffffffff, priority 97
avril 29 17:28:46 [0m1714404526.382321 [UTIL]   Creating thread L1_stats with affinity -1 and priority 1
avril 29 17:28:46 [0m1714404526.383416 [UTIL]   threadCreate for L1_stats, affinity ffffffff, priority 1
avril 29 17:28:46 [0m1714404526.384818 [PHY]   Waiting for RUs to be configured ... RC.ru_mask:00
avril 29 17:28:46 [0m1714404526.384832 [PHY]   RUs configured
avril 29 17:28:46 [0mgNB L1 are configured
avril 29 17:28:46 About to Init RU threads RC.nb_RU:1
avril 29 17:28:46 Initializing RU threads
avril 29 17:28:46 configuring RU from file
avril 29 17:28:46 [LIBCONFIG] RUs.[0]: 43/43 parameters successfully set, (34 to default value)
avril 29 17:28:46 Set RU mask to 1
avril 29 17:28:46 Creating RC.ru[0]:0x61c10b0c44f0
avril 29 17:28:46 Setting function for RU 0 to gNodeB_3GPP
avril 29 17:28:46 [RU 0] Setting nr_flag 0, nr_band 78, nr_scs_for_raster 1
avril 29 17:28:46 [RU 0] Setting half-slot parallelization to 1
avril 29 17:28:46 configuring ru_id 0 (start_rf 0x61c106fdcef0)
avril 29 17:28:46 create a thread for core -1
avril 29 17:28:46 create a thread for core -1
avril 29 17:28:46 waiting for NFAPI PNF connection and population of global structure (main?)
avril 29 17:28:46 [LIBCONFIG] device.recplay: 8/8 parameters successfully set, (8 to default value)
avril 29 17:28:46 [LIBCONFIG] device: 1/1 parameters successfully set, (1 to default value)
avril 29 17:28:46 [LIBCONFIG] loader: 2/2 parameters successfully set, (2 to default value)
avril 29 17:28:46 [LIBCONFIG] loader.rfsimulator: 2/2 parameters successfully set, (1 to default value)
avril 29 17:28:46 shlib_path librfsimulator.so
avril 29 17:28:46 [LOADER] library librfsimulator.so successfully loaded
avril 29 17:28:46 [LIBCONFIG] rfsimulator: 9/9 parameters successfully set, (8 to default value)
avril 29 17:28:46 Initializing random number generator, seed 8241594140639228948
avril 29 17:28:46 setup_RU_buffers: frame_parms = 0x7247502af010
avril 29 17:28:46 waiting for sync (ru_thread,-1/0x61c107b830b4,0x61c108425fc0,0x61c108425f80)
avril 29 17:28:46 [PNF] waiting for OAI to be configured (eNB/RU)
avril 29 17:28:46 [PNF] OAI eNB/RU configured
avril 29 17:28:46 [PNF] About to call init_eNB_afterRU()
avril 29 17:28:46 [LIBCONFIG] loader.dfts: 2/2 parameters successfully set, (1 to default value)
avril 29 17:28:46 shlib_path libdfts.so
avril 29 17:28:46 [LOADER] library libdfts.so successfully loaded
avril 29 17:28:46 [LIBCONFIG] loader.ldpc: 2/2 parameters successfully set, (1 to default value)
avril 29 17:28:46 shlib_path libldpc.so
avril 29 17:28:46 [LOADER] library libldpc.so successfully loaded
avril 29 17:28:46 create a thread for core -1
avril 29 17:28:46 create a thread for core -1
avril 29 17:28:46 create a thread for core -1
avril 29 17:28:46 create a thread for core -1
avril 29 17:28:46 create a thread for core -1
avril 29 17:28:46 create a thread for core -1
avril 29 17:28:46 create a thread for core -1
avril 29 17:28:46 create a thread for core -1
avril 29 17:28:46 waiting for sync (L1_stats_thread,-1/0x61c107b830b4,0x61c108425fc0,0x61c108425f80)
avril 29 17:28:46 [PNF] Sending PNF_START_RESP
avril 29 17:28:46 Sending NFAPI_START_RESPONSE config:0x61c10b0bf660 phy_id:1
avril 29 17:28:46 NFAPI: got sync (main?)
avril 29 17:28:46 wait RUs
avril 29 17:28:46 [PNF] Sending first P7 slot indication
avril 29 17:28:46 [PNF] Sent first P7 slot ind
avril 29 17:28:46 ALL RUs READY!
avril 29 17:28:46 RC.nb_RU:1
avril 29 17:28:46 ALL RUs ready - init gNBs
avril 29 17:28:46 NFAPI mode - DO NOT call init_gNB_afterRU()
avril 29 17:28:46 ALL RUs ready - ALL gNBs ready
avril 29 17:28:46 Sending sync to all threads
avril 29 17:28:46 Entering ITTI signals handler
avril 29 17:28:46 TYPE <CTRL-C> TO TERMINATE
avril 29 17:28:46 got sync (L1_stats_thread)
avril 29 17:28:46 got sync (ru_thread)
avril 29 17:28:46 [93m1714404526.384874 [HW]   running command "/sbin/sysctl -n -e -q -w net.core.rmem_default=134217728" to increase RFsim performance
avril 29 17:28:46 [0m[93m1714404526.385724 [HW]   running command "/sbin/sysctl -n -e -q -w net.core.rmem_max=134217728" to increase RFsim performance
avril 29 17:28:46 [0m[93m1714404526.386363 [HW]   running command "/sbin/sysctl -n -e -q -w net.core.wmem_default=134217728" to increase RFsim performance
avril 29 17:28:46 [0m[93m1714404526.386980 [HW]   running command "/sbin/sysctl -n -e -q -w net.core.wmem_max=134217728" to increase RFsim performance
avril 29 17:28:46 [0m1714404526.387575 [PHY]   RU 0 rf device ready
avril 29 17:28:46 [0m1714404526.387579 [PHY]   RU 0 RF started opp_enabled 0
avril 29 17:28:46 [0m[93m1714404526.387582 [HW]   No connected device, generating void samples...
avril 29 17:28:46 [0m10288381166 [N] 1331443264: pnf_nr_nfapi_p7_read_dispatch_message: reallocing rx buffer 42
avril 29 17:28:46 10288382552 [N] 1331443264: pnf_nr_nfapi_p7_read_dispatch_message: reallocing rx buffer 195
avril 29 17:28:46 1714404526.503919 [HW]   A client connects, sending the current time
avril 29 17:29:23 [0m
avril 29 17:29:23 ** Caught SIGTERM, shutting down
avril 29 17:29:23 1714404563.250800 [PHY]   Killing gNB 0 processing threads
avril 29 17:29:23 [0mReturned from ITTI signal handler
avril 29 17:29:23 oai_exit=1
avril 29 17:29:23 Exiting ru_thread 
avril 29 17:29:23 10325227266 [W] 1339835968: pnf_nr_read_dispatch_message: sctp_recvmsg: unhandled mode with flags 0x0
avril 29 17:29:23 10325227280 [W] 1339835968: pnf_nr_read_dispatch_message: Disconnected socket
avril 29 17:29:23 1714404563.396247 [PHY]   Stopping RU 0 processing threads
avril 29 17:29:23 [0m1714404563.396324 [PHY]   RU 0 RF device stopped
avril 29 17:29:23 [0m1714404563.396328 [PHY]   Freeing RU signal buffers (if_south local RF) nb_tx 1
avril 29 17:29:23 [0mBye.
