mai 02 14:16:44 1714652204.559081 [HW]   # /dev/cpu_dma_latency set to 2 us
mai 02 14:16:44 [0m1714652204.574103 [ENB_APP]   nfapi running mode: VNF
mai 02 14:16:44 [0m1714652204.574112 [GNB_APP]   Getting GNBSParams
mai 02 14:16:45 [0m1714652205.574253 [ITTI]   Starting itti queue: TASK_UNKNOWN as task 0
mai 02 14:16:45 [0m1714652205.574277 [ITTI]   Starting itti queue: TASK_TIMER as task 1
mai 02 14:16:45 [0m1714652205.574280 [ITTI]   Starting itti queue: TASK_L2L1 as task 2
mai 02 14:16:45 [0m1714652205.574282 [ITTI]   Starting itti queue: TASK_BM as task 3
mai 02 14:16:45 [0m1714652205.574287 [ITTI]   Starting itti queue: TASK_PHY_ENB as task 4
mai 02 14:16:45 [0m1714652205.574289 [ITTI]   Starting itti queue: TASK_MAC_GNB as task 5
mai 02 14:16:45 [0m1714652205.574292 [ITTI]   Starting itti queue: TASK_RLC_ENB as task 6
mai 02 14:16:45 [0m1714652205.574294 [ITTI]   Starting itti queue: TASK_RRC_ENB_NB_IoT as task 7
mai 02 14:16:45 [0m1714652205.574296 [ITTI]   Starting itti queue: TASK_PDCP_ENB as task 8
mai 02 14:16:45 [0m1714652205.574298 [ITTI]   Starting itti queue: TASK_PDCP_GNB as task 9
mai 02 14:16:45 [0m1714652205.574300 [ITTI]   Starting itti queue: TASK_DATA_FORWARDING as task 10
mai 02 14:16:45 [0m1714652205.574302 [ITTI]   Starting itti queue: TASK_END_MARKER as task 11
mai 02 14:16:45 [0m1714652205.574305 [ITTI]   Starting itti queue: TASK_RRC_ENB as task 12
mai 02 14:16:45 [0m1714652205.574313 [ITTI]   Starting itti queue: TASK_RRC_GNB as task 13
mai 02 14:16:45 [0m1714652205.574315 [ITTI]   Starting itti queue: TASK_RAL_ENB as task 14
mai 02 14:16:45 [0m1714652205.574317 [ITTI]   Starting itti queue: TASK_S1AP as task 15
mai 02 14:16:45 [0m1714652205.574319 [ITTI]   Starting itti queue: TASK_NGAP as task 16
mai 02 14:16:45 [0m1714652205.574321 [ITTI]   Starting itti queue: TASK_X2AP as task 17
mai 02 14:16:45 [0m1714652205.574329 [ITTI]   Starting itti queue: TASK_M2AP_ENB as task 18
mai 02 14:16:45 [0m1714652205.574332 [ITTI]   Starting itti queue: TASK_M2AP_MCE as task 19
mai 02 14:16:45 [0m1714652205.574335 [ITTI]   Starting itti queue: TASK_M3AP as task 20
mai 02 14:16:45 [0m1714652205.574338 [ITTI]   Starting itti queue: TASK_M3AP_MME as task 21
mai 02 14:16:45 [0m1714652205.574340 [ITTI]   Starting itti queue: TASK_M3AP_MCE as task 22
mai 02 14:16:45 [0m1714652205.574342 [ITTI]   Starting itti queue: TASK_SCTP as task 23
mai 02 14:16:45 [0m1714652205.574344 [ITTI]   Starting itti queue: TASK_ENB_APP as task 24
mai 02 14:16:45 [0m1714652205.574346 [ITTI]   Starting itti queue: TASK_GNB_APP as task 25
mai 02 14:16:45 [0m1714652205.574349 [ITTI]   Starting itti queue: TASK_MCE_APP as task 26
mai 02 14:16:45 [0m1714652205.574352 [ITTI]   Starting itti queue: TASK_MME_APP as task 27
mai 02 14:16:45 [0m1714652205.574355 [ITTI]   Starting itti queue: TASK_PHY_UE as task 28
mai 02 14:16:45 [0m1714652205.574358 [ITTI]   Starting itti queue: TASK_MAC_UE as task 29
mai 02 14:16:45 [0m1714652205.574363 [ITTI]   Starting itti queue: TASK_RLC_UE as task 30
mai 02 14:16:45 [0m1714652205.574366 [ITTI]   Starting itti queue: TASK_PDCP_UE as task 31
mai 02 14:16:45 [0m1714652205.574370 [ITTI]   Starting itti queue: TASK_RRC_UE as task 32
mai 02 14:16:45 [0m1714652205.574373 [ITTI]   Starting itti queue: TASK_RRC_NRUE as task 33
mai 02 14:16:45 [0m1714652205.574377 [ITTI]   Starting itti queue: TASK_NAS_UE as task 34
mai 02 14:16:45 [0m1714652205.574380 [ITTI]   Starting itti queue: TASK_RAL_UE as task 35
mai 02 14:16:45 [0m1714652205.574383 [ITTI]   Starting itti queue: TASK_GTPV1_U as task 36
mai 02 14:16:45 [0m1714652205.574386 [ITTI]   Starting itti queue: TASK_CU_F1 as task 37
mai 02 14:16:45 [0m1714652205.574389 [ITTI]   Starting itti queue: TASK_DU_F1 as task 38
mai 02 14:16:45 [0m1714652205.574394 [ITTI]   Starting itti queue: TASK_CUCP_E1 as task 39
mai 02 14:16:45 [0m1714652205.574396 [ITTI]   Starting itti queue: TASK_CUUP_E1 as task 40
mai 02 14:16:45 [0m1714652205.574399 [ITTI]   Starting itti queue: TASK_RRC_UE_SIM as task 41
mai 02 14:16:45 [0m1714652205.574403 [ITTI]   Starting itti queue: TASK_RRC_GNB_SIM as task 42
mai 02 14:16:45 [0m1714652205.574406 [ITTI]   Starting itti queue: TASK_RRC_NSA_UE as task 43
mai 02 14:16:45 [0m1714652205.574411 [ITTI]   Starting itti queue: TASK_RRC_NSA_NRUE as task 44
mai 02 14:16:45 [0m1714652205.574414 [ITTI]   Starting itti queue: TASK_NAS_NRUE as task 45
mai 02 14:16:45 [0m1714652205.574430 [OPT]   OPT disabled
mai 02 14:16:45 [0m1714652205.574432 [HW]   Version: Branch: nfapi-fixes-NTUST Abrev. Hash: b8613082b6 Date: Mon Apr 15 10:10:42 2024 +0200
mai 02 14:16:45 [0m1714652205.574517 [PHY]   create_gNB_tasks() Task ready initialize structures
mai 02 14:16:45 [0m1714652205.574554 [NR_PHY]   RC.gNB = 0x618264ac00b0
mai 02 14:16:45 [0m1714652205.574556 [PHY]   No prs_config configuration found..!!
mai 02 14:16:45 [0m1714652205.574629 [GNB_APP]   pdsch_AntennaPorts N1 1 N2 1 XP 1 pusch_AntennaPorts 1
mai 02 14:16:45 [0m1714652205.574630 [GNB_APP]   minTXRXTIME 6
mai 02 14:16:45 [0m1714652205.574631 [GNB_APP]   SIB1 TDA 1
mai 02 14:16:45 [0m1714652205.574632 [GNB_APP]   CSI-RS 0, SRS 0, 256 QAM may be on
mai 02 14:16:45 [0m1714652205.574749 [RRC]   Read in ServingCellConfigCommon (PhysCellId 0, ABSFREQSSB 641280, DLBand 78, ABSFREQPOINTA 640008, DLBW 106,RACH_TargetReceivedPower -96
mai 02 14:16:45 [0m1714652205.574751 [NR_MAC]   NR band duplex spacing is 0 KHz (nr_bandtable[37].band = 78)
mai 02 14:16:45 [0m1714652205.574753 [RRC]   absoluteFrequencySSB 641280 corresponds to 3619200000 Hz
mai 02 14:16:45 [0m1714652205.574754 [NR_MAC]   NR band duplex spacing is 0 KHz (nr_bandtable[37].band = 78)
mai 02 14:16:45 [0m1714652205.574756 [NR_MAC]   NR band 78, duplex mode TDD, duplex spacing = 0 KHz
mai 02 14:16:45 [0m1714652205.574757 [NR_MAC]   NR band duplex spacing is 0 KHz (nr_bandtable[37].band = 78)
mai 02 14:16:45 [0m1714652205.574758 [NR_MAC]   NR band 78, duplex mode TDD, duplex spacing = 0 KHz
mai 02 14:16:45 [0m1714652205.574882 [MAC]   [MAIN] Init function start:nb_nr_macrlc_inst=1
mai 02 14:16:45 [0m1714652205.574897 [UTIL]   Creating thread MAC_STATS with affinity -1 and priority 2
mai 02 14:16:45 [0m1714652205.576219 [UTIL]   threadCreate for MAC_STATS, affinity ffffffff, priority 2
mai 02 14:16:45 [0m1714652205.585621 [PHY]   Installing callbacks for IF_Module - UL_indication
mai 02 14:16:45 [0m1714652205.585634 [MAC]   Allocating shared L1/L2 interface structure for instance 0 @ 0x618264adb1a0
mai 02 14:16:45 [0m1714652205.585643 [NR_MAC]   Configuring common parameters from NR ServingCellConfig
mai 02 14:16:45 [0m1714652205.585645 [NR_MAC]   DL_Bandwidth:40
mai 02 14:16:45 [0m1714652205.585647 [NR_MAC]   NR band duplex spacing is 0 KHz (nr_bandtable[37].band = 78)
mai 02 14:16:45 [0m1714652205.585649 [NR_MAC]   DL_Bandwidth:40
mai 02 14:16:45 [0m1714652205.585650 [NR_MAC]   NR band duplex spacing is 0 KHz (nr_bandtable[37].band = 78)
mai 02 14:16:45 [0m1714652205.585651 [NR_MAC]   NR band duplex spacing is 0 KHz (nr_bandtable[37].band = 78)
mai 02 14:16:45 [0m1714652205.585652 [NR_MAC]   NR band 78, duplex mode TDD, duplex spacing = 0 KHz
mai 02 14:16:45 [0m1714652205.585655 [NR_MAC]   ssb_OffsetPointA 86, ssb_SubcarrierOffset 0
mai 02 14:16:45 [0m1714652205.585656 [NR_MAC]   Set RX antenna number to 1, Set TX antenna number to 1 (num ssb 1: 80000000,0)
mai 02 14:16:45 [0m1714652205.585658 [NR_MAC]   Setting TDD configuration period to 6
mai 02 14:16:45 [0m1714652205.585662 [NR_MAC]   TDD has been properly configurated
mai 02 14:16:45 [0m1714652205.585679 [NR_MAC]   PUSCH Target 200, PUCCH Target 150, PUCCH Failure 10, PUSCH Failure 10
mai 02 14:16:45 [0m1714652205.585688 [ENB_APP]   nfapi running mode: VNF
mai 02 14:16:45 [0mCMDLINE: "./nr-softmodem" "-O" "../../../targets/PROJECTS/GENERIC-LTE-EPC/CONF/rcc.band78.tm1.106PRB.nfapi.conf" "--nfapi" "VNF" "--sa" "--log_config.global_log_options" "wall_clock" "--emulate-l1" 
mai 02 14:16:45 [CONFIG] get parameters from libconfig ../../../targets/PROJECTS/GENERIC-LTE-EPC/CONF/rcc.band78.tm1.106PRB.nfapi.conf [LIBCONFIG] Path for include directive set to: ../../../targets/PROJECTS/GENERIC-LTE-EPC/CONF
mai 02 14:16:45 [CONFIG] function config_libconfig_init returned 0
mai 02 14:16:45 [CONFIG] config module libconfig loaded
mai 02 14:16:45 [LIBCONFIG] config: 2/2 parameters successfully set, (2 to default value)
mai 02 14:16:45 [CONFIG] debug flags: 0x00000000
mai 02 14:16:45 [LIBCONFIG] log_config: 3/3 parameters successfully set, (1 to default value)
mai 02 14:16:45 [LIBCONFIG] log_config: 53/53 parameters successfully set, (52 to default value)
mai 02 14:16:45 [LIBCONFIG] log_config: 53/53 parameters successfully set, (53 to default value)
mai 02 14:16:45 [LIBCONFIG] log_config: 16/16 parameters successfully set, (16 to default value)
mai 02 14:16:45 [LIBCONFIG] log_config: 16/16 parameters successfully set, (16 to default value)
mai 02 14:16:45 log init done
mai 02 14:16:45 Reading in command-line options
mai 02 14:16:45 [LIBCONFIG] (root): 40/40 parameters successfully set, (37 to default value)
mai 02 14:16:45 [LIBCONFIG] (root): 6/6 parameters successfully set, (5 to default value)
mai 02 14:16:45 [LIBCONFIG] (root): 2/2 parameters successfully set, (0 to default value)
mai 02 14:16:45 [LIBCONFIG] list L1s not found in config file ../../../targets/PROJECTS/GENERIC-LTE-EPC/CONF/rcc.band78.tm1.106PRB.nfapi.conf 
mai 02 14:16:45 [LIBCONFIG] list RUs not found in config file ../../../targets/PROJECTS/GENERIC-LTE-EPC/CONF/rcc.band78.tm1.106PRB.nfapi.conf 
mai 02 14:16:45 [LIBCONFIG] list THREAD_STRUCT not found in config file ../../../targets/PROJECTS/GENERIC-LTE-EPC/CONF/rcc.band78.tm1.106PRB.nfapi.conf 
mai 02 14:16:45 [CONFIG] parallel_conf is set to 2
mai 02 14:16:45 [CONFIG] worker_conf is set to 1
mai 02 14:16:45 Configuration: nb_rrc_inst 1, nb_nr_L1_inst 0, nb_ru 0
mai 02 14:16:45 [LIBCONFIG] TTracer: 3/3 parameters successfully set, (3 to default value)
mai 02 14:16:45 configuring for RAU/RRU
mai 02 14:16:45 [LIBCONFIG] opt: 3/3 parameters successfully set, (3 to default value)
mai 02 14:16:45 [LIBCONFIG] gNBs.[0]: 30/30 parameters successfully set, (20 to default value)
mai 02 14:16:45 [LIBCONFIG] MACRLCs.[0]: 34/34 parameters successfully set, (24 to default value)
mai 02 14:16:45 [LIBCONFIG] list gNBs.[0].E1_INTERFACE not found in config file ../../../targets/PROJECTS/GENERIC-LTE-EPC/CONF/rcc.band78.tm1.106PRB.nfapi.conf 
mai 02 14:16:45 [LIBCONFIG] (root): 2/2 parameters successfully set, (0 to default value)
mai 02 14:16:45 [LIBCONFIG] gNBs.[0]: 30/30 parameters successfully set, (20 to default value)
mai 02 14:16:45 [LIBCONFIG] list prs_config not found in config file ../../../targets/PROJECTS/GENERIC-LTE-EPC/CONF/rcc.band78.tm1.106PRB.nfapi.conf 
mai 02 14:16:45 [LIBCONFIG] (root): 2/2 parameters successfully set, (0 to default value)
mai 02 14:16:45 [LIBCONFIG] gNBs.[0]: 30/30 parameters successfully set, (20 to default value)
mai 02 14:16:45 [LIBCONFIG] MACRLCs.[0]: 34/34 parameters successfully set, (24 to default value)
mai 02 14:16:45 [LIBCONFIG] gNBs.[0].servingCellConfigCommon.[0]: 60/60 parameters successfully set, (9 to default value)
mai 02 14:16:45 [LIBCONFIG] list gNBs.[0].servingCellConfigDedicated not found in config file ../../../targets/PROJECTS/GENERIC-LTE-EPC/CONF/rcc.band78.tm1.106PRB.nfapi.conf 
mai 02 14:16:45 [LIBCONFIG] gNBs.[0]: 30/30 parameters successfully set, (20 to default value)
mai 02 14:16:45 [LIBCONFIG] MACRLCs.[0]: 34/34 parameters successfully set, (24 to default value)
mai 02 14:16:45 [LIBCONFIG] list gNBs.[0].E1_INTERFACE not found in config file ../../../targets/PROJECTS/GENERIC-LTE-EPC/CONF/rcc.band78.tm1.106PRB.nfapi.conf 
mai 02 14:16:45 [LIBCONFIG] gNBs.[0]: 30/30 parameters successfully set, (20 to default value)
mai 02 14:16:45 [LIBCONFIG] MACRLCs.[0]: 34/34 parameters successfully set, (24 to default value)
mai 02 14:16:45 [LIBCONFIG] list gNBs.[0].E1_INTERFACE not found in config file ../../../targets/PROJECTS/GENERIC-LTE-EPC/CONF/rcc.band78.tm1.106PRB.nfapi.conf 
mai 02 14:16:45 **************** vnf_port:50001
mai 02 14:16:45 165837811369 [I] 4043694080: nfapi_trace_init: NFAPI_TRACE_LEVEL='info'
mai 02 14:16:45 165837811374 [I] 4043694080: configure_nr_nfapi_vnf: [VNF] configure_nr_nfapi_vnf() vnf.p7_vnfs[0].config:0x618264ae1550 VNF ADDRESS:127.0.0.1:50001
mai 02 14:16:45 165837811377 [I] 4043694080: configure_nr_nfapi_vnf: [VNF] Creating VNF NFAPI start thread configure_nr_nfapi_vnf
mai 02 14:16:45 165837814056 [I] 4043694080: configure_nr_nfapi_vnf: [VNF] Created VNF NFAPI start thread configure_nr_nfapi_vnf
mai 02 14:16:45 **************** RETURNED FROM configure_nfapi_vnf() vnf_port:50001
mai 02 14:16:45 [LIBCONFIG] (root): 2/2 parameters successfully set, (0 to default value)
mai 02 14:16:45 165837814075 [I] 3997152832: vnf_nr_start_thread: [VNF] VNF NFAPI thread - nfapi_vnf_start()vnf_nr_start_thread
mai 02 14:16:45 165837814113 [I] 3997152832: nfapi_nr_vnf_start: nfapi_nr_vnf_start()
mai 02 14:16:45 165837814115 [I] 3997152832: nfapi_nr_vnf_start: Starting P5 VNF connection on port 50001
mai 02 14:16:45 [LIBCONFIG] gNBs.[0]: 30/30 parameters successfully set, (20 to default value)
mai 02 14:16:45 165837814130 [I] 3997152832: nfapi_nr_vnf_start: P5 socket created... 99
mai 02 14:16:45 165837814132 [N] 3997152832: nfapi_nr_vnf_start: VNF Setting the SCTP_INITMSG
mai 02 14:16:45 165837814134 [I] 3997152832: nfapi_nr_vnf_start: IPV4 binding to port 50001
mai 02 14:16:45 165837814137 [I] 3997152832: nfapi_nr_vnf_start: bind succeeded..99.
mai 02 14:16:45 [93m1714652205.588473 [GNB_APP]   no slices transported via F1 Setup Request!
mai 02 14:16:45 [0m[LIBCONFIG] gNBs.[0].plmn_list.[0]: 3/3 parameters successfully set, (0 to default value)
mai 02 14:16:45 165837814154 [I] 3997152832: nfapi_nr_vnf_start: listen succeeded...
mai 02 14:16:45 1714652205.588479 [NR_RRC]   SIB1 freq: offsetToPointA 86
mai 02 14:16:45 [0m1714652205.588505 [NR_MAC]   NR band duplex spacing is 0 KHz (nr_bandtable[37].band = 78)
mai 02 14:16:45 [0m1714652205.588506 [NR_MAC]   NR band 78, duplex mode TDD, duplex spacing = 0 KHz
mai 02 14:16:45 [0m1714652205.588545 [GNB_APP]   F1AP: gNB idx 0 gNB_DU_id 3584, gNB_DU_name gNB-Eurecom-5GNRBox, TAC 1 MCC/MNC/length 1/1/2 cellID 12345678
mai 02 14:16:45 [0m1714652205.588547 [GNB_APP]   ngran_DU: Configuring Cell 0 for TDD
mai 02 14:16:45 [0m1714652205.588569 [PHY]   create_gNB_tasks() RC.nb_nr_L1_inst:0
mai 02 14:16:45 [0m1714652205.588570 [GNB_APP]   Allocating gNB_RRC_INST for 1 instances
mai 02 14:16:45 [0m1714652205.588688 [GNB_APP]   SDAP layer is disabled
mai 02 14:16:45 [0m1714652205.588690 [GNB_APP]   Data Radio Bearer count 1
mai 02 14:16:45 [0m1714652205.588752 [NR_RRC]   do_SIB23_NR, size 9 
mai 02 14:16:45  [0m1714652205.588909 [PDCP]   pdcp init,usegtp 
mai 02 14:16:45 [0m1714652205.588987 [GNB_APP]   default drx 0
mai 02 14:16:45 [0m1714652205.588991 [GNB_APP]   [gNB 0] gNB_app_register for instance 0
mai 02 14:16:45 [0m1714652205.588994 [UTIL]   Creating thread TASK_SCTP with affinity -1 and priority 50
mai 02 14:16:45 [0m1714652205.590149 [UTIL]   threadCreate for TASK_SCTP, affinity ffffffff, priority 50
mai 02 14:16:45 [0m1714652205.591695 [ITTI]   Created Posix thread TASK_SCTP
mai 02 14:16:45 [0m1714652205.591699 [X2AP]   X2AP is disabled.
mai 02 14:16:45 [0m1714652205.591719 [UTIL]   Creating thread TASK_NGAP with affinity -1 and priority 50
mai 02 14:16:45 [0m1714652205.592948 [UTIL]   threadCreate for TASK_NGAP, affinity ffffffff, priority 50
mai 02 14:16:45 [0m1714652205.594663 [ITTI]   Created Posix thread TASK_NGAP
mai 02 14:16:45 [0m1714652205.594667 [UTIL]   Creating thread TASK_GNB_APP with affinity -1 and priority 50
mai 02 14:16:45 [0m1714652205.594702 [NGAP]   Registered new gNB[0] and macro gNB id 3584
mai 02 14:16:45 [0m1714652205.594706 [NGAP]   [gNB 0] check the amf registration state
mai 02 14:16:45 [0m1714652205.595034 [NGAP]   3584 -> 0000e000
mai 02 14:16:45 [0m1714652205.596321 [UTIL]   threadCreate for TASK_GNB_APP, affinity ffffffff, priority 50
mai 02 14:16:45 [0m1714652205.597783 [ITTI]   Created Posix thread TASK_GNB_APP
mai 02 14:16:45 [0m1714652205.597787 [UTIL]   Creating thread TASK_RRC_GNB with affinity -1 and priority 50
mai 02 14:16:45 [0m1714652205.597878 [GNB_APP]   [gNB 0] Received NGAP_REGISTER_GNB_CNF: associated AMF 1
mai 02 14:16:45 [0m1714652205.598751 [UTIL]   threadCreate for TASK_RRC_GNB, affinity ffffffff, priority 50
mai 02 14:16:45 [0m1714652205.601092 [ITTI]   Created Posix thread TASK_RRC_GNB
mai 02 14:16:45 [0m1714652205.601113 [NR_RRC]   Entering main loop of NR_RRC message task
mai 02 14:16:45 [0m1714652205.601118 [NR_RRC]   Received F1 Setup Request from gNB_DU 3584 (gNB-Eurecom-5GNRBox) on assoc_id -1
mai 02 14:16:45 [0m1714652205.601152 [RRC]   Accepting DU 3584 (gNB-Eurecom-5GNRBox), sending F1 Setup Response
mai 02 14:16:45 [0m1714652205.601153 [RRC]   DU uses RRC version 17.3.0
mai 02 14:16:45 [0m1714652205.601159 [MAC]   received F1 Setup Response from CU (null)
mai 02 14:16:45 [0m1714652205.601160 [MAC]   CU uses RRC version 17.3.0
mai 02 14:16:45 [0m1714652205.601165 [GTPU]   Configuring GTPu
mai 02 14:16:45 [0m1714652205.601194 [GTPU]   SA mode 
mai 02 14:16:45 [0m1714652205.601197 [GTPU]   Configuring GTPu address : 192.168.70.129, port : 2152
mai 02 14:16:45 [0m1714652205.601199 [GTPU]   Initializing UDP for local address 192.168.70.129 with port 2152
mai 02 14:16:45 [0m1714652205.601225 [GTPU]   Created gtpu instance id: 101
mai 02 14:16:45 [0m1714652205.601231 [UTIL]   Creating thread TASK_GTPV1_U with affinity -1 and priority 50
mai 02 14:16:45 [0m1714652205.601231 [NR_RRC]   Accepting new CU-UP ID 3584 name gNB-Eurecom-5GNRBox (assoc_id -1)
mai 02 14:16:45 [0m1714652205.602822 [UTIL]   threadCreate for TASK_GTPV1_U, affinity ffffffff, priority 50
mai 02 14:16:45 [0m1714652205.605101 [ITTI]   Created Posix thread TASK_GTPV1_U
mai 02 14:16:47 [0m[LIBCONFIG] (root): 2/2 parameters successfully set, (0 to default value)
mai 02 14:16:47 [LIBCONFIG] gNBs.[0]: 30/30 parameters successfully set, (20 to default value)
mai 02 14:16:47 NRRRC 0: Southbound Transport local_mac
mai 02 14:16:47 [LIBCONFIG] gNBs.[0]: 30/30 parameters successfully set, (20 to default value)
mai 02 14:16:47 [LIBCONFIG] MACRLCs.[0]: 34/34 parameters successfully set, (24 to default value)
mai 02 14:16:47 [LIBCONFIG] list gNBs.[0].E1_INTERFACE not found in config file ../../../targets/PROJECTS/GENERIC-LTE-EPC/CONF/rcc.band78.tm1.106PRB.nfapi.conf 
mai 02 14:16:47 [LIBCONFIG] gNBs.[0].plmn_list.[0]: 3/3 parameters successfully set, (0 to default value)
mai 02 14:16:47 [LIBCONFIG] security: 4/4 parameters successfully set, (0 to default value)
mai 02 14:16:47 [LIBCONFIG] gNBs.[0]: 30/30 parameters successfully set, (20 to default value)
mai 02 14:16:47 [LIBCONFIG] MACRLCs.[0]: 34/34 parameters successfully set, (24 to default value)
mai 02 14:16:47 [LIBCONFIG] list gNBs.[0].E1_INTERFACE not found in config file ../../../targets/PROJECTS/GENERIC-LTE-EPC/CONF/rcc.band78.tm1.106PRB.nfapi.conf 
mai 02 14:16:47 [LIBCONFIG] gNBs.[0]: 30/30 parameters successfully set, (20 to default value)
mai 02 14:16:47 [LIBCONFIG] MACRLCs.[0]: 34/34 parameters successfully set, (24 to default value)
mai 02 14:16:47 [LIBCONFIG] list gNBs.[0].E1_INTERFACE not found in config file ../../../targets/PROJECTS/GENERIC-LTE-EPC/CONF/rcc.band78.tm1.106PRB.nfapi.conf 
mai 02 14:16:47 [LIBCONFIG] gNBs.[0]: 30/30 parameters successfully set, (20 to default value)
mai 02 14:16:47 [LIBCONFIG] MACRLCs.[0]: 34/34 parameters successfully set, (24 to default value)
mai 02 14:16:47 [LIBCONFIG] list gNBs.[0].E1_INTERFACE not found in config file ../../../targets/PROJECTS/GENERIC-LTE-EPC/CONF/rcc.band78.tm1.106PRB.nfapi.conf 
mai 02 14:16:47 [LIBCONFIG] eNBs.[0]: 1/1 parameters successfully set, (1 to default value)
mai 02 14:16:47 [LIBCONFIG] gNBs.[0]: 1/1 parameters successfully set, (1 to default value)
mai 02 14:16:47 [LIBCONFIG] (root): 2/2 parameters successfully set, (0 to default value)
mai 02 14:16:47 [LIBCONFIG] gNBs.[0]: 30/30 parameters successfully set, (20 to default value)
mai 02 14:16:47 [LIBCONFIG] gNBs.[0].plmn_list.[0]: 3/3 parameters successfully set, (0 to default value)
mai 02 14:16:47 [LIBCONFIG] gNBs.[0].plmn_list.[0].snssaiList.[0]: 2/2 parameters successfully set, (1 to default value)
mai 02 14:16:47 [LIBCONFIG] gNBs.[0].amf_ip_address.[0]: 4/4 parameters successfully set, (0 to default value)
mai 02 14:16:47 [LIBCONFIG] gNBs.[0].SCTP: 2/2 parameters successfully set, (0 to default value)
mai 02 14:16:47 [LIBCONFIG] gNBs.[0].NETWORK_INTERFACES: 10/10 parameters successfully set, (3 to default value)
mai 02 14:16:47 [LIBCONFIG] gNBs.[0].NETWORK_INTERFACES: 10/10 parameters successfully set, (3 to default value)
mai 02 14:16:47 [LIBCONFIG] gNBs.[0]: 30/30 parameters successfully set, (20 to default value)
mai 02 14:16:47 [LIBCONFIG] MACRLCs.[0]: 34/34 parameters successfully set, (24 to default value)
mai 02 14:16:47 [LIBCONFIG] list gNBs.[0].E1_INTERFACE not found in config file ../../../targets/PROJECTS/GENERIC-LTE-EPC/CONF/rcc.band78.tm1.106PRB.nfapi.conf 
mai 02 14:16:47 [LIBCONFIG] (root): 2/2 parameters successfully set, (0 to default value)
mai 02 14:16:47 [LIBCONFIG] gNBs.[0]: 30/30 parameters successfully set, (20 to default value)
mai 02 14:16:47 [LIBCONFIG] gNBs.[0].plmn_list.[0]: 3/3 parameters successfully set, (0 to default value)
mai 02 14:16:47 [LIBCONFIG] gNBs.[0].plmn_list.[0].snssaiList.[0]: 2/2 parameters successfully set, (1 to default value)
mai 02 14:16:47 [LIBCONFIG] (root): 2/2 parameters successfully set, (0 to default value)
mai 02 14:16:47 [LIBCONFIG] gNBs.[0].NETWORK_INTERFACES: 10/10 parameters successfully set, (3 to default value)
mai 02 14:16:47 NFAPI*** - mutex and cond created - will block shortly for completion of PNF connection
mai 02 14:16:47 START MAIN THREADS
mai 02 14:16:47 RC.nb_nr_L1_inst:0
mai 02 14:16:47 wait_gNBs()
mai 02 14:16:47 Waiting for gNB L1 instances to all get configured ... sleeping 50ms (nb_nr_sL1_inst 0)
mai 02 14:16:47 gNB L1 are configured
mai 02 14:16:47 About to Init RU threads RC.nb_RU:0
mai 02 14:16:47 Entering ITTI signals handler
mai 02 14:16:47 TYPE <CTRL-C> TO TERMINATE
mai 02 14:16:47 165839808774 [I] 3997152832: nfapi_nr_vnf_start: Accepting connection from PNF...
mai 02 14:16:47 165839808792 [I] 3997152832: nfapi_nr_vnf_start: PNF connection (fd:102) accepted from 127.0.0.1:45086 
mai 02 14:16:47 165839808845 [I] 3997152832: nfapi_nr_vnf_start: MALLOC nfapi_vnf_pnf_info_t for pnf_list pnf:0x72edcc000b70
mai 02 14:16:47 165839808846 [I] 3997152832: pnf_nr_connection_indication_cb: [VNF] pnf connection indication idx:0
mai 02 14:16:47 165839808847 [I] 3997152832: oai_create_gnb: oai_create_gnb() gNB is now configured
mai 02 14:16:47 165839808877 [I] 3997152832: nfapi_nr_vnf_start: VNF Association ID = 326
mai 02 14:16:47 165839808877 [I] 3997152832: nfapi_nr_vnf_start: VNF Receiver window size = 67108856
mai 02 14:16:47 165839808878 [I] 3997152832: nfapi_nr_vnf_start: VNF In Streams = 5
mai 02 14:16:47 165839808878 [I] 3997152832: nfapi_nr_vnf_start: VNF Out Streams = 5
mai 02 14:16:47 165839808894 [I] 3997152832: vnf_nr_handle_pnf_param_response: Received PNF_PARAM.reponse
mai 02 14:16:47 165839808897 [I] 3997152832: pnf_nr_param_resp_cb: [VNF] pnf param response idx:0 error:0
mai 02 14:16:47 165839808897 [I] 3997152832: pnf_nr_param_resp_cb: [VNF] (PHY:0) phy_config_idx:0
mai 02 14:16:47 165839808898 [I] 3997152832: nfapi_vnf_phy_info_list_add: Adding phy p5_idx:0 phy_id:1
mai 02 14:16:47 165839808898 [I] 3997152832: pnf_nr_param_resp_cb: [VNF] (PHY:0) (RF0) 0
mai 02 14:16:47 165839808899 [I] 3997152832: pnf_nr_param_resp_cb: [VNF] (PHY:0) (RF1) 0
mai 02 14:16:47 165839808899 [I] 3997152832: pnf_nr_param_resp_cb: Hard coded num phy rf to 2
mai 02 14:16:47 165839808929 [I] 3997152832: vnf_nr_handle_pnf_config_response: Received PNF_CONFIG_RESPONSE
mai 02 14:16:47 165839808933 [I] 3997152832: pnf_nr_config_resp_cb: [VNF] pnf config response idx:0 resp[header[phy_id:0 message_id:103 message_length:1]]
mai 02 14:16:47 165839808975 [I] 3997152832: vnf_nr_handle_pnf_start_response: Received PNF_START_RESPONSE
mai 02 14:16:47 165839808977 [I] 3997152832: pnf_nr_start_resp_cb: [VNF] pnf start response idx:0 config:0x618264ae16a0 user_data:0x6182642a4e20 p7_vnf[config:0x618264ae1550 thread_started:0]
mai 02 14:16:47 165839810690 [I] 3997152832: pnf_nr_start_resp_cb: [VNF] Sending NFAPI_VNF_PARAM_REQUEST phy_id:1
mai 02 14:16:47 Calling sched_setscheduler(79)
mai 02 14:16:47 165839810754 [I] 3741308480: vnf_nr_p7_thread_start: [VNF] Creating VNF NFAPI P7 start thread vnf_nr_p7_thread_start
mai 02 14:16:47 165839810797 [I] 3997152832: vnf_nr_handle_param_response: Received PARAM_RESPONSE
mai 02 14:16:47 165839810812 [I] 3997152832: vnf_nr_handle_param_response: PNF P7 IPv4 address: 127.0.0.1
mai 02 14:16:47 165839810814 [I] 3997152832: vnf_nr_handle_param_response: PNF P7 IPv6 address: ::
mai 02 14:16:47 165839810815 [I] 3997152832: vnf_nr_handle_param_response: PNF P7 Port: 23235
mai 02 14:16:47 165839810816 [I] 3997152832: nr_param_resp_cb: [VNF] Received NFAPI_PARAM_RESP idx:0 phy_id:1
mai 02 14:16:47 165839810818 [I] 3997152832: nr_param_resp_cb: [VNF] 0.1 pnf p7 127.0.0.1:23235 timing 30 1 0 1
mai 02 14:16:47 165839810820 [I] 3997152832: nfapi_vnf_p7_add_pnf: nfapi_vnf_p7_add_pnf(config:0x618264ae1550 phy_id:1 pnf_addr:127.0.0.1 pnf_p7_port:23235)
mai 02 14:16:47 165839810823 [I] 3997152832: vnf_p7_connection_info_list_add: vnf_p7_connection_info_list_add()
mai 02 14:16:47 165839810825 [I] 3997152832: nr_param_resp_cb: [VNF] Send NFAPI_CONFIG_REQUEST
mai 02 14:16:47 165839810825 [I] 3997152832: nr_param_resp_cb: [VNF] Local_port:23491
mai 02 14:16:47 165839810826 [I] 3997152832: nr_param_resp_cb: [VNF] Local_addr:127.0.0.1
mai 02 14:16:47 165839810827 [I] 3997152832: nr_param_resp_cb: 
mai 02 14:16:47 [VNF]Timing window tag : 286 Timing window:30
mai 02 14:16:47 carrier_config
mai 02 14:16:47   bw t 4097 l 0 v 40
mai 02 14:16:47   freq t 4098 l 0 v 3600120
mai 02 14:16:47   dl_k0[0] t 0 l 0 v 0
mai 02 14:16:47   dl_k0[1] t 4099 l 0 v 0
mai 02 14:16:47   dl_k0[2] t 0 l 0 v 0
mai 02 14:16:47   dl_k0[3] t 0 l 0 v 0
mai 02 14:16:47   dl_k0[4] t 0 l 0 v 0
mai 02 14:16:47   dl_grid_size[0] t 0 l 0 v 0
mai 02 14:16:47   dl_grid_size[1] t 4100 l 0 v 106
mai 02 14:16:47   dl_grid_size[2] t 0 l 0 v 0
mai 02 14:16:47   dl_grid_size[3] t 0 l 0 v 0
mai 02 14:16:47   dl_grid_size[4] t 0 l 0 v 0
mai 02 14:16:47   num_tx_ant t 4101 l 0 v 1
mai 02 14:16:47   uplink_bandwidth t 4102 l 0 v 40
mai 02 14:16:47   uplink_frequency t 4103 l 0 v 3600120
mai 02 14:16:47   ul_k0[0] t 0 l 0 v 0
mai 02 14:16:47   ul_k0[1] t 4104 l 0 v 0
mai 02 14:16:47   ul_k0[2] t 0 l 0 v 0
mai 02 14:16:47   ul_k0[3] t 0 l 0 v 0
mai 02 14:16:47   ul_k0[4] t 0 l 0 v 0
mai 02 14:16:47   ul_grid_size[0] t 0 l 0 v 0
mai 02 14:16:47   ul_grid_size[1] t 4105 l 0 v 106
mai 02 14:16:47   ul_grid_size[2] t 0 l 0 v 0
mai 02 14:16:47   ul_grid_size[3] t 0 l 0 v 0
mai 02 14:16:47   ul_grid_size[4] t 0 l 0 v 0
mai 02 14:16:47   num_rx_ant t 4106 l 0 v 1
mai 02 14:16:47   frequency_shift_7p5khz t 0 l 0 v 0
mai 02 14:16:47 prach_config
mai 02 14:16:47   prach_sequence_length t 4113 l 0 v 1
mai 02 14:16:47   prach_sub_c_spacing t 4114 l 0 v 1
mai 02 14:16:47   restricted_set_config t 4115 l 0 v 0
mai 02 14:16:47   num_prach_fd_occasions t 4116 l 0 v 1
mai 02 14:16:47   prach_ConfigurationIndex t 4137 l 0 v 98
mai 02 14:16:47     prach_root_sequence_index t 4117 l 0 v 1
mai 02 14:16:47     num_root_sequences t 4118 l 0 v 16
mai 02 14:16:47     k1 t 4119 l 0 v 0
mai 02 14:16:47     prach_zero_corr_conf t 4120 l 0 v 13
mai 02 14:16:47     num_unused_root_sequences t 4121 l 0 v 0
mai 02 14:16:47   ssb_per_rach t 4123 l 0 v 3
mai 02 14:16:47   prach_multiple_carriers_in_a_band t 0 l 0 v 0
mai 02 14:16:47 [VNF] Sent NFAPI_VNF_CONFIG_REQ num_tlv:151
mai 02 14:16:47 165839811631 [I] 3997152832: vnf_nr_handle_config_response: Received CONFIG_RESPONSE
mai 02 14:16:47 165839811637 [I] 3997152832: nr_config_resp_cb: [VNF] Received NFAPI_CONFIG_RESP idx:0 phy_id:1
mai 02 14:16:47 165839811639 [I] 3997152832: nr_config_resp_cb: [VNF] Calling oai_enb_init()
mai 02 14:16:47 165839813044 [I] 3732915776: vnf_nr_p7_start_thread: vnf_nr_p7_start_thread()
mai 02 14:16:47 165839813056 [I] 3732915776: nfapi_nr_vnf_p7_start: nfapi_nr_vnf_p7_start()
mai 02 14:16:47 165839813057 [I] 3732915776: nfapi_nr_vnf_p7_start: Initialising VNF P7 port:50011
mai 02 14:16:47 165839813071 [I] 3732915776: nfapi_nr_vnf_p7_start: VNF P7 socket created...
mai 02 14:16:47 165839813074 [I] 3732915776: nfapi_nr_vnf_p7_start: VNF P7 setsockopt succeeded...
mai 02 14:16:47 165839813075 [I] 3732915776: nfapi_nr_vnf_p7_start: VNF P7 binding too 0.0.0.0:50011
mai 02 14:16:47 165839813079 [I] 3732915776: nfapi_nr_vnf_p7_start: VNF P7 bind succeeded...
mai 02 14:16:52 165845206355 [I] 3997152832: vnf_nr_handle_start_response: Received START_RESPONSE
mai 02 14:16:52 165845206364 [I] 3997152832: nr_start_resp_cb: [VNF] Received NFAPI_START_RESP idx:0 phy_id:1
mai 02 14:16:52 165845206366 [I] 3997152832: nfapi_vnf_p7_add_pnf: nfapi_vnf_p7_add_pnf(config:0x618264ae1550 phy_id:1 pnf_addr:127.0.0.1 pnf_p7_port:23235)
mai 02 14:16:52 165845206370 [I] 3997152832: vnf_p7_connection_info_list_add: vnf_p7_connection_info_list_add()
mai 02 14:16:52 165845210225 [N] 3732915776: vnf_nr_p7_read_dispatch_message: reallocing rx buffer 20
mai 02 14:16:52 165845219768 [N] 3732915776: vnf_nr_p7_read_dispatch_message: reallocing rx buffer 76
mai 02 14:16:54 1714652214.496996 [NR_MAC]   Frame.Slot 128.0
mai 02 14:16:54 
mai 02 14:16:54 [0m1714652214.868617 [NR_MAC]   Frame.Slot 256.0
mai 02 14:16:54 
mai 02 14:16:55 [0m1714652215.245239 [NR_MAC]   Frame.Slot 384.0
mai 02 14:16:55 
mai 02 14:16:55 [0m1714652215.641928 [NR_MAC]   Frame.Slot 512.0
mai 02 14:16:55 
mai 02 14:16:56 [0m1714652216.059927 [NR_MAC]   Frame.Slot 640.0
mai 02 14:16:56 
mai 02 14:16:56 [0m1714652216.502404 [NR_MAC]   Frame.Slot 768.0
mai 02 14:16:56 
mai 02 14:16:56 [0m1714652216.973995 [NR_MAC]   Frame.Slot 896.0
mai 02 14:16:56 
mai 02 14:16:57 [0m1714652217.418860 [NR_MAC]   Frame.Slot 0.0
mai 02 14:16:57 
mai 02 14:16:57 [0m1714652217.895604 [NR_MAC]   Frame.Slot 128.0
mai 02 14:16:57 
mai 02 14:16:58 [0m1714652218.348222 [NR_MAC]   Frame.Slot 256.0
mai 02 14:16:58 
mai 02 14:16:58 [0m1714652218.873033 [NR_MAC]   Frame.Slot 384.0
mai 02 14:16:58 
mai 02 14:16:59 [0m1714652219.421567 [NR_MAC]   Frame.Slot 512.0
mai 02 14:16:59 
mai 02 14:16:59 [0m1714652219.933230 [NR_MAC]   Frame.Slot 640.0
mai 02 14:16:59 
mai 02 14:17:00 [0m1714652220.407854 [NR_MAC]   Frame.Slot 768.0
mai 02 14:17:00 
mai 02 14:17:00 [0m1714652220.926598 [NR_MAC]   Frame.Slot 896.0
mai 02 14:17:00 
mai 02 14:17:01 [0m1714652221.396321 [NR_MAC]   Frame.Slot 0.0
mai 02 14:17:01 
mai 02 14:17:01 [0m1714652221.861045 [NR_MAC]   Frame.Slot 128.0
mai 02 14:17:01 
mai 02 14:17:02 [0m1714652222.402743 [NR_MAC]   Frame.Slot 256.0
mai 02 14:17:02 
mai 02 14:17:02 [0m1714652222.965303 [NR_MAC]   Frame.Slot 384.0
mai 02 14:17:02 
mai 02 14:17:03 [0m1714652223.505347 [NR_MAC]   Frame.Slot 512.0
mai 02 14:17:03 
mai 02 14:17:04 [0m1714652224.117650 [NR_MAC]   Frame.Slot 640.0
mai 02 14:17:04 
mai 02 14:17:04 [0m1714652224.686843 [NR_MAC]   Frame.Slot 768.0
mai 02 14:17:04 
mai 02 14:17:05 [0m1714652225.187528 [NR_MAC]   Frame.Slot 896.0
mai 02 14:17:05 
mai 02 14:17:05 [0m1714652225.673629 [NR_MAC]   Frame.Slot 0.0
mai 02 14:17:05 
mai 02 14:17:06 [0m1714652226.159175 [NR_MAC]   Frame.Slot 128.0
mai 02 14:17:06 
mai 02 14:17:06 [0m1714652226.620490 [NR_MAC]   Frame.Slot 256.0
mai 02 14:17:06 
mai 02 14:17:07 [0m1714652227.170838 [NR_MAC]   Frame.Slot 384.0
mai 02 14:17:07 
mai 02 14:17:07 [0m1714652227.674335 [NR_MAC]   Frame.Slot 512.0
mai 02 14:17:07 
mai 02 14:17:08 [0m1714652228.178816 [NR_MAC]   Frame.Slot 640.0
mai 02 14:17:08 
mai 02 14:17:08 [0m1714652228.660743 [NR_MAC]   Frame.Slot 768.0
mai 02 14:17:08 
mai 02 14:17:09 [0m1714652229.226233 [NR_MAC]   Frame.Slot 896.0
mai 02 14:17:09 
mai 02 14:17:09 [0m1714652229.869970 [NR_MAC]   Frame.Slot 0.0
mai 02 14:17:09 
mai 02 14:17:10 [0m1714652230.488526 [NR_MAC]   Frame.Slot 128.0
mai 02 14:17:10 
mai 02 14:17:11 [0m1714652231.054099 [NR_MAC]   Frame.Slot 256.0
mai 02 14:17:11 
mai 02 14:17:11 [0m1714652231.573571 [NR_MAC]   Frame.Slot 384.0
mai 02 14:17:11 
mai 02 14:17:12 [0m1714652232.107412 [NR_MAC]   Frame.Slot 512.0
mai 02 14:17:12 
mai 02 14:17:12 [0m1714652232.641324 [NR_MAC]   Frame.Slot 640.0
mai 02 14:17:12 
mai 02 14:17:13 [0m1714652233.191437 [NR_MAC]   Frame.Slot 768.0
mai 02 14:17:13 
mai 02 14:17:13 [0m1714652233.707132 [NR_MAC]   Frame.Slot 896.0
mai 02 14:17:13 
mai 02 14:17:14 [0m1714652234.270915 [NR_MAC]   Frame.Slot 0.0
mai 02 14:17:14 
mai 02 14:17:14 [0m1714652234.920724 [NR_MAC]   Frame.Slot 128.0
mai 02 14:17:14 
mai 02 14:17:15 [0m1714652235.511157 [NR_MAC]   Frame.Slot 256.0
mai 02 14:17:15 
mai 02 14:17:16 [0m1714652236.068859 [NR_MAC]   Frame.Slot 384.0
mai 02 14:17:16 
mai 02 14:17:16 [0m1714652236.555330 [NR_MAC]   Frame.Slot 512.0
mai 02 14:17:16 
mai 02 14:17:17 [0m1714652237.095884 [NR_MAC]   Frame.Slot 640.0
mai 02 14:17:17 
mai 02 14:17:17 [0m1714652237.574965 [NR_MAC]   Frame.Slot 768.0
mai 02 14:17:17 
mai 02 14:17:18 [0m1714652238.081571 [NR_MAC]   Frame.Slot 896.0
mai 02 14:17:18 
mai 02 14:17:18 [0m1714652238.573506 [NR_MAC]   Frame.Slot 0.0
mai 02 14:17:18 
mai 02 14:17:19 [0m1714652239.124594 [NR_MAC]   Frame.Slot 128.0
mai 02 14:17:19 
mai 02 14:17:19 [0m1714652239.650945 [NR_MAC]   Frame.Slot 256.0
mai 02 14:17:19 
mai 02 14:17:20 [0m1714652240.267557 [NR_MAC]   Frame.Slot 384.0
mai 02 14:17:20 
mai 02 14:17:20 [0m1714652240.711230 [NR_MAC]   Frame.Slot 512.0
mai 02 14:17:20 
mai 02 14:17:20 [0m165872969035 [I] 3732915776: vnf_handle_nr_rach_indication: vnf_handle_nr_rach_indication: Handling RACH Indication
mai 02 14:17:20 1714652240.743462 [MAC]   UL_info[Frame 520, Slot 8] Calling initiate_ra_proc RACH:SFN/SLOT:519/19
mai 02 14:17:20 [0m1714652240.743476 [NR_MAC]   [gNB 0][RAPROC] CC_id 0 Frame 519 Activating Msg2 generation in frame 520, slot 7 using RA rnti 10b SSB, new rnti cf8c index 0 RA index 0
mai 02 14:17:20 [0m165873040059 [I] 3732915776: vnf_handle_nr_rach_indication: vnf_handle_nr_rach_indication: Handling RACH Indication
mai 02 14:17:20 1714652240.814462 [MAC]   UL_info[Frame 530, Slot 7] Calling initiate_ra_proc RACH:SFN/SLOT:529/19
mai 02 14:17:20 [0m1714652240.814474 [NR_MAC]   [gNB 0][RAPROC] CC_id 0 Frame 529 Activating Msg2 generation in frame 530, slot 7 using RA rnti 10b SSB, new rnti 5238 index 0 RA index 1
mai 02 14:17:20 [0m[32m1714652240.814481 [NR_MAC]   [gNB 0][RAPROC] CC_id 0 Frame 530, slotP 7: Generating RA-Msg2 DCI, rnti 0x10b, state 1, CoreSetType 0
mai 02 14:17:20 [0m1714652240.814489 [NR_MAC]   [RAPROC] Msg3 slot 17: current slot 7 Msg3 frame 530 k2 7 Msg3_tda_id 3
mai 02 14:17:20 [0m1714652240.823785 [NR_MAC]   Adding new UE context with RNTI 0x5238
mai 02 14:17:20 [0m1714652240.827444 [NR_MAC]   [gNB 0][RAPROC] PUSCH with TC_RNTI 0x5238 received correctly, adding UE MAC Context RNTI 0x5238
mai 02 14:17:20 [0m[32m1714652240.827454 [NR_MAC]   [RAPROC] RA-Msg3 received (sdu_lenP 7)
mai 02 14:17:20 [0m1714652240.827477 [RLC]   activated srb0 for UE with RNTI 0x5238
mai 02 14:17:20 [0m1714652240.827483 [RLC]   Added srb 1 to UE with RNTI 0x5238
mai 02 14:17:20 [0m1714652240.827582 [NR_MAC]   Activating scheduling RA-Msg4 for TC_RNTI 0x5238 (state 2)
mai 02 14:17:20 [0m[93m1714652240.827588 [NR_MAC]   Unexpected ULSCH HARQ PID 0 (have -1) for RNTI 0x5238 (ignore this warning for RA)
mai 02 14:17:20 [0m1714652240.827594 [NR_RRC]   Decoding CCCH: RNTI 5238, payload_size 6
mai 02 14:17:20 [0m1714652240.827869 [NR_RRC]   Created new UE context: CU UE ID 1 DU UE ID 21048 (rnti: 5238, random ue id b076a02610000000)
mai 02 14:17:20 [0m1714652240.827877 [RRC]   activate SRB 1 of UE 1
mai 02 14:17:20 [0m1714652240.827884 [NR_RRC]   rrc_gNB_generate_RRCSetup for RNTI 5238
mai 02 14:17:20 [0m1714652240.827898 [NR_MAC]   No CU UE ID stored for UE RNTI 5238, adding CU UE ID 1
mai 02 14:17:20 [0m1714652240.827933 [NR_MAC]   UE 5238 Generate msg4: feedback at  531.17, payload 149 bytes, next state WAIT_Msg4_ACK
mai 02 14:17:20 [0m1714652240.830481 [NR_MAC]   (UE 5238) Received Nack of RA-Msg4. Preparing retransmission!
mai 02 14:17:20 [0m1714652240.831533 [NR_MAC]   UE 5238 Generate msg4: feedback at  532.17, payload 149 bytes, next state WAIT_Msg4_ACK
mai 02 14:17:20 [0m[32m1714652240.845677 [NR_MAC]   (UE RNTI 0x5238) Received Ack of RA-Msg4. CBRA procedure succeeded!
mai 02 14:17:20 [0m[1;31m1714652240.857869 [NR_MAC]   UE 5238: reported RSRP index 0 invalid
mai 02 14:17:20 [0m[1;31m1714652240.857882 [NR_MAC]   UE 5238: reported RSRP index 0 invalid
mai 02 14:17:20 [0m165873089583 [I] 3732915776: vnf_handle_nr_rach_indication: vnf_handle_nr_rach_indication: Handling RACH Indication
mai 02 14:17:20 1714652240.864014 [MAC]   UL_info[Frame 538, Slot 8] Calling initiate_ra_proc RACH:SFN/SLOT:537/19
mai 02 14:17:20 [0m1714652240.864027 [NR_MAC]   [gNB 0][RAPROC] CC_id 0 Frame 537 Activating Msg2 generation in frame 538, slot 7 using RA rnti 10b SSB, new rnti 95b5 index 0 RA index 1
mai 02 14:17:20 [0m[1;31m1714652240.890528 [NR_MAC]   UE 5238: reported RSRP index 0 invalid
mai 02 14:17:20 [0m[1;31m1714652240.890546 [NR_MAC]   UE 5238: reported RSRP index 0 invalid
mai 02 14:17:20 [0m165873131327 [I] 3732915776: vnf_handle_nr_rach_indication: vnf_handle_nr_rach_indication: Handling RACH Indication
mai 02 14:17:20 1714652240.905797 [MAC]   UL_info[Frame 548, Slot 8] Calling initiate_ra_proc RACH:SFN/SLOT:547/19
mai 02 14:17:20 [0m1714652240.905814 [NR_MAC]   [gNB 0][RAPROC] CC_id 0 Frame 547 Activating Msg2 generation in frame 548, slot 7 using RA rnti 10b SSB, new rnti 4224 index 0 RA index 2
mai 02 14:17:20 [0m[1;31m1714652240.923866 [NR_MAC]   UE 5238: reported RSRP index 0 invalid
mai 02 14:17:20 [0m[1;31m1714652240.923882 [NR_MAC]   UE 5238: reported RSRP index 0 invalid
mai 02 14:17:20 [0m165873171472 [I] 3732915776: vnf_handle_nr_rach_indication: vnf_handle_nr_rach_indication: Handling RACH Indication
mai 02 14:17:20 1714652240.946185 [MAC]   UL_info[Frame 558, Slot 8] Calling initiate_ra_proc RACH:SFN/SLOT:557/19
mai 02 14:17:20 [0m1714652240.946195 [NR_MAC]   [gNB 0][RAPROC] CC_id 0 Frame 557 Activating Msg2 generation in frame 558, slot 7 using RA rnti 10b SSB, new rnti 8817 index 0 RA index 3
mai 02 14:17:20 [0m[1;31m1714652240.956793 [NR_MAC]   UE 5238: reported RSRP index 0 invalid
mai 02 14:17:20 [0m[1;31m1714652240.956809 [NR_MAC]   UE 5238: reported RSRP index 0 invalid
mai 02 14:17:20 [0m[93m1714652240.960724 [NR_MAC]   UE 5238: Detected UL Failure on PUSCH after 10 PUSCH DTX, stopping scheduling
mai 02 14:17:20 [0m165873220731 [I] 3732915776: vnf_handle_nr_rach_indication: vnf_handle_nr_rach_indication: Handling RACH Indication
mai 02 14:17:20 1714652240.995078 [MAC]   UL_info[Frame 568, Slot 8] Calling initiate_ra_proc RACH:SFN/SLOT:567/19
mai 02 14:17:20 [0m[1;31m1714652240.995085 [NR_MAC]   [gNB 0][RAPROC] FAILURE: CC_id 0  567.19 initiating RA procedure for preamble index 32: no free RA process
mai 02 14:17:21 [0m1714652241.263212 [NR_MAC]   Frame.Slot 640.0
mai 02 14:17:21 UE RNTI 5238 CU-UE-ID 1 out-of-sync PH 0 dB PCMAX 0 dBm, average RSRP 0 (0 meas)
mai 02 14:17:21 UE 5238: dlsch_rounds 3/3/2/2, dlsch_errors 2, pucch0_DTX 9, BLER 0.19000 MCS (0) 8
mai 02 14:17:21 UE 5238: ulsch_rounds 3/3/2/2, ulsch_errors 2, ulsch_DTX 10, BLER 0.27100 MCS (0) 7
mai 02 14:17:21 UE 5238: MAC:    TX            229 RX              0 bytes
mai 02 14:17:21 UE 5238: LCID 1: TX              0 RX              0 bytes
mai 02 14:17:21 
mai 02 14:17:21 [0m1714652241.702330 [NR_MAC]   Frame.Slot 768.0
mai 02 14:17:21 UE RNTI 5238 CU-UE-ID 1 out-of-sync PH 0 dB PCMAX 0 dBm, average RSRP 0 (0 meas)
mai 02 14:17:21 UE 5238: dlsch_rounds 3/3/2/2, dlsch_errors 2, pucch0_DTX 9, BLER 0.19000 MCS (0) 8
mai 02 14:17:21 UE 5238: ulsch_rounds 3/3/2/2, ulsch_errors 2, ulsch_DTX 10, BLER 0.27100 MCS (0) 7
mai 02 14:17:21 UE 5238: MAC:    TX            229 RX              0 bytes
mai 02 14:17:21 UE 5238: LCID 1: TX              0 RX              0 bytes
mai 02 14:17:21 
mai 02 14:17:22 [0m1714652242.170649 [NR_MAC]   Frame.Slot 896.0
mai 02 14:17:22 UE RNTI 5238 CU-UE-ID 1 out-of-sync PH 0 dB PCMAX 0 dBm, average RSRP 0 (0 meas)
mai 02 14:17:22 UE 5238: dlsch_rounds 3/3/2/2, dlsch_errors 2, pucch0_DTX 9, BLER 0.19000 MCS (0) 8
mai 02 14:17:22 UE 5238: ulsch_rounds 3/3/2/2, ulsch_errors 2, ulsch_DTX 10, BLER 0.27100 MCS (0) 7
mai 02 14:17:22 UE 5238: MAC:    TX            229 RX              0 bytes
mai 02 14:17:22 UE 5238: LCID 1: TX              0 RX              0 bytes
mai 02 14:17:22 
mai 02 14:17:22 [0m1714652242.617513 [NR_MAC]   Frame.Slot 0.0
mai 02 14:17:22 UE RNTI 5238 CU-UE-ID 1 out-of-sync PH 0 dB PCMAX 0 dBm, average RSRP 0 (0 meas)
mai 02 14:17:22 UE 5238: dlsch_rounds 3/3/2/2, dlsch_errors 2, pucch0_DTX 9, BLER 0.19000 MCS (0) 8
mai 02 14:17:22 UE 5238: ulsch_rounds 3/3/2/2, ulsch_errors 2, ulsch_DTX 10, BLER 0.27100 MCS (0) 7
mai 02 14:17:22 UE 5238: MAC:    TX            229 RX              0 bytes
mai 02 14:17:22 UE 5238: LCID 1: TX              0 RX              0 bytes
mai 02 14:17:22 
mai 02 14:17:23 [0m1714652243.063049 [NR_MAC]   Frame.Slot 128.0
mai 02 14:17:23 UE RNTI 5238 CU-UE-ID 1 out-of-sync PH 0 dB PCMAX 0 dBm, average RSRP 0 (0 meas)
mai 02 14:17:23 UE 5238: dlsch_rounds 3/3/2/2, dlsch_errors 2, pucch0_DTX 9, BLER 0.19000 MCS (0) 8
mai 02 14:17:23 UE 5238: ulsch_rounds 3/3/2/2, ulsch_errors 2, ulsch_DTX 10, BLER 0.27100 MCS (0) 7
mai 02 14:17:23 UE 5238: MAC:    TX            229 RX              0 bytes
mai 02 14:17:23 UE 5238: LCID 1: TX              0 RX              0 bytes
mai 02 14:17:23 
mai 02 14:17:23 [0m1714652243.457891 [NR_MAC]   Frame.Slot 256.0
mai 02 14:17:23 UE RNTI 5238 CU-UE-ID 1 out-of-sync PH 0 dB PCMAX 0 dBm, average RSRP 0 (0 meas)
mai 02 14:17:23 UE 5238: dlsch_rounds 3/3/2/2, dlsch_errors 2, pucch0_DTX 9, BLER 0.19000 MCS (0) 8
mai 02 14:17:23 UE 5238: ulsch_rounds 3/3/2/2, ulsch_errors 2, ulsch_DTX 10, BLER 0.27100 MCS (0) 7
mai 02 14:17:23 UE 5238: MAC:    TX            229 RX              0 bytes
mai 02 14:17:23 UE 5238: LCID 1: TX              0 RX              0 bytes
mai 02 14:17:23 
mai 02 14:17:23 [0m1714652243.890937 [NR_MAC]   Frame.Slot 384.0
mai 02 14:17:23 UE RNTI 5238 CU-UE-ID 1 out-of-sync PH 0 dB PCMAX 0 dBm, average RSRP 0 (0 meas)
mai 02 14:17:23 UE 5238: dlsch_rounds 3/3/2/2, dlsch_errors 2, pucch0_DTX 9, BLER 0.19000 MCS (0) 8
mai 02 14:17:23 UE 5238: ulsch_rounds 3/3/2/2, ulsch_errors 2, ulsch_DTX 10, BLER 0.27100 MCS (0) 7
mai 02 14:17:23 UE 5238: MAC:    TX            229 RX              0 bytes
mai 02 14:17:23 UE 5238: LCID 1: TX              0 RX              0 bytes
mai 02 14:17:23 
mai 02 14:17:24 [0m1714652244.312868 [NR_MAC]   Frame.Slot 512.0
mai 02 14:17:24 UE RNTI 5238 CU-UE-ID 1 out-of-sync PH 0 dB PCMAX 0 dBm, average RSRP 0 (0 meas)
mai 02 14:17:24 UE 5238: dlsch_rounds 3/3/2/2, dlsch_errors 2, pucch0_DTX 9, BLER 0.19000 MCS (0) 8
mai 02 14:17:24 UE 5238: ulsch_rounds 3/3/2/2, ulsch_errors 2, ulsch_DTX 10, BLER 0.27100 MCS (0) 7
mai 02 14:17:24 UE 5238: MAC:    TX            229 RX              0 bytes
mai 02 14:17:24 UE 5238: LCID 1: TX              0 RX              0 bytes
mai 02 14:17:24 
mai 02 14:17:24 [0m[32m1714652244.346792 [NR_MAC]   [gNB 0][RAPROC] CC_id 0 Frame 520, slotP 7: Generating RA-Msg2 DCI, rnti 0x10b, state 1, CoreSetType 0
mai 02 14:17:24 [0m1714652244.346812 [NR_MAC]   [RAPROC] Msg3 slot 17: current slot 7 Msg3 frame 520 k2 7 Msg3_tda_id 3
mai 02 14:17:24 [0m1714652244.351097 [NR_MAC]    52110: RA RNTI cf8c CC_id 0 Scheduling retransmission of Msg3 in (521,17)
mai 02 14:17:24 [0m1714652244.355301 [NR_MAC]    52210: RA RNTI cf8c CC_id 0 Scheduling retransmission of Msg3 in (522,17)
mai 02 14:17:24 [0m1714652244.358768 [NR_MAC]    52310: RA RNTI cf8c CC_id 0 Scheduling retransmission of Msg3 in (523,17)
mai 02 14:17:24 [0m[93m1714652244.361281 [NR_MAC]   Random Access 0 failed at state 2 (Reached msg3 max harq rounds)
mai 02 14:17:24 [0m[1;31m1714652244.361292 [NR_MAC]   no RA proc for RNTI 0xcf8c in Msg3/PUSCH
mai 02 14:17:24 [0m[32m1714652244.413352 [NR_MAC]   [gNB 0][RAPROC] CC_id 0 Frame 538, slotP 7: Generating RA-Msg2 DCI, rnti 0x10b, state 1, CoreSetType 0
mai 02 14:17:24 [0m1714652244.413378 [NR_MAC]   [RAPROC] Msg3 slot 17: current slot 7 Msg3 frame 538 k2 7 Msg3_tda_id 3
mai 02 14:17:24 [0m1714652244.417958 [NR_MAC]    53910: RA RNTI 95b5 CC_id 0 Scheduling retransmission of Msg3 in (539,17)
mai 02 14:17:24 [0m1714652244.421902 [NR_MAC]    54010: RA RNTI 95b5 CC_id 0 Scheduling retransmission of Msg3 in (540,17)
mai 02 14:17:24 [0m1714652244.425894 [NR_MAC]    54110: RA RNTI 95b5 CC_id 0 Scheduling retransmission of Msg3 in (541,17)
mai 02 14:17:24 [0m[93m1714652244.428945 [NR_MAC]   Random Access 1 failed at state 2 (Reached msg3 max harq rounds)
mai 02 14:17:24 [0m[1;31m1714652244.428959 [NR_MAC]   no RA proc for RNTI 0x95b5 in Msg3/PUSCH
mai 02 14:17:24 [0m[32m1714652244.453299 [NR_MAC]   [gNB 0][RAPROC] CC_id 0 Frame 548, slotP 7: Generating RA-Msg2 DCI, rnti 0x10b, state 1, CoreSetType 0
mai 02 14:17:24 [0m1714652244.453331 [NR_MAC]   [RAPROC] Msg3 slot 17: current slot 7 Msg3 frame 548 k2 7 Msg3_tda_id 3
mai 02 14:17:24 [0m1714652244.457500 [NR_MAC]    54910: RA RNTI 4224 CC_id 0 Scheduling retransmission of Msg3 in (549,17)
mai 02 14:17:24 [0m1714652244.461183 [NR_MAC]    55010: RA RNTI 4224 CC_id 0 Scheduling retransmission of Msg3 in (550,17)
mai 02 14:17:24 [0m1714652244.464510 [NR_MAC]    55110: RA RNTI 4224 CC_id 0 Scheduling retransmission of Msg3 in (551,17)
mai 02 14:17:24 [0m[93m1714652244.466944 [NR_MAC]   Random Access 2 failed at state 2 (Reached msg3 max harq rounds)
mai 02 14:17:24 [0m[1;31m1714652244.466954 [NR_MAC]   no RA proc for RNTI 0x4224 in Msg3/PUSCH
mai 02 14:17:24 [0m[32m1714652244.488842 [NR_MAC]   [gNB 0][RAPROC] CC_id 0 Frame 558, slotP 7: Generating RA-Msg2 DCI, rnti 0x10b, state 1, CoreSetType 0
mai 02 14:17:24 [0m1714652244.488859 [NR_MAC]   [RAPROC] Msg3 slot 17: current slot 7 Msg3 frame 558 k2 7 Msg3_tda_id 3
mai 02 14:17:24 [0m1714652244.493036 [NR_MAC]    55910: RA RNTI 8817 CC_id 0 Scheduling retransmission of Msg3 in (559,17)
mai 02 14:17:24 [0m1714652244.496413 [NR_MAC]    56010: RA RNTI 8817 CC_id 0 Scheduling retransmission of Msg3 in (560,17)
mai 02 14:17:24 [0m[1;31m1714652244.497295 [NR_MAC]   UE 5238: reported RSRP index 0 invalid
mai 02 14:17:24 [0m[1;31m1714652244.497306 [NR_MAC]   UE 5238: reported RSRP index 0 invalid
mai 02 14:17:24 [0m[93m1714652244.497310 [NR_MAC]   UE 5238: Detected UL Failure on PUSCH after 11 PUSCH DTX, stopping scheduling
mai 02 14:17:24 [0m[93m1714652244.497313 [NR_MAC]   Unexpected ULSCH HARQ PID 2 (have -1) for RNTI 0x5238 (ignore this warning for RA)
mai 02 14:17:24 [0m1714652244.499620 [NR_MAC]    56110: RA RNTI 8817 CC_id 0 Scheduling retransmission of Msg3 in (561,17)
mai 02 14:17:24 [0m[93m1714652244.500392 [NR_MAC]   UE 5238: Detected UL Failure on PUSCH after 12 PUSCH DTX, stopping scheduling
mai 02 14:17:24 [0m[93m1714652244.500407 [NR_MAC]   Unexpected ULSCH HARQ PID 2 (have -1) for RNTI 0x5238 (ignore this warning for RA)
mai 02 14:17:24 [0m[93m1714652244.502670 [NR_MAC]   Random Access 3 failed at state 2 (Reached msg3 max harq rounds)
mai 02 14:17:24 [0m[1;31m1714652244.502687 [NR_MAC]   no RA proc for RNTI 0x8817 in Msg3/PUSCH
mai 02 14:17:24 [0m1714652244.786089 [NR_MAC]   Frame.Slot 640.0
mai 02 14:17:24 UE RNTI 5238 CU-UE-ID 1 out-of-sync PH 0 dB PCMAX 0 dBm, average RSRP 0 (0 meas)
mai 02 14:17:24 UE 5238: dlsch_rounds 3/3/2/2, dlsch_errors 2, pucch0_DTX 9, BLER 0.19000 MCS (0) 8
mai 02 14:17:24 UE 5238: ulsch_rounds 3/3/2/2, ulsch_errors 2, ulsch_DTX 12, BLER 0.27100 MCS (0) 7
mai 02 14:17:24 UE 5238: MAC:    TX            229 RX              0 bytes
mai 02 14:17:24 UE 5238: LCID 1: TX              0 RX              0 bytes
mai 02 14:17:24 
mai 02 14:17:25 [0m1714652245.297833 [NR_MAC]   Frame.Slot 768.0
mai 02 14:17:25 UE RNTI 5238 CU-UE-ID 1 out-of-sync PH 0 dB PCMAX 0 dBm, average RSRP 0 (0 meas)
mai 02 14:17:25 UE 5238: dlsch_rounds 3/3/2/2, dlsch_errors 2, pucch0_DTX 9, BLER 0.19000 MCS (0) 8
mai 02 14:17:25 UE 5238: ulsch_rounds 3/3/2/2, ulsch_errors 2, ulsch_DTX 12, BLER 0.27100 MCS (0) 7
mai 02 14:17:25 UE 5238: MAC:    TX            229 RX              0 bytes
mai 02 14:17:25 UE 5238: LCID 1: TX              0 RX              0 bytes
mai 02 14:17:25 
mai 02 14:17:25 [0m1714652245.760430 [NR_MAC]   Frame.Slot 896.0
mai 02 14:17:25 UE RNTI 5238 CU-UE-ID 1 out-of-sync PH 0 dB PCMAX 0 dBm, average RSRP 0 (0 meas)
mai 02 14:17:25 UE 5238: dlsch_rounds 3/3/2/2, dlsch_errors 2, pucch0_DTX 9, BLER 0.19000 MCS (0) 8
mai 02 14:17:25 UE 5238: ulsch_rounds 3/3/2/2, ulsch_errors 2, ulsch_DTX 12, BLER 0.27100 MCS (0) 7
mai 02 14:17:25 UE 5238: MAC:    TX            229 RX              0 bytes
mai 02 14:17:25 UE 5238: LCID 1: TX              0 RX              0 bytes
mai 02 14:17:25 
mai 02 14:17:26 [0m1714652246.153280 [NR_MAC]   Frame.Slot 0.0
mai 02 14:17:26 UE RNTI 5238 CU-UE-ID 1 out-of-sync PH 0 dB PCMAX 0 dBm, average RSRP 0 (0 meas)
mai 02 14:17:26 UE 5238: dlsch_rounds 3/3/2/2, dlsch_errors 2, pucch0_DTX 9, BLER 0.19000 MCS (0) 8
mai 02 14:17:26 UE 5238: ulsch_rounds 3/3/2/2, ulsch_errors 2, ulsch_DTX 12, BLER 0.27100 MCS (0) 7
mai 02 14:17:26 UE 5238: MAC:    TX            229 RX              0 bytes
mai 02 14:17:26 UE 5238: LCID 1: TX              0 RX              0 bytes
mai 02 14:17:26 
mai 02 14:17:26 [0m1714652246.636672 [NR_MAC]   Frame.Slot 128.0
mai 02 14:17:26 UE RNTI 5238 CU-UE-ID 1 out-of-sync PH 0 dB PCMAX 0 dBm, average RSRP 0 (0 meas)
mai 02 14:17:26 UE 5238: dlsch_rounds 3/3/2/2, dlsch_errors 2, pucch0_DTX 9, BLER 0.19000 MCS (0) 8
mai 02 14:17:26 UE 5238: ulsch_rounds 3/3/2/2, ulsch_errors 2, ulsch_DTX 12, BLER 0.27100 MCS (0) 7
mai 02 14:17:26 UE 5238: MAC:    TX            229 RX              0 bytes
mai 02 14:17:26 UE 5238: LCID 1: TX              0 RX              0 bytes
mai 02 14:17:26 
mai 02 14:17:27 [0m1714652247.184881 [NR_MAC]   Frame.Slot 256.0
mai 02 14:17:27 UE RNTI 5238 CU-UE-ID 1 out-of-sync PH 0 dB PCMAX 0 dBm, average RSRP 0 (0 meas)
mai 02 14:17:27 UE 5238: dlsch_rounds 3/3/2/2, dlsch_errors 2, pucch0_DTX 9, BLER 0.19000 MCS (0) 8
mai 02 14:17:27 UE 5238: ulsch_rounds 3/3/2/2, ulsch_errors 2, ulsch_DTX 12, BLER 0.27100 MCS (0) 7
mai 02 14:17:27 UE 5238: MAC:    TX            229 RX              0 bytes
mai 02 14:17:27 UE 5238: LCID 1: TX              0 RX              0 bytes
mai 02 14:17:27 
mai 02 14:17:27 [0m1714652247.675729 [NR_MAC]   Frame.Slot 384.0
mai 02 14:17:27 UE RNTI 5238 CU-UE-ID 1 out-of-sync PH 0 dB PCMAX 0 dBm, average RSRP 0 (0 meas)
mai 02 14:17:27 UE 5238: dlsch_rounds 3/3/2/2, dlsch_errors 2, pucch0_DTX 9, BLER 0.19000 MCS (0) 8
mai 02 14:17:27 UE 5238: ulsch_rounds 3/3/2/2, ulsch_errors 2, ulsch_DTX 12, BLER 0.27100 MCS (0) 7
mai 02 14:17:27 UE 5238: MAC:    TX            229 RX              0 bytes
mai 02 14:17:27 UE 5238: LCID 1: TX              0 RX              0 bytes
mai 02 14:17:27 
mai 02 14:17:28 [0m1714652248.164076 [NR_MAC]   Frame.Slot 512.0
mai 02 14:17:28 UE RNTI 5238 CU-UE-ID 1 out-of-sync PH 0 dB PCMAX 0 dBm, average RSRP 0 (0 meas)
mai 02 14:17:28 UE 5238: dlsch_rounds 3/3/2/2, dlsch_errors 2, pucch0_DTX 9, BLER 0.19000 MCS (0) 8
mai 02 14:17:28 UE 5238: ulsch_rounds 3/3/2/2, ulsch_errors 2, ulsch_DTX 12, BLER 0.27100 MCS (0) 7
mai 02 14:17:28 UE 5238: MAC:    TX            229 RX              0 bytes
mai 02 14:17:28 UE 5238: LCID 1: TX              0 RX              0 bytes
mai 02 14:17:28 
mai 02 14:17:28 [0m[1;31m1714652248.348438 [NR_MAC]   UE 5238: reported RSRP index 0 invalid
mai 02 14:17:28 [0m[1;31m1714652248.348450 [NR_MAC]   UE 5238: reported RSRP index 0 invalid
mai 02 14:17:28 [0m[93m1714652248.348454 [NR_MAC]   UE 5238: Detected UL Failure on PUSCH after 13 PUSCH DTX, stopping scheduling
mai 02 14:17:28 [0m[93m1714652248.348456 [NR_MAC]   Unexpected ULSCH HARQ PID 2 (have -1) for RNTI 0x5238 (ignore this warning for RA)
mai 02 14:17:28 [0m[93m1714652248.351218 [NR_MAC]   UE 5238: Detected UL Failure on PUSCH after 14 PUSCH DTX, stopping scheduling
mai 02 14:17:28 [0m[93m1714652248.351229 [NR_MAC]   Unexpected ULSCH HARQ PID 2 (have -1) for RNTI 0x5238 (ignore this warning for RA)
mai 02 14:17:28 [0m[1;31m1714652248.352698 [NR_MAC]   no RA proc for RNTI 0x8817 in Msg3/PUSCH
mai 02 14:17:28 [0m1714652248.635172 [NR_MAC]   Frame.Slot 640.0
mai 02 14:17:28 UE RNTI 5238 CU-UE-ID 1 out-of-sync PH 0 dB PCMAX 0 dBm, average RSRP 0 (0 meas)
mai 02 14:17:28 UE 5238: dlsch_rounds 3/3/2/2, dlsch_errors 2, pucch0_DTX 9, BLER 0.19000 MCS (0) 8
mai 02 14:17:28 UE 5238: ulsch_rounds 3/3/2/2, ulsch_errors 2, ulsch_DTX 14, BLER 0.27100 MCS (0) 7
mai 02 14:17:28 UE 5238: MAC:    TX            229 RX              0 bytes
mai 02 14:17:28 UE 5238: LCID 1: TX              0 RX              0 bytes
mai 02 14:17:28 
mai 02 14:17:29 [0m1714652249.009683 [NR_MAC]   Frame.Slot 768.0
mai 02 14:17:29 UE RNTI 5238 CU-UE-ID 1 out-of-sync PH 0 dB PCMAX 0 dBm, average RSRP 0 (0 meas)
mai 02 14:17:29 UE 5238: dlsch_rounds 3/3/2/2, dlsch_errors 2, pucch0_DTX 9, BLER 0.19000 MCS (0) 8
mai 02 14:17:29 UE 5238: ulsch_rounds 3/3/2/2, ulsch_errors 2, ulsch_DTX 14, BLER 0.27100 MCS (0) 7
mai 02 14:17:29 UE 5238: MAC:    TX            229 RX              0 bytes
mai 02 14:17:29 UE 5238: LCID 1: TX              0 RX              0 bytes
mai 02 14:17:29 
mai 02 14:17:29 [0m1714652249.320966 [NR_MAC]   Frame.Slot 896.0
mai 02 14:17:29 UE RNTI 5238 CU-UE-ID 1 out-of-sync PH 0 dB PCMAX 0 dBm, average RSRP 0 (0 meas)
mai 02 14:17:29 UE 5238: dlsch_rounds 3/3/2/2, dlsch_errors 2, pucch0_DTX 9, BLER 0.19000 MCS (0) 8
mai 02 14:17:29 UE 5238: ulsch_rounds 3/3/2/2, ulsch_errors 2, ulsch_DTX 14, BLER 0.27100 MCS (0) 7
mai 02 14:17:29 UE 5238: MAC:    TX            229 RX              0 bytes
mai 02 14:17:29 UE 5238: LCID 1: TX              0 RX              0 bytes
mai 02 14:17:29 
mai 02 14:17:29 [0m1714652249.663083 [NR_MAC]   Frame.Slot 0.0
mai 02 14:17:29 UE RNTI 5238 CU-UE-ID 1 out-of-sync PH 0 dB PCMAX 0 dBm, average RSRP 0 (0 meas)
mai 02 14:17:29 UE 5238: dlsch_rounds 3/3/2/2, dlsch_errors 2, pucch0_DTX 9, BLER 0.19000 MCS (0) 8
mai 02 14:17:29 UE 5238: ulsch_rounds 3/3/2/2, ulsch_errors 2, ulsch_DTX 14, BLER 0.27100 MCS (0) 7
mai 02 14:17:29 UE 5238: MAC:    TX            229 RX              0 bytes
mai 02 14:17:29 UE 5238: LCID 1: TX              0 RX              0 bytes
mai 02 14:17:29 
mai 02 14:17:29 [0m1714652249.976149 [NR_MAC]   Frame.Slot 128.0
mai 02 14:17:29 UE RNTI 5238 CU-UE-ID 1 out-of-sync PH 0 dB PCMAX 0 dBm, average RSRP 0 (0 meas)
mai 02 14:17:29 UE 5238: dlsch_rounds 3/3/2/2, dlsch_errors 2, pucch0_DTX 9, BLER 0.19000 MCS (0) 8
mai 02 14:17:29 UE 5238: ulsch_rounds 3/3/2/2, ulsch_errors 2, ulsch_DTX 14, BLER 0.27100 MCS (0) 7
mai 02 14:17:29 UE 5238: MAC:    TX            229 RX              0 bytes
mai 02 14:17:29 UE 5238: LCID 1: TX              0 RX              0 bytes
mai 02 14:17:29 
mai 02 14:17:30 [0m1714652250.289853 [NR_MAC]   Frame.Slot 256.0
mai 02 14:17:30 UE RNTI 5238 CU-UE-ID 1 out-of-sync PH 0 dB PCMAX 0 dBm, average RSRP 0 (0 meas)
mai 02 14:17:30 UE 5238: dlsch_rounds 3/3/2/2, dlsch_errors 2, pucch0_DTX 9, BLER 0.19000 MCS (0) 8
mai 02 14:17:30 UE 5238: ulsch_rounds 3/3/2/2, ulsch_errors 2, ulsch_DTX 14, BLER 0.27100 MCS (0) 7
mai 02 14:17:30 UE 5238: MAC:    TX            229 RX              0 bytes
mai 02 14:17:30 UE 5238: LCID 1: TX              0 RX              0 bytes
mai 02 14:17:30 
mai 02 14:17:30 [0m1714652250.602593 [NR_MAC]   Frame.Slot 384.0
mai 02 14:17:30 UE RNTI 5238 CU-UE-ID 1 out-of-sync PH 0 dB PCMAX 0 dBm, average RSRP 0 (0 meas)
mai 02 14:17:30 UE 5238: dlsch_rounds 3/3/2/2, dlsch_errors 2, pucch0_DTX 9, BLER 0.19000 MCS (0) 8
mai 02 14:17:30 UE 5238: ulsch_rounds 3/3/2/2, ulsch_errors 2, ulsch_DTX 14, BLER 0.27100 MCS (0) 7
mai 02 14:17:30 UE 5238: MAC:    TX            229 RX              0 bytes
mai 02 14:17:30 UE 5238: LCID 1: TX              0 RX              0 bytes
mai 02 14:17:30 
mai 02 14:17:30 [0m[93m1714652250.895868 [MAC]   UE 5238: request release after UL failure timer expiry
mai 02 14:17:30 [0m1714652250.895902 [NR_RRC]   received UE Context Release Request for UE 1, forwarding to AMF
mai 02 14:17:30 [0m[93m1714652250.895918 [NGAP]   Failed to find ue context associated with gNB ue ngap id: 1
mai 02 14:17:30 [0m1714652250.895942 [NR_RRC]   [FRAME 00000][gNB][MOD 00][RNTI 1] Logical Channel DL-DCCH, Generate RRCRelease (bytes 3)
mai 02 14:17:30 [0m[93m1714652250.895949 [RLC]   remove UE 5238
mai 02 14:17:30 [0m1714652250.896013 [NR_MAC]   Remove NR rnti 0x5238
mai 02 14:17:30 [0m1714652250.896245 [NR_RRC]   removed UE CU UE ID 1/RNTI 5238 
mai 02 14:17:30 [0m[1;31m1714652250.896249 [NGAP]   Failed to find ue context associated with gNB ue ngap id: 1
mai 02 14:17:30 [0m1714652250.896355 [NR_RRC]   Removed UE context
mai 02 14:17:30 [0m1714652250.946474 [NR_MAC]   Frame.Slot 512.0
mai 02 14:17:30 
mai 02 14:17:31 [0m[1;31m1714652251.059556 [NR_MAC]   handle_nr_uci_pucch_2_3_4(): unknown RNTI 5238 in PUCCH UCI
mai 02 14:17:31 [0m[1;31m1714652251.059569 [NR_MAC]   no RA proc for RNTI 0x5238 in Msg3/PUSCH
mai 02 14:17:31 [0m[1;31m1714652251.061688 [NR_MAC]   handle_nr_uci_pucch_0_1(): unknown RNTI 5238 in PUCCH UCI
mai 02 14:17:31 [0m[1;31m1714652251.061701 [NR_MAC]   no RA proc for RNTI 0x5238 in Msg3/PUSCH
mai 02 14:17:31 [0m[1;31m1714652251.063068 [NR_MAC]   no RA proc for RNTI 0x8817 in Msg3/PUSCH
mai 02 14:17:31 [0m1714652251.241633 [NR_MAC]   Frame.Slot 640.0
mai 02 14:17:31 
mai 02 14:17:31 [0m1714652251.514229 [NR_MAC]   Frame.Slot 768.0
mai 02 14:17:31 
mai 02 14:17:31 [0m1714652251.798847 [NR_MAC]   Frame.Slot 896.0
mai 02 14:17:31 
mai 02 14:17:32 [0m1714652252.110666 [NR_MAC]   Frame.Slot 0.0
mai 02 14:17:32 
mai 02 14:17:32 [0m1714652252.441707 [NR_MAC]   Frame.Slot 128.0
mai 02 14:17:32 
mai 02 14:17:32 [0m1714652252.793058 [NR_MAC]   Frame.Slot 256.0
mai 02 14:17:32 
mai 02 14:17:33 [0m1714652253.096875 [NR_MAC]   Frame.Slot 384.0
mai 02 14:17:33 
mai 02 14:17:33 [0m1714652253.387089 [NR_MAC]   Frame.Slot 512.0
mai 02 14:17:33 
mai 02 14:17:33 [0m[1;31m1714652253.499723 [NR_MAC]   handle_nr_uci_pucch_2_3_4(): unknown RNTI 5238 in PUCCH UCI
mai 02 14:17:33 [0m[1;31m1714652253.499738 [NR_MAC]   no RA proc for RNTI 0x5238 in Msg3/PUSCH
mai 02 14:17:33 [0m[1;31m1714652253.501833 [NR_MAC]   handle_nr_uci_pucch_0_1(): unknown RNTI 5238 in PUCCH UCI
mai 02 14:17:33 [0m[1;31m1714652253.501846 [NR_MAC]   no RA proc for RNTI 0x5238 in Msg3/PUSCH
mai 02 14:17:33 [0m[1;31m1714652253.502981 [NR_MAC]   no RA proc for RNTI 0x8817 in Msg3/PUSCH
mai 02 14:17:33 [0m1714652253.911405 [NR_MAC]   Frame.Slot 640.0
mai 02 14:17:33 
mai 02 14:17:34 [0m
mai 02 14:17:34 ** Caught SIGTERM, shutting down
mai 02 14:17:34 Returned from ITTI signal handler
mai 02 14:17:34 oai_exit=1
mai 02 14:17:34 Bye.
