 二  22 14:57:12 [UTIL]   running in SA mode (no --phy-test, --do-ra, --nsa option present)
 二  22 14:57:13 [0m[OPT]   OPT disabled
 二  22 14:57:13 [0m[HW]   Version: Branch: HEAD Abrev. Hash: 6d9c2c35b8 Date: Tue Feb 18 11:37:07 2025 +0000
 二  22 14:57:13 [0m[GNB_APP]   Initialized RAN Context: RC.nb_nr_inst = 1, RC.nb_nr_macrlc_inst = 0, RC.nb_nr_L1_inst = 0, RC.nb_RU = 0, RC.nb_nr_CC[0] = 0
 二  22 14:57:13 [0m[GNB_APP]   F1AP: gNB_CU_id[0] 3584
 二  22 14:57:13 [0m[GNB_APP]   F1AP: gNB_CU_name[0] cu-rfsim
 二  22 14:57:13 [0m[GNB_APP]   SDAP layer is disabled
 二  22 14:57:13 [0m[GNB_APP]   Data Radio Bearer count 1
 二  22 14:57:13 [0m[NR_RRC]   do_SIB23_NR, size 9
 二  22 14:57:13 [0m[UTIL]   threadCreate() for TASK_SCTP: creating thread with affinity ffffffff, priority 50
 二  22 14:57:13 [0m[X2AP]   X2AP is disabled.
 二  22 14:57:13 [0m[UTIL]   threadCreate() for TASK_NGAP: creating thread with affinity ffffffff, priority 50
 二  22 14:57:13 [0m[UTIL]   threadCreate() for TASK_GNB_APP: creating thread with affinity ffffffff, priority 50
 二  22 14:57:13 [0m[UTIL]   threadCreate() for TASK_RRC_GNB: creating thread with affinity ffffffff, priority 50
 二  22 14:57:13 [0m[NGAP]   Registered new gNB[0] and macro gNB id 3584
 二  22 14:57:13 [0m[NGAP]   [gNB 0] check the amf registration state
 二  22 14:57:13 [0m[GTPU]   Configuring GTPu
 二  22 14:57:13 [0m[GTPU]   SA mode 
 二  22 14:57:13 [0m[GTPU]   Configuring GTPu address : 192.168.18.207, port : 2152
 二  22 14:57:13 [0m[GTPU]   Initializing UDP for local address 192.168.18.207 with port 2152
 二  22 14:57:13 [0m[93m[GTPU]   bind: Cannot assign requested address
 二  22 14:57:13 [0m[1;31m[GTPU]   failed to bind socket: 192.168.18.207 2152 
 二  22 14:57:13 [0m[1;31m[GTPU]   can't create GTP-U instance
 二  22 14:57:13 [0m[GTPU]   Created gtpu instance id: -1
 二  22 14:57:13 [0m[1;31m[E1AP]   Failed to create CUUP N3 UDP listener
 二  22 14:57:13 [0m[93m[SCTP]   sctp_bindx() SCTP_BINDX_ADD_ADDR failed: errno 99 Cannot assign requested address
 二  22 14:57:13 [0m[1;31m[SCTP]   could not open socket, no SCTP connection established
 二  22 14:57:13 [0m[UTIL]   threadCreate() for TASK_CU_F1: creating thread with affinity ffffffff, priority 50
 二  22 14:57:13 [0m[NR_RRC]   Entering main loop of NR_RRC message task
 二  22 14:57:13 [0m[NR_RRC]   Accepting new CU-UP ID 3584 name cu-rfsim (assoc_id -1)
 二  22 14:57:13 [0m[UTIL]   threadCreate() for TASK_GTPV1_U: creating thread with affinity ffffffff, priority 50
 二  22 14:57:13 [0m[F1AP]   Starting F1AP at CU
 二  22 14:57:13 [0m[F1AP]   F1AP_CU_SCTP_REQ(create socket) for 192.168.130.83 len 15
 二  22 14:57:13 [0m[GTPU]   Initializing UDP for local address 192.168.130.83 with port 2153
 二  22 14:57:13 [0m[GTPU]   Created gtpu instance id: 93
 二  22 14:57:16 [0m[NR_RRC]   Received F1 Setup Request from gNB_DU 3584 (gNB-du-high) on assoc_id 1536
 二  22 14:57:16 [0m[RRC]   Accepting DU 3584 (gNB-du-high), sending F1 Setup Response
 二  22 14:57:16 [0m[RRC]   DU uses RRC version 17.3.0
 二  22 14:57:23 [0m[NR_RRC]   Decoding CCCH: RNTI 0a3f, payload_size 6
 二  22 14:57:23 [0m[32m[NR_RRC]   [--] (cellID 0, UE ID 1 RNTI 0a3f) Create UE context: CU UE ID 1 DU UE ID 2623 (rnti: 0a3f, random ue id e2636c706d000000)
 二  22 14:57:23 [0m[RRC]   activate SRB 1 of UE 1
 二  22 14:57:23 [0m[32m[NR_RRC]   [DL] (cellID bc614e, UE ID 1 RNTI 0a3f) Send RRC Setup
 二  22 14:57:23 [0m[32m[NR_RRC]   [UL] (cellID bc614e, UE ID 1 RNTI 0a3f) Received RRCSetupComplete (RRC_CONNECTED reached)
 二  22 14:57:23 [0m[93m[NGAP]   No AMF is associated to the gNB
 二  22 14:57:37 [0m
 二  22 14:57:37 ** Caught SIGTERM, shutting down
 二  22 14:57:37 CMDLINE: "cmake_targets/ran_build/build/nr-softmodem" "--sa" "-O" "ci-scripts/conf_files/gnb-cu.sa.band78.106prb.conf" 
 二  22 14:57:37 [CONFIG] function config_libconfig_init returned 0
 二  22 14:57:37 TYPE <CTRL-C> TO TERMINATE
 二  22 14:57:37 Returned from ITTI signal handler
 二  22 14:57:37 Bye.
