[UTIL]   running in SA mode (no --phy-test, --do-ra, --nsa option present)
[0m[OPT]   OPT disabled
[0m[HW]   Version: Branch: HEAD Abrev. Hash: 6d9c2c35b8 Date: Tue Feb 18 11:37:07 2025 +0000
[0m[GNB_APP]   Initialized RAN Context: RC.nb_nr_inst = 1, RC.nb_nr_macrlc_inst = 1, RC.nb_nr_L1_inst = 0, RC.nb_RU = 0, RC.nb_nr_CC[0] = 0
[0m[GNB_APP]   pdsch_AntennaPorts N1 1 N2 1 XP 1 pusch_AntennaPorts 1
[0m[1;31m[GNB_APP]   RU information not present in config file. Assuming physical antenna ports equal to logical antenna ports 1
[0m[GNB_APP]   minTXRXTIME 6
[0m[GNB_APP]   SIB1 TDA 1
[0m[GNB_APP]   CSI-RS 0, SRS 0, 256 QAM may be on, delta_MCS off, maxMIMO_Layers -1, HARQ feedback enabled, num DLHARQ:16, num ULHARQ:16
[0m[GNB_APP]   sr_ProhibitTimer 0, sr_TransMax 64, sr_ProhibitTimer_v1700 0, t300 400, t301 400, t310 2000, n310 10, t311 3000, n311 1, t319 400
[0m[NR_MAC]   Candidates per PDCCH aggregation level on UESS: L1: 0, L2: 2, L4: 0, L8: 0, L16: 0
[0m[RRC]   Read in ServingCellConfigCommon (PhysCellId 0, ABSFREQSSB 641280, DLBand 78, ABSFREQPOINTA 640008, DLBW 106,RACH_TargetReceivedPower -96
[0m[RRC]   absoluteFrequencySSB 641280 corresponds to 3619200000 Hz
[0m[NR_MAC]   TDD period index = 6, based on the sum of dl_UL_TransmissionPeriodicity from Pattern1 (5.000000 ms) and Pattern2 (0.000000 ms): Total = 5.000000 ms
[0m[UTIL]   threadCreate() for MAC_STATS: creating thread with affinity ffffffff, priority 2
[0m[NR_MAC]   PUSCH Target 200, PUCCH Target 200, PUCCH Failure 10, PUSCH Failure 10
[0mCMDLINE: "./nr-softmodem" "-O" "/home/hpe/OnlyOAI/nfapi-split-script/CONFIG/gnb-vnf-du.sa.band78.106prb.nfapi.conf" "--nfapi" "VNF" 
[CONFIG] function config_libconfig_init returned 0
105420.467450 [I] 2605572096: nfapi_trace_init: NFAPI_TRACE_LEVEL='info'
105420.467453 [I] 2605572096: configure_nr_nfapi_vnf: [VNF] configure_nr_nfapi_vnf() vnf.p7_vnfs[0].config:0x64ec25978b90 VNF ADDRESS:127.0.0.1:50001
105420.467461 [I] 2605572096: configure_nr_nfapi_vnf: [VNF] Creating VNF NFAPI start thread configure_nr_nfapi_vnf
105420.470121 [I] 2605572096: configure_nr_nfapi_vnf: [VNF] Created VNF NFAPI start thread configure_nr_nfapi_vnf
105420.470126 [I] 2470446656: vnf_nr_start_thread: [VNF] VNF NFAPI thread - nfapi_vnf_start()vnf_nr_start_thread
105420.470136 [I] 2470446656: nfapi_nr_vnf_start: nfapi_nr_vnf_start()
105420.470139 [I] 2470446656: nfapi_nr_vnf_start: Starting P5 VNF connection on port 50001
105420.470146 [I] 2470446656: nfapi_nr_vnf_start: P5 socket created... 94
105420.470149 [N] 2470446656: nfapi_nr_vnf_start: VNF Setting the SCTP_INITMSG
105420.470152 [I] 2470446656: nfapi_nr_vnf_start: IPV4 binding to port 50001
105420.470155 [I] 2470446656: nfapi_nr_vnf_start: bind succeeded..94.
[NR_PHY]   Copying 0 blacklisted PRB to L1 context
[0m105420.470172 [I] 2470446656: nfapi_nr_vnf_start: listen succeeded...
[NR_MAC]   Set TX antenna number to 1, Set RX antenna number to 1 (num ssb 1: 80000000,0)
[0m[NR_MAC]   TDD period index = 6, based on the sum of dl_UL_TransmissionPeriodicity from Pattern1 (5.000000 ms) and Pattern2 (0.000000 ms): Total = 5.000000 ms
[0m[NR_MAC]   Set TDD configuration period to: 8 DL slots, 3 UL slots, 10 slots per period (NR_TDD_UL_DL_Pattern is 7 DL slots, 2 UL slots, 6 DL symbols, 4 UL symbols)
[0m[NR_MAC]   Configured 1 TDD patterns (total slots: pattern1 = 10, pattern2 = 0)
[0m[NR_PHY]   Set TDD Period Configuration: 2 periods per frame, 20 slots to be configured (8 DL, 3 UL)
[0m[NR_PHY]   TDD period configuration: slot 0 is DOWNLINK
[0m[NR_PHY]   TDD period configuration: slot 1 is DOWNLINK
[0m[NR_PHY]   TDD period configuration: slot 2 is DOWNLINK
[0m[NR_PHY]   TDD period configuration: slot 3 is DOWNLINK
[0m[NR_PHY]   TDD period configuration: slot 4 is DOWNLINK
[0m[NR_PHY]   TDD period configuration: slot 5 is DOWNLINK
[0m[NR_PHY]   TDD period configuration: slot 6 is DOWNLINK
[0m[NR_PHY]   TDD period configuration: slot 7 is FLEXIBLE: DDDDDDFFFFUUUU
[0m[NR_PHY]   TDD period configuration: slot 8 is UPLINK
[0m[NR_PHY]   TDD period configuration: slot 9 is UPLINK
[0m[NR_RRC]   SIB1 freq: offsetToPointA 86
[0m[GNB_APP]   F1AP: gNB idx 0 gNB_DU_id 3584, gNB_DU_name gNB-du-high, TAC 1 MCC/MNC/length 1/1/2 cellID 12345678
[0m[GNB_APP]   ngran_DU: Configuring Cell 0 for TDD
[0m[GNB_APP]   SDAP layer is disabled
[0m[GNB_APP]   Data Radio Bearer count 1
[0m[93m[RRC]   no preferred ciphering algorithm set in configuration file, applying default parameters (no security)
[0m[93m[RRC]   no preferred integrity algorithm set in configuration file, applying default parameters (nia2)
[0m[UTIL]   threadCreate() for TASK_SCTP: creating thread with affinity ffffffff, priority 50
[0m[X2AP]   X2AP is disabled.
[0m[UTIL]   threadCreate() for TASK_GNB_APP: creating thread with affinity ffffffff, priority 50
[0m[UTIL]   threadCreate() for TASK_GTPV1_U: creating thread with affinity ffffffff, priority 50
[0m[UTIL]   threadCreate() for TASK_DU_F1: creating thread with affinity ffffffff, priority 50
[0m[F1AP]   Starting F1AP at DU
[0m[F1AP]   F1-C DU IPaddr 192.168.130.81, connect to F1-C CU 192.168.130.83, binding GTP to 192.168.130.81
[0m[GTPU]   Initializing UDP for local address 192.168.130.81 with port 2153
[0m[GTPU]   Created gtpu instance id: 95
[0m[MAC]   received F1 Setup Response from CU cu-rfsim
[0m[MAC]   CU uses RRC version 17.3.0
[0m[MAC]   Clearing the DU's UE states before, if any.
[0mTYPE <CTRL-C> TO TERMINATE
105422.460364 [I] 2470446656: nfapi_nr_vnf_start: Accepting connection from PNF...
105422.460424 [I] 2470446656: nfapi_nr_vnf_start: PNF connection (fd:97) accepted from 127.0.0.1:45432 
105422.460552 [I] 2470446656: nfapi_nr_vnf_start: MALLOC nfapi_vnf_pnf_info_t for pnf_list pnf:0x77a578000b70
105422.460560 [I] 2470446656: pnf_nr_connection_indication_cb: [VNF] pnf connection indication idx:0
105422.460645 [I] 2470446656: nfapi_nr_vnf_start: VNF Association ID = 280
105422.460648 [I] 2470446656: nfapi_nr_vnf_start: VNF Receiver window size = 67108854
105422.460649 [I] 2470446656: nfapi_nr_vnf_start: VNF In Streams = 5
105422.460650 [I] 2470446656: nfapi_nr_vnf_start: VNF Out Streams = 5
105422.460674 [I] 2470446656: vnf_nr_handle_pnf_param_response: Received PNF_PARAM.reponse
105422.460678 [I] 2470446656: pnf_nr_param_resp_cb: [VNF] pnf param response idx:0 error:0
105422.460680 [I] 2470446656: pnf_nr_param_resp_cb: [VNF] (PHY:0) phy_config_idx:0
105422.460682 [I] 2470446656: nfapi_vnf_phy_info_list_add: Adding phy p5_idx:0 phy_id:1
105422.460683 [I] 2470446656: pnf_nr_param_resp_cb: [VNF] (PHY:0) (RF0) 0
105422.460685 [I] 2470446656: pnf_nr_param_resp_cb: [VNF] (PHY:0) (RF1) 0
105422.460686 [I] 2470446656: pnf_nr_param_resp_cb: Hard coded num phy rf to 2
105422.460725 [I] 2470446656: vnf_nr_handle_pnf_config_response: Received PNF_CONFIG_RESPONSE
105422.460728 [I] 2470446656: pnf_nr_config_resp_cb: [VNF] pnf config response idx:0 resp[header[phy_id:0 message_id:103 message_length:1]]
105422.460765 [I] 2470446656: vnf_nr_handle_pnf_start_response: Received PNF_START_RESPONSE
105422.460768 [I] 2470446656: pnf_nr_start_resp_cb: [VNF] pnf start response idx:0 config:0x64ec25978ce0 user_data:0x64ebf0518600 p7_vnf[config:0x64ec25978b90 thread_started:0]
[UTIL]   threadCreate() for vnf_p7_thread: creating thread with affinity ffffffff, priority 50
[0m105422.463508 [I] 2346714688: vnf_nr_p7_thread_start: [VNF] Creating VNF NFAPI P7 start thread vnf_nr_p7_thread_start
105422.463519 [I] 2470446656: pnf_nr_start_resp_cb: [VNF] Sending NFAPI_VNF_PARAM_REQUEST phy_id:1
105422.463623 [I] 2470446656: vnf_nr_handle_param_response: Received PARAM_RESPONSE
105422.463633 [I] 2470446656: vnf_nr_handle_param_response: PNF P7 IPv4 address: 127.0.0.1
105422.463635 [I] 2470446656: vnf_nr_handle_param_response: PNF P7 IPv6 address: ::
105422.463636 [I] 2470446656: vnf_nr_handle_param_response: PNF P7 Port: 23235
105422.463638 [I] 2470446656: nr_param_resp_cb: [VNF] Received NFAPI_PARAM_RESP idx:0 phy_id:1
105422.463641 [I] 2470446656: nr_param_resp_cb: [VNF] 0.1 pnf p7 127.0.0.1:23235 timing 30 1 0 1
105422.463643 [I] 2470446656: nfapi_vnf_p7_add_pnf: nfapi_vnf_p7_add_pnf(config:0x64ec25978b90 phy_id:1 pnf_addr:127.0.0.1 pnf_p7_port:23235)
105422.463653 [I] 2470446656: vnf_p7_connection_info_list_add: vnf_p7_connection_info_list_add()
105422.463655 [I] 2470446656: nr_param_resp_cb: [VNF] Send NFAPI_CONFIG_REQUEST
105422.463656 [I] 2470446656: nr_param_resp_cb: [VNF] Local_port:23491
105422.463657 [I] 2470446656: nr_param_resp_cb: [VNF] Local_addr:127.0.0.1
105422.463659 [I] 2470446656: nr_param_resp_cb: 
[VNF]Timing window tag : 286 Timing window:30
[VNF] Sent NFAPI_VNF_CONFIG_REQ num_tlv:131
105422.463911 [I] 2470446656: vnf_nr_handle_config_response: Received CONFIG_RESPONSE
105422.463915 [I] 2470446656: nr_config_resp_cb: [VNF] Received NFAPI_CONFIG_RESP idx:0 phy_id:1
105422.463916 [I] 2470446656: nr_config_resp_cb: [VNF] Calling oai_enb_init()
105422.466237 [I] 2336228928: vnf_nr_p7_start_thread: vnf_nr_p7_start_thread()
105422.466254 [I] 2336228928: nfapi_nr_vnf_p7_start: nfapi_nr_vnf_p7_start()
105422.466257 [I] 2336228928: nfapi_nr_vnf_p7_start: Initialising VNF P7 port:50011
105422.466267 [I] 2336228928: nfapi_nr_vnf_p7_start: VNF P7 socket created...
105422.466271 [I] 2336228928: nfapi_nr_vnf_p7_start: VNF P7 setsockopt succeeded...
105422.466274 [I] 2336228928: nfapi_nr_vnf_p7_start: VNF P7 binding too 0.0.0.0:50011
105422.466279 [I] 2336228928: nfapi_nr_vnf_p7_start: VNF P7 bind succeeded...
105428.134938 [N] 2336228928: vnf_nr_p7_read_dispatch_message: reallocing rx buffer 22
105428.145574 [N] 2336228928: vnf_nr_p7_read_dispatch_message: reallocing rx buffer 78
105428.183724 [I] 2470446656: vnf_nr_handle_start_response: Received START_RESPONSE
105428.183744 [I] 2470446656: nr_start_resp_cb: [VNF] Received NFAPI_START_RESP idx:0 phy_id:1
[NR_MAC]   Frame.Slot 128.0

[0m[NR_MAC]   Frame.Slot 256.0

[0m105430.169219 [I] 2336228928: vnf_handle_nr_rach_indication: vnf_handle_nr_rach_indication: Handling RACH Indication
[32m[NR_MAC]   279.19 UE RA-RNTI 010b TC-RNTI ca69: Activating RA process index 0
[0m[NR_MAC]   UE ca69: Msg3 scheduled at 281.7 (280.17 TDA 3)
[0m[32m[NR_MAC]   UE ca69: 280.17 Generating RA-Msg2 DCI, RA RNTI 0x10b, state 1, CoreSetType 0, preamble_index(RAPID) 29, timing_offset = 0 (estimated distance 0.0 [m])
[0m[32m[NR_MAC]   280.17 Send RAR to RA-RNTI 010b
[0m[NR_MAC]   Adding new UE context with RNTI 0xca69
[0m[32m[NR_MAC]    281. 7 PUSCH with TC_RNTI 0xca69 received correctly
[0m[MAC]   [RAPROC] Received SDU for CCCH length 6 for UE ca69
[0m[RLC]   Activated srb0 for UE 51817
[0m[RLC]   Added srb 1 to UE 51817
[0m[NR_MAC]   Activating scheduling Msg4 for TC_RNTI 0xca69 (state WAIT_Msg3)
[0m[93m[NR_MAC]   Unexpected ULSCH HARQ PID 0 (have -1) for RNTI 0xca69
[0m[NR_MAC]   UE ca69 Generate msg4: feedback at  282. 9, payload 153 bytes, next state WAIT_Msg4_ACK
[0m[32m[NR_MAC]    283. 1 UE ca69: Received Ack of Msg4. CBRA procedure succeeded!
[0m105430.197840 [N] 2336228928: vnf_nr_p7_read_dispatch_message: reallocing rx buffer 156
[NR_MAC]   Frame.Slot 384.0
UE RNTI ca69 CU-UE-ID 1 in-sync PH 48 dB PCMAX 20 dBm, average RSRP -44 (12 meas)
UE ca69: dlsch_rounds 12/0/0/0, dlsch_errors 0, pucch0_DTX 0, BLER 0.07290 MCS (0) 9
UE ca69: ulsch_rounds 23/0/0/0, ulsch_errors 0, ulsch_DTX 0, BLER 0.03874 MCS (0) 9 (Qm 2 deltaMCS 0 dB) NPRB 5  SNR 51.0 dB
UE ca69: MAC:    TX           1353 RX           1371 bytes
UE ca69: LCID 1: TX            202 RX            280 bytes

[0m[RLC]   Added srb 2 to UE 51817
[0m[RLC]   Added drb 1 to UE 51817
[0m[RLC]   Added DRB to UE 51817
[0m[GTPU]   [95] Created tunnel for UE ID 51817, teid for incoming: 37995098, teid for outgoing 82693071 to remote IPv4: 192.168.130.83, IPv6 ::
[0m[NR_MAC]   Frame.Slot 512.0
UE RNTI ca69 CU-UE-ID 1 in-sync PH 48 dB PCMAX 20 dBm, average RSRP -44 (16 meas)
UE ca69: dlsch_rounds 15/0/0/0, dlsch_errors 0, pucch0_DTX 0, BLER 0.06561 MCS (0) 9
UE ca69: ulsch_rounds 38/0/0/0, ulsch_errors 0, ulsch_DTX 0, BLER 0.00985 MCS (0) 9 (Qm 2 deltaMCS 0 dB) NPRB 5  SNR 51.0 dB
UE ca69: MAC:    TX           1932 RX           2927 bytes
UE ca69: LCID 1: TX            519 RX            293 bytes
UE ca69: LCID 2: TX              0 RX              0 bytes
UE ca69: LCID 4: TX              0 RX              0 bytes

[0m[NR_MAC]   Frame.Slot 640.0
UE RNTI ca69 CU-UE-ID 1 in-sync PH 48 dB PCMAX 20 dBm, average RSRP -44 (16 meas)
UE ca69: dlsch_rounds 16/0/0/0, dlsch_errors 0, pucch0_DTX 0, BLER 0.05905 MCS (0) 9
UE ca69: ulsch_rounds 51/0/0/0, ulsch_errors 0, ulsch_DTX 0, BLER 0.00250 MCS (0) 9 (Qm 2 deltaMCS 0 dB) NPRB 5  SNR 51.0 dB
UE ca69: MAC:    TX           2055 RX           4319 bytes
UE ca69: LCID 1: TX            519 RX            293 bytes
UE ca69: LCID 2: TX              0 RX              0 bytes
UE ca69: LCID 4: TX              0 RX              0 bytes

[0m[NR_MAC]   Frame.Slot 768.0
UE RNTI ca69 CU-UE-ID 1 in-sync PH 48 dB PCMAX 20 dBm, average RSRP -44 (16 meas)
UE ca69: dlsch_rounds 17/0/0/0, dlsch_errors 0, pucch0_DTX 0, BLER 0.05314 MCS (0) 9
UE ca69: ulsch_rounds 63/0/0/0, ulsch_errors 0, ulsch_DTX 0, BLER 0.00071 MCS (0) 9 (Qm 2 deltaMCS 0 dB) NPRB 5  SNR 51.0 dB
UE ca69: MAC:    TX           2178 RX           5827 bytes
UE ca69: LCID 1: TX            519 RX            293 bytes
UE ca69: LCID 2: TX              0 RX              0 bytes
UE ca69: LCID 4: TX              0 RX              0 bytes

[0m[NR_MAC]   Frame.Slot 896.0
UE RNTI ca69 CU-UE-ID 1 in-sync PH 48 dB PCMAX 20 dBm, average RSRP -44 (16 meas)
UE ca69: dlsch_rounds 19/0/0/0, dlsch_errors 0, pucch0_DTX 0, BLER 0.04305 MCS (0) 9
UE ca69: ulsch_rounds 76/0/0/0, ulsch_errors 0, ulsch_DTX 0, BLER 0.00018 MCS (0) 9 (Qm 2 deltaMCS 0 dB) NPRB 5  SNR 51.0 dB
UE ca69: MAC:    TX           2424 RX           7335 bytes
UE ca69: LCID 1: TX            519 RX            293 bytes
UE ca69: LCID 2: TX              0 RX              0 bytes
UE ca69: LCID 4: TX              0 RX              0 bytes

[0m[NR_MAC]   Frame.Slot 0.0
UE RNTI ca69 CU-UE-ID 1 in-sync PH 48 dB PCMAX 20 dBm, average RSRP -44 (16 meas)
UE ca69: dlsch_rounds 20/0/0/0, dlsch_errors 0, pucch0_DTX 0, BLER 0.03874 MCS (0) 9
UE ca69: ulsch_rounds 89/0/0/0, ulsch_errors 0, ulsch_DTX 0, BLER 0.00005 MCS (0) 9 (Qm 2 deltaMCS 0 dB) NPRB 5  SNR 51.0 dB
UE ca69: MAC:    TX           2547 RX           8843 bytes
UE ca69: LCID 1: TX            519 RX            293 bytes
UE ca69: LCID 2: TX              0 RX              0 bytes
UE ca69: LCID 4: TX              0 RX              0 bytes

[0m[NR_MAC]   Frame.Slot 128.0
UE RNTI ca69 CU-UE-ID 1 in-sync PH 48 dB PCMAX 20 dBm, average RSRP -44 (16 meas)
UE ca69: dlsch_rounds 21/0/0/0, dlsch_errors 0, pucch0_DTX 0, BLER 0.03487 MCS (0) 9
UE ca69: ulsch_rounds 102/0/0/0, ulsch_errors 0, ulsch_DTX 0, BLER 0.00001 MCS (0) 9 (Qm 2 deltaMCS 0 dB) NPRB 5  SNR 51.0 dB
UE ca69: MAC:    TX           2670 RX          10351 bytes
UE ca69: LCID 1: TX            519 RX            293 bytes
UE ca69: LCID 2: TX              0 RX              0 bytes
UE ca69: LCID 4: TX              0 RX              0 bytes

[0m[NR_MAC]   Frame.Slot 256.0
UE RNTI ca69 CU-UE-ID 1 in-sync PH 49 dB PCMAX 20 dBm, average RSRP -44 (16 meas)
UE ca69: dlsch_rounds 23/0/0/0, dlsch_errors 0, pucch0_DTX 0, BLER 0.02824 MCS (0) 9
UE ca69: ulsch_rounds 117/0/0/0, ulsch_errors 0, ulsch_DTX 0, BLER 0.00000 MCS (0) 9 (Qm 2 deltaMCS 0 dB) NPRB 5  SNR 51.0 dB
UE ca69: MAC:    TX           2916 RX          11729 bytes
UE ca69: LCID 1: TX            519 RX            293 bytes
UE ca69: LCID 2: TX              0 RX              0 bytes
UE ca69: LCID 4: TX              3 RX             69 bytes

[0m[NR_MAC]   Frame.Slot 384.0
UE RNTI ca69 CU-UE-ID 1 in-sync PH 48 dB PCMAX 20 dBm, average RSRP -44 (16 meas)
UE ca69: dlsch_rounds 25/0/0/0, dlsch_errors 0, pucch0_DTX 0, BLER 0.02288 MCS (0) 9
UE ca69: ulsch_rounds 130/0/0/0, ulsch_errors 0, ulsch_DTX 0, BLER 0.00000 MCS (0) 9 (Qm 2 deltaMCS 0 dB) NPRB 5  SNR 51.0 dB
UE ca69: MAC:    TX           3162 RX          13237 bytes
UE ca69: LCID 1: TX            519 RX            293 bytes
UE ca69: LCID 2: TX              0 RX              0 bytes
UE ca69: LCID 4: TX              3 RX             69 bytes

[0m[NR_MAC]   Frame.Slot 512.0
UE RNTI ca69 CU-UE-ID 1 in-sync PH 48 dB PCMAX 20 dBm, average RSRP -44 (16 meas)
UE ca69: dlsch_rounds 26/0/0/0, dlsch_errors 0, pucch0_DTX 0, BLER 0.02059 MCS (0) 9
UE ca69: ulsch_rounds 143/0/0/0, ulsch_errors 0, ulsch_DTX 0, BLER 0.00000 MCS (0) 9 (Qm 2 deltaMCS 0 dB) NPRB 5  SNR 51.0 dB
UE ca69: MAC:    TX           3285 RX          14745 bytes
UE ca69: LCID 1: TX            519 RX            293 bytes
UE ca69: LCID 2: TX              0 RX              0 bytes
UE ca69: LCID 4: TX              3 RX             69 bytes

[0m[NR_MAC]   Frame.Slot 640.0
UE RNTI ca69 CU-UE-ID 1 in-sync PH 48 dB PCMAX 20 dBm, average RSRP -44 (16 meas)
UE ca69: dlsch_rounds 27/0/0/0, dlsch_errors 0, pucch0_DTX 0, BLER 0.01853 MCS (0) 9
UE ca69: ulsch_rounds 156/0/0/0, ulsch_errors 0, ulsch_DTX 0, BLER 0.00000 MCS (0) 9 (Qm 2 deltaMCS 0 dB) NPRB 5  SNR 51.0 dB
UE ca69: MAC:    TX           3408 RX          16253 bytes
UE ca69: LCID 1: TX            519 RX            293 bytes
UE ca69: LCID 2: TX              0 RX              0 bytes
UE ca69: LCID 4: TX              3 RX             69 bytes

[0m[NR_MAC]   Frame.Slot 768.0
UE RNTI ca69 CU-UE-ID 1 in-sync PH 48 dB PCMAX 20 dBm, average RSRP -44 (16 meas)
UE ca69: dlsch_rounds 30/0/0/0, dlsch_errors 0, pucch0_DTX 0, BLER 0.01351 MCS (0) 9
UE ca69: ulsch_rounds 174/0/0/0, ulsch_errors 0, ulsch_DTX 0, BLER 0.00000 MCS (0) 9 (Qm 2 deltaMCS 0 dB) NPRB 5  SNR 51.0 dB
UE ca69: MAC:    TX           3777 RX          17845 bytes
UE ca69: LCID 1: TX            519 RX            293 bytes
UE ca69: LCID 2: TX              0 RX              0 bytes
UE ca69: LCID 4: TX             96 RX            172 bytes

[0m[NR_MAC]   Frame.Slot 896.0
UE RNTI ca69 CU-UE-ID 1 in-sync PH 48 dB PCMAX 20 dBm, average RSRP -44 (16 meas)
UE ca69: dlsch_rounds 31/0/0/0, dlsch_errors 0, pucch0_DTX 0, BLER 0.01216 MCS (0) 9
UE ca69: ulsch_rounds 187/0/0/0, ulsch_errors 0, ulsch_DTX 0, BLER 0.00000 MCS (0) 9 (Qm 2 deltaMCS 0 dB) NPRB 5  SNR 51.0 dB
UE ca69: MAC:    TX           3900 RX          19237 bytes
UE ca69: LCID 1: TX            519 RX            293 bytes
UE ca69: LCID 2: TX              0 RX              0 bytes
UE ca69: LCID 4: TX             96 RX            172 bytes

[0m[NR_MAC]   Frame.Slot 0.0
UE RNTI ca69 CU-UE-ID 1 in-sync PH 48 dB PCMAX 20 dBm, average RSRP -44 (16 meas)
UE ca69: dlsch_rounds 33/0/0/0, dlsch_errors 0, pucch0_DTX 0, BLER 0.00985 MCS (0) 9
UE ca69: ulsch_rounds 205/0/0/0, ulsch_errors 0, ulsch_DTX 0, BLER 0.00000 MCS (0) 9 (Qm 2 deltaMCS 0 dB) NPRB 5  SNR 51.0 dB
UE ca69: MAC:    TX           4146 RX          20945 bytes
UE ca69: LCID 1: TX            519 RX            293 bytes
UE ca69: LCID 2: TX              0 RX              0 bytes
UE ca69: LCID 4: TX            189 RX            275 bytes

[0m[NR_MAC]   Frame.Slot 128.0
UE RNTI ca69 CU-UE-ID 1 in-sync PH 48 dB PCMAX 20 dBm, average RSRP -44 (16 meas)
UE ca69: dlsch_rounds 35/0/0/0, dlsch_errors 0, pucch0_DTX 0, BLER 0.00798 MCS (0) 9
UE ca69: ulsch_rounds 223/0/0/0, ulsch_errors 0, ulsch_DTX 0, BLER 0.00000 MCS (0) 10 (Qm 4 deltaMCS 0 dB) NPRB 5  SNR 51.0 dB
UE ca69: MAC:    TX           4392 RX          22421 bytes
UE ca69: LCID 1: TX            519 RX            293 bytes
UE ca69: LCID 2: TX              0 RX              0 bytes
UE ca69: LCID 4: TX            282 RX            378 bytes

[0m[NR_MAC]   Frame.Slot 256.0
UE RNTI ca69 CU-UE-ID 1 in-sync PH 48 dB PCMAX 20 dBm, average RSRP -44 (16 meas)
UE ca69: dlsch_rounds 37/0/0/0, dlsch_errors 0, pucch0_DTX 0, BLER 0.00646 MCS (0) 9
UE ca69: ulsch_rounds 235/0/0/0, ulsch_errors 0, ulsch_DTX 0, BLER 0.00000 MCS (0) 9 (Qm 2 deltaMCS 0 dB) NPRB 5  SNR 51.0 dB
UE ca69: MAC:    TX           4638 RX          23929 bytes
UE ca69: LCID 1: TX            519 RX            293 bytes
UE ca69: LCID 2: TX              0 RX              0 bytes
UE ca69: LCID 4: TX            282 RX            378 bytes

[0m[NR_MAC]   Frame.Slot 384.0
UE RNTI ca69 CU-UE-ID 1 in-sync PH 48 dB PCMAX 20 dBm, average RSRP -44 (16 meas)
UE ca69: dlsch_rounds 39/0/0/0, dlsch_errors 0, pucch0_DTX 0, BLER 0.00523 MCS (0) 9
UE ca69: ulsch_rounds 253/0/0/0, ulsch_errors 0, ulsch_DTX 0, BLER 0.00000 MCS (0) 9 (Qm 2 deltaMCS 0 dB) NPRB 5  SNR 51.0 dB
UE ca69: MAC:    TX           4884 RX          25521 bytes
UE ca69: LCID 1: TX            519 RX            293 bytes
UE ca69: LCID 2: TX              0 RX              0 bytes
UE ca69: LCID 4: TX            375 RX            481 bytes

[0m[NR_MAC]   Frame.Slot 512.0
UE RNTI ca69 CU-UE-ID 1 in-sync PH 53 dB PCMAX 20 dBm, average RSRP -44 (16 meas)
UE ca69: dlsch_rounds 41/0/0/0, dlsch_errors 0, pucch0_DTX 0, BLER 0.00424 MCS (0) 9
UE ca69: ulsch_rounds 270/0/0/0, ulsch_errors 0, ulsch_DTX 0, BLER 0.00000 MCS (0) 9 (Qm 2 deltaMCS 0 dB) NPRB 5  SNR 51.0 dB
UE ca69: MAC:    TX           5130 RX          27181 bytes
UE ca69: LCID 1: TX            519 RX            293 bytes
UE ca69: LCID 2: TX              0 RX              0 bytes
UE ca69: LCID 4: TX            468 RX            581 bytes

[0m[NR_MAC]   Frame.Slot 640.0
UE RNTI ca69 CU-UE-ID 1 in-sync PH 48 dB PCMAX 20 dBm, average RSRP -44 (16 meas)
UE ca69: dlsch_rounds 43/0/0/0, dlsch_errors 0, pucch0_DTX 0, BLER 0.00343 MCS (0) 9
UE ca69: ulsch_rounds 284/0/0/0, ulsch_errors 0, ulsch_DTX 0, BLER 0.00000 MCS (0) 9 (Qm 2 deltaMCS 0 dB) NPRB 5  SNR 51.0 dB
UE ca69: MAC:    TX           5376 RX          28621 bytes
UE ca69: LCID 1: TX            519 RX            293 bytes
UE ca69: LCID 2: TX              0 RX              0 bytes
UE ca69: LCID 4: TX            468 RX            584 bytes

[0m[NR_MAC]   Frame.Slot 768.0
UE RNTI ca69 CU-UE-ID 1 in-sync PH 48 dB PCMAX 20 dBm, average RSRP -44 (16 meas)
UE ca69: dlsch_rounds 45/0/0/0, dlsch_errors 0, pucch0_DTX 0, BLER 0.00278 MCS (0) 9
UE ca69: ulsch_rounds 302/0/0/0, ulsch_errors 0, ulsch_DTX 0, BLER 0.00000 MCS (0) 9 (Qm 2 deltaMCS 0 dB) NPRB 5  SNR 51.0 dB
UE ca69: MAC:    TX           5622 RX          30213 bytes
UE ca69: LCID 1: TX            519 RX            293 bytes
UE ca69: LCID 2: TX              0 RX              0 bytes
UE ca69: LCID 4: TX            561 RX            687 bytes

[0m[NR_MAC]   Frame.Slot 896.0
UE RNTI ca69 CU-UE-ID 1 in-sync PH 48 dB PCMAX 20 dBm, average RSRP -44 (16 meas)
UE ca69: dlsch_rounds 46/0/0/0, dlsch_errors 0, pucch0_DTX 0, BLER 0.00250 MCS (0) 9
UE ca69: ulsch_rounds 315/0/0/0, ulsch_errors 0, ulsch_DTX 0, BLER 0.00000 MCS (0) 9 (Qm 2 deltaMCS 0 dB) NPRB 5  SNR 51.0 dB
UE ca69: MAC:    TX           5745 RX          31721 bytes
UE ca69: LCID 1: TX            519 RX            293 bytes
UE ca69: LCID 2: TX              0 RX              0 bytes
UE ca69: LCID 4: TX            561 RX            687 bytes

[0m[NR_MAC]   Frame.Slot 0.0
UE RNTI ca69 CU-UE-ID 1 in-sync PH 48 dB PCMAX 20 dBm, average RSRP -44 (16 meas)
UE ca69: dlsch_rounds 49/0/0/0, dlsch_errors 0, pucch0_DTX 0, BLER 0.00203 MCS (0) 9
UE ca69: ulsch_rounds 336/0/0/0, ulsch_errors 0, ulsch_DTX 0, BLER 0.00000 MCS (0) 9 (Qm 2 deltaMCS 0 dB) NPRB 5  SNR 51.0 dB
UE ca69: MAC:    TX           6114 RX          33299 bytes
UE ca69: LCID 1: TX            519 RX            293 bytes
UE ca69: LCID 2: TX              0 RX              0 bytes
UE ca69: LCID 4: TX            657 RX            859 bytes

[0m[NR_MAC]   Frame.Slot 128.0
UE RNTI ca69 CU-UE-ID 1 in-sync PH 48 dB PCMAX 20 dBm, average RSRP -44 (16 meas)
UE ca69: dlsch_rounds 51/0/0/0, dlsch_errors 0, pucch0_DTX 0, BLER 0.00164 MCS (0) 9
UE ca69: ulsch_rounds 349/0/0/0, ulsch_errors 0, ulsch_DTX 0, BLER 0.00000 MCS (0) 9 (Qm 2 deltaMCS 0 dB) NPRB 5  SNR 51.0 dB
UE ca69: MAC:    TX           6360 RX          34807 bytes
UE ca69: LCID 1: TX            519 RX            293 bytes
UE ca69: LCID 2: TX              0 RX              0 bytes
UE ca69: LCID 4: TX            657 RX            859 bytes

[0m[NR_MAC]   Frame.Slot 256.0
UE RNTI ca69 CU-UE-ID 1 in-sync PH 48 dB PCMAX 20 dBm, average RSRP -44 (16 meas)
UE ca69: dlsch_rounds 52/0/0/0, dlsch_errors 0, pucch0_DTX 0, BLER 0.00148 MCS (0) 9
UE ca69: ulsch_rounds 362/0/0/0, ulsch_errors 0, ulsch_DTX 0, BLER 0.00000 MCS (0) 9 (Qm 2 deltaMCS 0 dB) NPRB 5  SNR 51.0 dB
UE ca69: MAC:    TX           6483 RX          36315 bytes
UE ca69: LCID 1: TX            519 RX            293 bytes
UE ca69: LCID 2: TX              0 RX              0 bytes
UE ca69: LCID 4: TX            657 RX            859 bytes

[0m[NR_MAC]   Frame.Slot 384.0
UE RNTI ca69 CU-UE-ID 1 in-sync PH 48 dB PCMAX 20 dBm, average RSRP -44 (16 meas)
UE ca69: dlsch_rounds 53/0/0/0, dlsch_errors 0, pucch0_DTX 0, BLER 0.00133 MCS (0) 9
UE ca69: ulsch_rounds 375/0/0/0, ulsch_errors 0, ulsch_DTX 0, BLER 0.00000 MCS (0) 9 (Qm 2 deltaMCS 0 dB) NPRB 5  SNR 51.0 dB
UE ca69: MAC:    TX           6606 RX          37823 bytes
UE ca69: LCID 1: TX            519 RX            293 bytes
UE ca69: LCID 2: TX              0 RX              0 bytes
UE ca69: LCID 4: TX            657 RX            859 bytes

[0m[NR_MAC]   Frame.Slot 512.0
UE RNTI ca69 CU-UE-ID 1 in-sync PH 48 dB PCMAX 20 dBm, average RSRP -44 (16 meas)
UE ca69: dlsch_rounds 54/0/0/0, dlsch_errors 0, pucch0_DTX 0, BLER 0.00120 MCS (0) 9
UE ca69: ulsch_rounds 387/0/0/0, ulsch_errors 0, ulsch_DTX 0, BLER 0.00000 MCS (0) 9 (Qm 2 deltaMCS 0 dB) NPRB 5  SNR 51.0 dB
UE ca69: MAC:    TX           6729 RX          39215 bytes
UE ca69: LCID 1: TX            519 RX            293 bytes
UE ca69: LCID 2: TX              0 RX              0 bytes
UE ca69: LCID 4: TX            657 RX            859 bytes

[0m[NR_MAC]   Frame.Slot 640.0
UE RNTI ca69 CU-UE-ID 1 in-sync PH 48 dB PCMAX 20 dBm, average RSRP -44 (16 meas)
UE ca69: dlsch_rounds 56/0/0/0, dlsch_errors 0, pucch0_DTX 0, BLER 0.00097 MCS (0) 9
UE ca69: ulsch_rounds 400/0/0/0, ulsch_errors 0, ulsch_DTX 0, BLER 0.00000 MCS (0) 9 (Qm 2 deltaMCS 0 dB) NPRB 5  SNR 51.0 dB
UE ca69: MAC:    TX           6975 RX          40723 bytes
UE ca69: LCID 1: TX            519 RX            293 bytes
UE ca69: LCID 2: TX              0 RX              0 bytes
UE ca69: LCID 4: TX            657 RX            859 bytes

[0m[NR_MAC]   Frame.Slot 768.0
UE RNTI ca69 CU-UE-ID 1 in-sync PH 48 dB PCMAX 20 dBm, average RSRP -44 (16 meas)
UE ca69: dlsch_rounds 57/0/0/0, dlsch_errors 0, pucch0_DTX 0, BLER 0.00087 MCS (0) 9
UE ca69: ulsch_rounds 413/0/0/0, ulsch_errors 0, ulsch_DTX 0, BLER 0.00000 MCS (0) 9 (Qm 2 deltaMCS 0 dB) NPRB 5  SNR 51.0 dB
UE ca69: MAC:    TX           7098 RX          42231 bytes
UE ca69: LCID 1: TX            519 RX            293 bytes
UE ca69: LCID 2: TX              0 RX              0 bytes
UE ca69: LCID 4: TX            657 RX            859 bytes

[0m[NR_MAC]   Frame.Slot 896.0
UE RNTI ca69 CU-UE-ID 1 in-sync PH 48 dB PCMAX 20 dBm, average RSRP -44 (16 meas)
UE ca69: dlsch_rounds 58/0/0/0, dlsch_errors 0, pucch0_DTX 0, BLER 0.00079 MCS (0) 9
UE ca69: ulsch_rounds 426/0/0/0, ulsch_errors 0, ulsch_DTX 0, BLER 0.00000 MCS (0) 9 (Qm 2 deltaMCS 0 dB) NPRB 5  SNR 51.0 dB
UE ca69: MAC:    TX           7221 RX          43739 bytes
UE ca69: LCID 1: TX            519 RX            293 bytes
UE ca69: LCID 2: TX              0 RX              0 bytes
UE ca69: LCID 4: TX            657 RX            859 bytes

[0m[NR_MAC]   Frame.Slot 0.0
UE RNTI ca69 CU-UE-ID 1 in-sync PH 48 dB PCMAX 20 dBm, average RSRP -44 (16 meas)
UE ca69: dlsch_rounds 60/0/0/0, dlsch_errors 0, pucch0_DTX 0, BLER 0.00064 MCS (0) 9
UE ca69: ulsch_rounds 439/0/0/0, ulsch_errors 0, ulsch_DTX 0, BLER 0.00000 MCS (0) 9 (Qm 2 deltaMCS 0 dB) NPRB 5  SNR 51.0 dB
UE ca69: MAC:    TX           7467 RX          45247 bytes
UE ca69: LCID 1: TX            519 RX            293 bytes
UE ca69: LCID 2: TX              0 RX              0 bytes
UE ca69: LCID 4: TX            657 RX            859 bytes

[0m[NR_MAC]   Frame.Slot 128.0
UE RNTI ca69 CU-UE-ID 1 in-sync PH 48 dB PCMAX 20 dBm, average RSRP -44 (16 meas)
UE ca69: dlsch_rounds 61/0/0/0, dlsch_errors 0, pucch0_DTX 0, BLER 0.00057 MCS (0) 9
UE ca69: ulsch_rounds 451/0/0/0, ulsch_errors 0, ulsch_DTX 0, BLER 0.00000 MCS (0) 9 (Qm 2 deltaMCS 0 dB) NPRB 5  SNR 51.0 dB
UE ca69: MAC:    TX           7590 RX          46639 bytes
UE ca69: LCID 1: TX            519 RX            293 bytes
UE ca69: LCID 2: TX              0 RX              0 bytes
UE ca69: LCID 4: TX            657 RX            859 bytes

[0m[NR_MAC]   Frame.Slot 256.0
UE RNTI ca69 CU-UE-ID 1 in-sync PH 48 dB PCMAX 20 dBm, average RSRP -44 (16 meas)
UE ca69: dlsch_rounds 62/0/0/0, dlsch_errors 0, pucch0_DTX 0, BLER 0.00052 MCS (0) 9
UE ca69: ulsch_rounds 464/0/0/0, ulsch_errors 0, ulsch_DTX 0, BLER 0.00000 MCS (0) 9 (Qm 2 deltaMCS 0 dB) NPRB 5  SNR 51.0 dB
UE ca69: MAC:    TX           7713 RX          48147 bytes
UE ca69: LCID 1: TX            519 RX            293 bytes
UE ca69: LCID 2: TX              0 RX              0 bytes
UE ca69: LCID 4: TX            657 RX            859 bytes

[0m[NR_MAC]   Frame.Slot 384.0
UE RNTI ca69 CU-UE-ID 1 in-sync PH 48 dB PCMAX 20 dBm, average RSRP -44 (16 meas)
UE ca69: dlsch_rounds 63/0/0/0, dlsch_errors 0, pucch0_DTX 0, BLER 0.00046 MCS (0) 9
UE ca69: ulsch_rounds 477/0/0/0, ulsch_errors 0, ulsch_DTX 0, BLER 0.00000 MCS (0) 9 (Qm 2 deltaMCS 0 dB) NPRB 5  SNR 51.0 dB
UE ca69: MAC:    TX           7836 RX          49655 bytes
UE ca69: LCID 1: TX            519 RX            293 bytes
UE ca69: LCID 2: TX              0 RX              0 bytes
UE ca69: LCID 4: TX            657 RX            859 bytes

[0m[NR_MAC]   Frame.Slot 512.0
UE RNTI ca69 CU-UE-ID 1 in-sync PH 48 dB PCMAX 20 dBm, average RSRP -44 (16 meas)
UE ca69: dlsch_rounds 65/0/0/0, dlsch_errors 0, pucch0_DTX 0, BLER 0.00038 MCS (0) 9
UE ca69: ulsch_rounds 490/0/0/0, ulsch_errors 0, ulsch_DTX 0, BLER 0.00000 MCS (0) 9 (Qm 2 deltaMCS 0 dB) NPRB 5  SNR 51.0 dB
UE ca69: MAC:    TX           8082 RX          51163 bytes
UE ca69: LCID 1: TX            519 RX            293 bytes
UE ca69: LCID 2: TX              0 RX              0 bytes
UE ca69: LCID 4: TX            657 RX            859 bytes

[0m[NR_MAC]   Frame.Slot 640.0
UE RNTI ca69 CU-UE-ID 1 in-sync PH 48 dB PCMAX 20 dBm, average RSRP -44 (16 meas)
UE ca69: dlsch_rounds 66/0/0/0, dlsch_errors 0, pucch0_DTX 0, BLER 0.00034 MCS (0) 9
UE ca69: ulsch_rounds 503/0/0/0, ulsch_errors 0, ulsch_DTX 0, BLER 0.00000 MCS (0) 9 (Qm 2 deltaMCS 0 dB) NPRB 5  SNR 51.0 dB
UE ca69: MAC:    TX           8205 RX          52671 bytes
UE ca69: LCID 1: TX            519 RX            293 bytes
UE ca69: LCID 2: TX              0 RX              0 bytes
UE ca69: LCID 4: TX            657 RX            859 bytes

[0m[NR_MAC]   Frame.Slot 768.0
UE RNTI ca69 CU-UE-ID 1 in-sync PH 48 dB PCMAX 20 dBm, average RSRP -44 (16 meas)
UE ca69: dlsch_rounds 67/0/0/0, dlsch_errors 0, pucch0_DTX 0, BLER 0.00030 MCS (0) 9
UE ca69: ulsch_rounds 515/0/0/0, ulsch_errors 0, ulsch_DTX 0, BLER 0.00000 MCS (0) 9 (Qm 2 deltaMCS 0 dB) NPRB 5  SNR 51.0 dB
UE ca69: MAC:    TX           8328 RX          54063 bytes
UE ca69: LCID 1: TX            519 RX            293 bytes
UE ca69: LCID 2: TX              0 RX              0 bytes
UE ca69: LCID 4: TX            657 RX            859 bytes

[0m[NR_MAC]   Frame.Slot 896.0
UE RNTI ca69 CU-UE-ID 1 in-sync PH 48 dB PCMAX 20 dBm, average RSRP -44 (16 meas)
UE ca69: dlsch_rounds 69/0/0/0, dlsch_errors 0, pucch0_DTX 0, BLER 0.00025 MCS (0) 9
UE ca69: ulsch_rounds 528/0/0/0, ulsch_errors 0, ulsch_DTX 0, BLER 0.00000 MCS (0) 9 (Qm 2 deltaMCS 0 dB) NPRB 5  SNR 51.0 dB
UE ca69: MAC:    TX           8574 RX          55571 bytes
UE ca69: LCID 1: TX            519 RX            293 bytes
UE ca69: LCID 2: TX              0 RX              0 bytes
UE ca69: LCID 4: TX            657 RX            859 bytes

[0m[NR_MAC]   Frame.Slot 0.0
UE RNTI ca69 CU-UE-ID 1 in-sync PH 48 dB PCMAX 20 dBm, average RSRP -44 (16 meas)
UE ca69: dlsch_rounds 70/0/0/0, dlsch_errors 0, pucch0_DTX 0, BLER 0.00022 MCS (0) 9
UE ca69: ulsch_rounds 541/0/0/0, ulsch_errors 0, ulsch_DTX 0, BLER 0.00000 MCS (0) 9 (Qm 2 deltaMCS 0 dB) NPRB 5  SNR 51.0 dB
UE ca69: MAC:    TX           8697 RX          57079 bytes
UE ca69: LCID 1: TX            519 RX            293 bytes
UE ca69: LCID 2: TX              0 RX              0 bytes
UE ca69: LCID 4: TX            657 RX            859 bytes

[0m
** Caught SIGTERM, shutting down
Returned from ITTI signal handler
Bye.
