 二  22 14:25:44 [UTIL]   running in SA mode (no --phy-test, --do-ra, --nsa option present)
 二  22 14:25:45 [0m[OPT]   OPT disabled
 二  22 14:25:45 [0m[HW]   Version: Branch: HEAD Abrev. Hash: 6d9c2c35b8 Date: Tue Feb 18 11:37:07 2025 +0000
 二  22 14:25:45 [0m[GNB_APP]   Initialized RAN Context: RC.nb_nr_inst = 0, RC.nb_nr_macrlc_inst = 0, RC.nb_nr_L1_inst = 1, RC.nb_RU = 1, RC.nb_nr_CC[0] = 1
 二  22 14:25:45 [0m[NR_PHY]   Initializing gNB RAN context: RC.nb_nr_L1_inst = 1 
 二  22 14:25:45 [0m[NR_PHY]   Registered with MAC interface module (0x633367196950)
 二  22 14:25:45 [0m[NR_PHY]   Initializing NR L1: RC.nb_nr_L1_inst = 1
 二  22 14:25:45 [0m[NR_PHY]   L1_RX_THREAD_CORE -1 (15)
 二  22 14:25:45 [0m[NR_PHY]   TX_AMP = 519 (-36 dBFS)
 二  22 14:25:45 [0mCMDLINE: "./nr-softmodem" "-O" "../../../targets/PROJECTS/GENERIC-NR-5GC/CONF/gnb-pnf.band78.rfsim.conf" "--nfapi" "PNF" "--rfsim" 
 二  22 14:25:45 [CONFIG] function config_libconfig_init returned 0
 二  22 14:25:45 configure_nr_nfapi_pnf() PNF
 二  22 14:25:45 
 二  22 14:25:45 
 二  22 14:25:45 
 二  22 14:25:45 
 二  22 14:25:45 
 二  22 14:25:45 configure_nr_nfapi_pnf() VNF:127.0.0.1:50001 PNF_PHY[addr:127.0.0.1 UDP:tx_addr:127.0.0.1:50011 rx:50010]
 二  22 14:25:45 783830.107591 [I] 3657719808: nfapi_trace_init: NFAPI_TRACE_LEVEL='info'
 二  22 14:25:45 783830.107593 [I] 3657719808: configure_nr_nfapi_pnf: [PNF] Creating PNF NFAPI start thread configure_nr_nfapi_pnf
 二  22 14:25:45 783830.110355 [I] 3642754624: pnf_nr_start_thread: [PNF] IN PNF NFAPI start thread pnf_nr_start_thread
 二  22 14:25:45 783830.110366 [I] 3642754624: nfapi_nr_pnf_start: nfapi_nr_pnf_start
 二  22 14:25:45 783830.110368 [I] 3642754624: pnf_connect: Starting P5 PNF connection to VNF at 127.0.0.1:50001
 二  22 14:25:45 783830.110444 [N] 3642754624: pnf_connect: PNF Setting the SCTP_INITMSG
 二  22 14:25:45 783830.110453 [I] 3642754624: pnf_connect: P5 socket created...
 二  22 14:25:45 783830.110592 [E] 3642754624: pnf_connect: After connect (address:127.0.0.1 port:50001) errno: 111
 二  22 14:25:47 783832.110718 [I] 3642754624: pnf_connect: Starting P5 PNF connection to VNF at 127.0.0.1:50001
 二  22 14:25:47 783832.110760 [N] 3642754624: pnf_connect: PNF Setting the SCTP_INITMSG
 二  22 14:25:47 783832.110771 [I] 3642754624: pnf_connect: P5 socket created...
 二  22 14:25:47 783832.111232 [I] 3642754624: pnf_connect: connect succeeded...
 二  22 14:25:47 783832.111241 [N] 3642754624: pnf_connect: After connect loop
 二  22 14:25:47 783832.111247 [I] 3642754624: pnf_connect: Association ID = 1524
 二  22 14:25:47 783832.111250 [I] 3642754624: pnf_connect: Receiver window size = 67108864
 二  22 14:25:47 783832.111252 [I] 3642754624: pnf_connect: In Streams = 5
 二  22 14:25:47 783832.111254 [I] 3642754624: pnf_connect: Out Streams = 5
 二  22 14:25:47 783832.111256 [N] 3642754624: pnf_connect: Socket CONNECTED
 二  22 14:25:47 783832.111481 [I] 3642754624: pnf_nr_handle_pnf_param_request: PNF_PARAM.request received
 二  22 14:25:47 [PNF] pnf param request
 二  22 14:25:47 783832.111612 [I] 3642754624: pnf_nr_handle_pnf_config_request: PNF_CONFIG.request received
 二  22 14:25:47 [PNF] pnf config request
 二  22 14:25:47 [PNF] pnf config request assigned phy_id 1 to phy_config_index 0
 二  22 14:25:47 [PNF] Sent pnf_config_resp
 二  22 14:25:47 783832.111654 [I] 3642754624: pnf_nr_handle_pnf_start_request: PNF_START.request Received
 二  22 14:25:47 Received NFAPI_PNF_START_REQUEST
 二  22 14:25:47 [PNF] Sent NFAPI_PNF_START_RESP
 二  22 14:25:47 783832.114447 [I] 3642754624: pnf_nr_handle_param_request: PARAM.request received
 二  22 14:25:47 [PNF] Received NFAPI_PARAM_REQUEST phy_id:1
 二  22 14:25:47 TAG value :2
 二  22 14:25:47 RUNNING pack_param_response
 二  22 14:25:47 [PNF] Sent NFAPI_PNF_PARAM_RESPONSE phy_id:1 number_of_tlvs:62
 二  22 14:25:47 783832.114540 [I] 3642754624: pnf_nr_handle_config_request: CONFIG.request received
 二  22 14:25:47 [PNF] vnf p7 0.1.4.0:50011
 二  22 14:25:47 [PNF] Received NFAPI_CONFIG_REQ phy_id:1
 二  22 14:25:47 
 二  22 14:25:47 Timing window tag: 286
 二  22 14:25:47 Phy_info:Timing window:30 NFAPI_CONFIG:timing_window:30
 二  22 14:25:47 timing info mode:3
 二  22 14:25:47 timing info period provided value:10
 二  22 14:25:47 783832.114573 [E] 3642754624: nr_config_request: nr_config_request() NFAPI_NR_CONFIG_DL_BANDWIDTH_TAG N_RB_DL:40
 二  22 14:25:47 [PHY]   DL frequency 3619200000 Hz, UL frequency 3619200000 Hz: band 48, uldl offset 0 Hz
 二  22 14:25:47 [0m[PHY]   Initializing frame parms for mu 1, N_RB 106, Ncp 0
 二  22 14:25:47 [0m[PHY]   Init: N_RB_DL 106, first_carrier_offset 1412, nb_prefix_samples 144,nb_prefix_samples0 176, ofdm_symbol_size 2048
 二  22 14:25:47 [0m[PHY]   fp->scs=30000
 二  22 14:25:47 [0m[PHY]   fp->ofdm_symbol_size=2048
 二  22 14:25:47 [0m[PHY]   fp->nb_prefix_samples0=176
 二  22 14:25:47 [0m[PHY]   fp->nb_prefix_samples=144
 二  22 14:25:47 [0m[PHY]   fp->slots_per_subframe=2
 二  22 14:25:47 [0m[PHY]   fp->samples_per_subframe_wCP=57344
 二  22 14:25:47 [0m[PHY]   fp->samples_per_frame_wCP=573440
 二  22 14:25:47 [0m[PHY]   fp->samples_per_subframe=61440
 二  22 14:25:47 [0m[PHY]   fp->samples_per_frame=614400
 二  22 14:25:47 [0m[PHY]   fp->dl_CarrierFreq=3619200000
 二  22 14:25:47 [0m[PHY]   fp->ul_CarrierFreq=3619200000
 二  22 14:25:47 [0m[PHY]   fp->Nid_cell=0
 二  22 14:25:47 [0m[PHY]   fp->first_carrier_offset=1412
 二  22 14:25:47 [0m[PHY]   fp->ssb_start_subcarrier=0
 二  22 14:25:47 [0m[PHY]   fp->Ncp=0
 二  22 14:25:47 [0m[PHY]   fp->N_RB_DL=106
 二  22 14:25:47 [0m[PHY]   fp->numerology_index=1
 二  22 14:25:47 [0m[PHY]   fp->nr_band=48
 二  22 14:25:47 [0m[PHY]   fp->ofdm_offset_divisor=8
 二  22 14:25:47 [0m[PHY]   fp->threequarter_fs=0
 二  22 14:25:47 [0m[PHY]   fp->sl_CarrierFreq=0
 二  22 14:25:47 [0m[PHY]   fp->N_RB_SL=0
 二  22 14:25:47 [0m[PNF] CONFIG_REQUEST[num_tlv:131] TLVs processed:6
 二  22 14:25:47 [PNF] Simulating PHY CONFIG
 二  22 14:25:47 DL frequency 3619200000: band 48, UL frequency 3619200000
 二  22 14:25:47 [PNF] 1 vnf p7 127.0.0.1:50011 timing 30 3 10
 二  22 14:25:47 [PNF] Sent NFAPI_PNF_CONFIG_RESPONSE phy_id:1
 二  22 14:25:47 783832.114826 [I] 3642754624: pnf_nr_handle_start_request: pnf_nr_handle_start_request() START.request received state:2
 二  22 14:25:47 [PNF] Received NFAPI_START_REQ phy_id:1
 二  22 14:25:47 [PNF] P7 remote:127.0.0.1:50011 local:127.0.0.1:50010
 二  22 14:25:47 subframe_buffer_size configured using phy_info->timing_window:30
 二  22 14:25:47 783832.165808 [I] 3642754624: nr_start_request: [PNF] Creating P7 thread nr_start_request
 二  22 14:25:47 [UTIL]   threadCreate() for pnf_p7_thread: creating thread with affinity ffffffff, priority 50
 二  22 14:25:47 [0m783832.168622 [I] 3399484992: pnf_nr_p7_thread_start: [NR_PNF] NR P7 THREAD pnf_nr_p7_thread_start
 二  22 14:25:47 783832.168626 [I] 3399484992: nfapi_nr_pnf_p7_start: nfapi_nr_pnf_p7_start
 二  22 14:25:47 783832.168638 [I] 3399484992: pnf_nr_p7_message_pump: PNF P7 socket created (95)...
 二  22 14:25:47 783832.168645 [I] 3642754624: nr_start_request: [PNF] Calling l1_north_init_eNB() nr_start_request
 二  22 14:25:47 783832.168647 [I] 3399484992: pnf_nr_p7_message_pump: PNF P7 binding 95 too 127.0.0.1:50010
 二  22 14:25:47 783832.168649 [I] 3642754624: nr_start_request: [PNF] HACK - Set p7_config global ready for subframe indnr_start_request
 二  22 14:25:47 783832.168674 [I] 3399484992: pnf_nr_p7_message_pump: PNF P7 bind succeeded...
 二  22 14:25:47 [PHY]   number of L1 instances 1, number of RU 1, number of CPU cores 64
 二  22 14:25:47 [0m[PHY]   Initialized RU proc 0 (,synch_to_ext_device),
 二  22 14:25:47 [0m[PHY]   RU thread-pool core string -1,-1 (size 2)
 二  22 14:25:47 [0m[UTIL]   threadCreate() for Tpool0_-1: creating thread with affinity ffffffff, priority 97
 二  22 14:25:47 [0m[UTIL]   threadCreate() for Tpool1_-1: creating thread with affinity ffffffff, priority 97
 二  22 14:25:47 [0m[UTIL]   threadCreate() for ru_thread: creating thread with affinity ffffffff, priority 97
 二  22 14:25:47 [0m[PHY]   Starting RU 0 (,synch_to_ext_device) on cpu 18
 二  22 14:25:47 [0m[PHY]   Initializing frame parms for mu 1, N_RB 106, Ncp 0
 二  22 14:25:47 [0m[PHY]   Init: N_RB_DL 106, first_carrier_offset 1412, nb_prefix_samples 144,nb_prefix_samples0 176, ofdm_symbol_size 2048
 二  22 14:25:47 [0m[PHY]   fp->scs=30000
 二  22 14:25:47 [0m[PHY]   fp->ofdm_symbol_size=2048
 二  22 14:25:47 [0m[PHY]   fp->nb_prefix_samples0=176
 二  22 14:25:47 [0m[PHY]   fp->nb_prefix_samples=144
 二  22 14:25:47 [0m[PHY]   fp->slots_per_subframe=2
 二  22 14:25:47 [0m[PHY]   fp->samples_per_subframe_wCP=57344
 二  22 14:25:47 [0m[PHY]   fp->samples_per_frame_wCP=573440
 二  22 14:25:47 [0m[PHY]   fp->samples_per_subframe=61440
 二  22 14:25:47 [0m[PHY]   fp->samples_per_frame=614400
 二  22 14:25:47 [0m[PHY]   fp->dl_CarrierFreq=3619200000
 二  22 14:25:47 [0m[PHY]   fp->ul_CarrierFreq=3619200000
 二  22 14:25:47 [0m[PHY]   fp->Nid_cell=0
 二  22 14:25:47 [0m[PHY]   fp->first_carrier_offset=1412
 二  22 14:25:47 [0m[PHY]   fp->ssb_start_subcarrier=0
 二  22 14:25:47 [0m[PHY]   fp->Ncp=0
 二  22 14:25:47 [0m[PHY]   fp->N_RB_DL=106
 二  22 14:25:47 [0m[PHY]   fp->numerology_index=1
 二  22 14:25:47 [0m[PHY]   fp->nr_band=48
 二  22 14:25:47 [0m[PHY]   fp->ofdm_offset_divisor=8
 二  22 14:25:47 [0m[PHY]   fp->threequarter_fs=0
 二  22 14:25:47 [0m[PHY]   fp->sl_CarrierFreq=0
 二  22 14:25:47 [0m[PHY]   fp->N_RB_SL=0
 二  22 14:25:47 [0m[PHY]   Setting RF config for N_RB 106, NB_RX 1, NB_TX 1
 二  22 14:25:47 [0m[PHY]   tune_offset 0 Hz, sample_rate 61440000 Hz
 二  22 14:25:47 [0m[PHY]   Channel 0: setting tx_gain offset 0, tx_freq 3619200000 Hz
 二  22 14:25:47 [0m[PHY]   Channel 0: setting rx_gain offset 125, rx_freq 3619200000 Hz
 二  22 14:25:47 [0m[HW]   Running as server waiting opposite rfsimulators to connect
 二  22 14:25:47 [0m[HW]   [RAU] has loaded RFSIMULATOR device.
 二  22 14:25:47 [0m[PHY]   RU 0 Setting N_TA_offset to 800 samples (UL Freq 3600120, N_RB 106, mu 1)
 二  22 14:25:47 [0m[PHY]   Signaling main thread that RU 0 is ready, sl_ahead 6
 二  22 14:25:52 [0m[PHY]   L1 configured without analog beamforming
 二  22 14:25:53 [0m[PHY]   Attaching RU 0 antenna 0 to gNB antenna 0
 二  22 14:25:53 [0m[UTIL]   threadCreate() for Tpool0_-1: creating thread with affinity ffffffff, priority 97
 二  22 14:25:53 [0m[UTIL]   threadCreate() for Tpool1_-1: creating thread with affinity ffffffff, priority 97
 二  22 14:25:53 [0m[UTIL]   threadCreate() for Tpool2_-1: creating thread with affinity ffffffff, priority 97
 二  22 14:25:53 [0m[UTIL]   threadCreate() for Tpool3_-1: creating thread with affinity ffffffff, priority 97
 二  22 14:25:53 [0m[UTIL]   threadCreate() for Tpool4_-1: creating thread with affinity ffffffff, priority 97
 二  22 14:25:53 [0m[UTIL]   threadCreate() for Tpool5_-1: creating thread with affinity ffffffff, priority 97
 二  22 14:25:53 [0m[UTIL]   threadCreate() for Tpool6_-1: creating thread with affinity ffffffff, priority 97
 二  22 14:25:53 [0m[UTIL]   threadCreate() for Tpool7_-1: creating thread with affinity ffffffff, priority 97
 二  22 14:25:53 [0m[UTIL]   threadCreate() for L1_rx_thread: creating thread with affinity ffffffff, priority 97
 二  22 14:25:53 [0m[UTIL]   threadCreate() for L1_tx_thread: creating thread with affinity ffffffff, priority 97
 二  22 14:25:53 [0m[UTIL]   threadCreate() for L1_stats: creating thread with affinity ffffffff, priority 1
 二  22 14:25:53 [0m[PHY]   got sync (L1_stats_thread)
 二  22 14:25:53 [0mInitializing random number generator, seed 11799240642541527963
 二  22 14:25:53 [PNF] waiting for OAI to be configured (eNB/RU)
 二  22 14:25:53 [PNF] OAI eNB/RU configured
 二  22 14:25:53 [PNF] About to call init_eNB_afterRU()
 二  22 14:25:53 TYPE <CTRL-C> TO TERMINATE
 二  22 14:25:53 [PHY]   got sync (ru_thread)
 二  22 14:25:53 [0m[PHY]   RU 0 rf device ready
 二  22 14:25:53 [0m[PHY]   RU 0 RF started cpu_meas_enabled 0
 二  22 14:25:53 [0m[HW]   No connected device, generating void samples...
 二  22 14:25:53 [0m783837.812486 [N] 3399484992: pnf_nr_nfapi_p7_read_dispatch_message: reallocing rx buffer 45
 二  22 14:25:53 783837.813485 [N] 3399484992: pnf_nr_nfapi_p7_read_dispatch_message: reallocing rx buffer 195
 二  22 14:25:53 [32m[PHY]   Command line parameters for OAI UE: -C 3619200000 -r 106 --numerology 1 --ssb 516 
 二  22 14:25:53 [0m[PNF] waiting for OAI to be started
 二  22 14:25:53 [PNF] Sending PNF_START_RESP
 二  22 14:25:53 Sending NFAPI_START_RESPONSE config:0x633367197910 phy_id:1
 二  22 14:25:53 [PNF] Sending first P7 slot indication
 二  22 14:25:53 783837.830990 [I] 3642754624: pnf_p7_slot_ind: [P7:1] msgs ontime 3 thr DL 0.00 UL 0.00 msg late 0 (vtime)
 二  22 14:25:53 [HW]   A client connects, sending the current time
 二  22 14:25:53 [0m[93m[HW]   Not supported to send Tx out of order 22333440, 22333439
 二  22 14:25:54 [0m[PNF] Sent first P7 slot ind
 二  22 14:25:54 783839.014875 [I] 1499465280: pnf_p7_slot_ind: [P7:1] msgs ontime 189 thr DL 0.06 UL 0.00 msg late 0 (vtime)
 二  22 14:25:54 783839.662068 [I] 1499465280: pnf_p7_slot_ind: [P7:1] msgs ontime 192 thr DL 0.06 UL 0.00 msg late 0 (vtime)
 二  22 14:25:55 [32m[NR_PHY]   [RAPROC] 279.19 Initiating RA procedure with preamble 55, energy 55.7 dB (I0 0, thres 150), delay 0 start symbol 0 freq index 0
 二  22 14:25:55 [0m783839.794281 [N] 3399484992: pnf_nr_nfapi_p7_read_dispatch_message: reallocing rx buffer 196
 二  22 14:25:55 783839.844756 [N] 3399484992: pnf_nr_nfapi_p7_read_dispatch_message: reallocing rx buffer 342
 二  22 14:25:55 783840.105833 [N] 3399484992: pnf_nr_nfapi_p7_read_dispatch_message: reallocing rx buffer 376
 二  22 14:25:55 783840.318704 [I] 1499465280: pnf_p7_slot_ind: [P7:1] msgs ontime 454 thr DL 0.07 UL 0.01 msg late 0 (vtime)
 二  22 14:25:56 783840.971949 [I] 1499465280: pnf_p7_slot_ind: [P7:1] msgs ontime 487 thr DL 0.06 UL 0.01 msg late 0 (vtime)
 二  22 14:25:56 783841.631009 [I] 1499465280: pnf_p7_slot_ind: [P7:1] msgs ontime 487 thr DL 0.06 UL 0.01 msg late 0 (vtime)
 二  22 14:25:57 783842.283044 [I] 1499465280: pnf_p7_slot_ind: [P7:1] msgs ontime 487 thr DL 0.06 UL 0.01 msg late 0 (vtime)
 二  22 14:25:58 783842.933163 [I] 1499465280: pnf_p7_slot_ind: [P7:1] msgs ontime 486 thr DL 0.06 UL 0.01 msg late 0 (vtime)
 二  22 14:25:58 783843.582964 [I] 1499465280: pnf_p7_slot_ind: [P7:1] msgs ontime 485 thr DL 0.06 UL 0.01 msg late 0 (vtime)
 二  22 14:25:59 783844.231936 [I] 1499465280: pnf_p7_slot_ind: [P7:1] msgs ontime 494 thr DL 0.06 UL 0.01 msg late 0 (vtime)
 二  22 14:26:00 783844.878317 [I] 1499465280: pnf_p7_slot_ind: [P7:1] msgs ontime 486 thr DL 0.06 UL 0.01 msg late 0 (vtime)
 二  22 14:26:00 783845.526713 [I] 1499465280: pnf_p7_slot_ind: [P7:1] msgs ontime 485 thr DL 0.06 UL 0.01 msg late 0 (vtime)
 二  22 14:26:01 783846.174085 [I] 1499465280: pnf_p7_slot_ind: [P7:1] msgs ontime 487 thr DL 0.06 UL 0.01 msg late 0 (vtime)
 二  22 14:26:02 783846.824165 [I] 1499465280: pnf_p7_slot_ind: [P7:1] msgs ontime 487 thr DL 0.06 UL 0.01 msg late 0 (vtime)
 二  22 14:26:02 783847.476503 [I] 1499465280: pnf_p7_slot_ind: [P7:1] msgs ontime 487 thr DL 0.06 UL 0.01 msg late 0 (vtime)
 二  22 14:26:03 783848.128342 [I] 1499465280: pnf_p7_slot_ind: [P7:1] msgs ontime 486 thr DL 0.06 UL 0.01 msg late 0 (vtime)
 二  22 14:26:04 783848.778624 [I] 1499465280: pnf_p7_slot_ind: [P7:1] msgs ontime 485 thr DL 0.06 UL 0.01 msg late 0 (vtime)
 二  22 14:26:04 783849.426581 [I] 1499465280: pnf_p7_slot_ind: [P7:1] msgs ontime 487 thr DL 0.06 UL 0.01 msg late 0 (vtime)
 二  22 14:26:05 783850.072493 [I] 1499465280: pnf_p7_slot_ind: [P7:1] msgs ontime 487 thr DL 0.06 UL 0.01 msg late 0 (vtime)
 二  22 14:26:06 783850.720958 [I] 1499465280: pnf_p7_slot_ind: [P7:1] msgs ontime 487 thr DL 0.06 UL 0.01 msg late 0 (vtime)
 二  22 14:26:06 783851.368975 [I] 1499465280: pnf_p7_slot_ind: [P7:1] msgs ontime 486 thr DL 0.06 UL 0.01 msg late 0 (vtime)
 二  22 14:26:07 783852.014152 [I] 1499465280: pnf_p7_slot_ind: [P7:1] msgs ontime 485 thr DL 0.06 UL 0.01 msg late 0 (vtime)
 二  22 14:26:07 783852.660327 [I] 1499465280: pnf_p7_slot_ind: [P7:1] msgs ontime 493 thr DL 0.06 UL 0.01 msg late 0 (vtime)
 二  22 14:26:08 783853.304937 [I] 1499465280: pnf_p7_slot_ind: [P7:1] msgs ontime 490 thr DL 0.06 UL 0.01 msg late 0 (vtime)
 二  22 14:26:09 783853.951499 [I] 1499465280: pnf_p7_slot_ind: [P7:1] msgs ontime 488 thr DL 0.06 UL 0.01 msg late 0 (vtime)
 二  22 14:26:09 
 二  22 14:26:09 ** Caught SIGTERM, shutting down
 二  22 14:26:09 [GNB_APP]   stopping nr-softmodem
 二  22 14:26:09 [0m[PHY]   Killing gNB 0 processing threads
 二  22 14:26:09 [0mReturned from ITTI signal handler
 二  22 14:26:09 783854.133053 [W] 3642754624: pnf_nr_read_dispatch_message: sctp_recvmsg: unhandled mode with flags 0x0
 二  22 14:26:09 783854.133060 [W] 3642754624: pnf_nr_read_dispatch_message: Disconnected socket
 二  22 14:26:09 
 二  22 14:26:09 ** Caught SIGTERM, shutting down
 二  22 14:26:09 
 二  22 14:26:09 ** Caught SIGTERM, shutting down
 二  22 14:26:10 [PHY]   Stopping RU 0 processing threads
 二  22 14:26:10 [0m[PHY]   RU 0 RF device stopped
 二  22 14:26:10 [0m[GNB_APP]   turned off RU rfdevice
 二  22 14:26:10 [0mBye.
