 二  22 14:25:44 [UTIL]   running in SA mode (no --phy-test, --do-ra, --nsa option present)
 二  22 14:25:45 [0m[OPT]   OPT disabled
 二  22 14:25:45 [0m[HW]   Version: Branch: HEAD Abrev. Hash: 6d9c2c35b8 Date: Tue Feb 18 11:37:07 2025 +0000
 二  22 14:25:45 [0m[GNB_APP]   Initialized RAN Context: RC.nb_nr_inst = 1, RC.nb_nr_macrlc_inst = 1, RC.nb_nr_L1_inst = 0, RC.nb_RU = 0, RC.nb_nr_CC[0] = 0
 二  22 14:25:45 [0m[GNB_APP]   pdsch_AntennaPorts N1 1 N2 1 XP 1 pusch_AntennaPorts 1
 二  22 14:25:45 [0m[1;31m[GNB_APP]   RU information not present in config file. Assuming physical antenna ports equal to logical antenna ports 1
 二  22 14:25:45 [0m[GNB_APP]   minTXRXTIME 6
 二  22 14:25:45 [0m[GNB_APP]   SIB1 TDA 1
 二  22 14:25:45 [0m[GNB_APP]   CSI-RS 0, SRS 0, 256 QAM may be on, delta_MCS off, maxMIMO_Layers -1, HARQ feedback enabled, num DLHARQ:16, num ULHARQ:16
 二  22 14:25:45 [0m[GNB_APP]   sr_ProhibitTimer 0, sr_TransMax 64, sr_ProhibitTimer_v1700 0, t300 400, t301 400, t310 2000, n310 10, t311 3000, n311 1, t319 400
 二  22 14:25:45 [0m[NR_MAC]   Candidates per PDCCH aggregation level on UESS: L1: 0, L2: 2, L4: 0, L8: 0, L16: 0
 二  22 14:25:45 [0m[RRC]   Read in ServingCellConfigCommon (PhysCellId 0, ABSFREQSSB 641280, DLBand 78, ABSFREQPOINTA 640008, DLBW 106,RACH_TargetReceivedPower -96
 二  22 14:25:45 [0m[RRC]   absoluteFrequencySSB 641280 corresponds to 3619200000 Hz
 二  22 14:25:45 [0m[NR_MAC]   TDD period index = 6, based on the sum of dl_UL_TransmissionPeriodicity from Pattern1 (5.000000 ms) and Pattern2 (0.000000 ms): Total = 5.000000 ms
 二  22 14:25:45 [0m[UTIL]   threadCreate() for MAC_STATS: creating thread with affinity ffffffff, priority 2
 二  22 14:25:45 [0m[NR_MAC]   PUSCH Target 200, PUCCH Target 150, PUCCH Failure 10, PUSCH Failure 10
 二  22 14:25:45 [0mCMDLINE: "./nr-softmodem" "-O" "../../../targets/PROJECTS/GENERIC-NR-5GC/CONF/gnb-vnf.sa.band78.106prb.nfapi.conf" "--nfapi" "VNF" 
 二  22 14:25:45 [CONFIG] function config_libconfig_init returned 0
 二  22 14:25:45 783830.118926 [I] 2923896832: nfapi_trace_init: NFAPI_TRACE_LEVEL='info'
 二  22 14:25:45 783830.118929 [I] 2923896832: configure_nr_nfapi_vnf: [VNF] configure_nr_nfapi_vnf() vnf.p7_vnfs[0].config:0x6161ba2d62e0 VNF ADDRESS:127.0.0.1:50001
 二  22 14:25:45 783830.118936 [I] 2923896832: configure_nr_nfapi_vnf: [VNF] Creating VNF NFAPI start thread configure_nr_nfapi_vnf
 二  22 14:25:45 783830.121766 [I] 2923896832: configure_nr_nfapi_vnf: [VNF] Created VNF NFAPI start thread configure_nr_nfapi_vnf
 二  22 14:25:45 783830.121771 [I] 2795505216: vnf_nr_start_thread: [VNF] VNF NFAPI thread - nfapi_vnf_start()vnf_nr_start_thread
 二  22 14:25:45 783830.121776 [I] 2795505216: nfapi_nr_vnf_start: nfapi_nr_vnf_start()
 二  22 14:25:45 783830.121778 [I] 2795505216: nfapi_nr_vnf_start: Starting P5 VNF connection on port 50001
 二  22 14:25:45 783830.121791 [I] 2795505216: nfapi_nr_vnf_start: P5 socket created... 94
 二  22 14:25:45 783830.121795 [N] 2795505216: nfapi_nr_vnf_start: VNF Setting the SCTP_INITMSG
 二  22 14:25:45 783830.121797 [I] 2795505216: nfapi_nr_vnf_start: IPV4 binding to port 50001
 二  22 14:25:45 783830.121801 [I] 2795505216: nfapi_nr_vnf_start: bind succeeded..94.
 二  22 14:25:45 [NR_PHY]   Copying 0 blacklisted PRB to L1 context
 二  22 14:25:45 [0m783830.121821 [I] 2795505216: nfapi_nr_vnf_start: listen succeeded...
 二  22 14:25:45 [NR_MAC]   Set TX antenna number to 1, Set RX antenna number to 1 (num ssb 1: 80000000,0)
 二  22 14:25:45 [0m[NR_MAC]   TDD period index = 6, based on the sum of dl_UL_TransmissionPeriodicity from Pattern1 (5.000000 ms) and Pattern2 (0.000000 ms): Total = 5.000000 ms
 二  22 14:25:45 [0m[NR_MAC]   Set TDD configuration period to: 8 DL slots, 3 UL slots, 10 slots per period (NR_TDD_UL_DL_Pattern is 7 DL slots, 2 UL slots, 6 DL symbols, 4 UL symbols)
 二  22 14:25:45 [0m[NR_MAC]   Configured 1 TDD patterns (total slots: pattern1 = 10, pattern2 = 0)
 二  22 14:25:45 [0m[NR_PHY]   Set TDD Period Configuration: 2 periods per frame, 20 slots to be configured (8 DL, 3 UL)
 二  22 14:25:45 [0m[NR_PHY]   TDD period configuration: slot 0 is DOWNLINK
 二  22 14:25:45 [0m[NR_PHY]   TDD period configuration: slot 1 is DOWNLINK
 二  22 14:25:45 [0m[NR_PHY]   TDD period configuration: slot 2 is DOWNLINK
 二  22 14:25:45 [0m[NR_PHY]   TDD period configuration: slot 3 is DOWNLINK
 二  22 14:25:45 [0m[NR_PHY]   TDD period configuration: slot 4 is DOWNLINK
 二  22 14:25:45 [0m[NR_PHY]   TDD period configuration: slot 5 is DOWNLINK
 二  22 14:25:45 [0m[NR_PHY]   TDD period configuration: slot 6 is DOWNLINK
 二  22 14:25:45 [0m[NR_PHY]   TDD period configuration: slot 7 is FLEXIBLE: DDDDDDFFFFUUUU
 二  22 14:25:45 [0m[NR_PHY]   TDD period configuration: slot 8 is UPLINK
 二  22 14:25:45 [0m[NR_PHY]   TDD period configuration: slot 9 is UPLINK
 二  22 14:25:45 [0m[NR_RRC]   SIB1 freq: offsetToPointA 86
 二  22 14:25:45 [0m[GNB_APP]   F1AP: gNB idx 0 gNB_DU_id 3584, gNB_DU_name gNB-Eurecom-5GNRBox, TAC 1 MCC/MNC/length 1/1/2 cellID 12345678
 二  22 14:25:45 [0m[GNB_APP]   ngran_DU: Configuring Cell 0 for TDD
 二  22 14:25:45 [0m[GNB_APP]   SDAP layer is disabled
 二  22 14:25:45 [0m[GNB_APP]   Data Radio Bearer count 1
 二  22 14:25:45 [0m[NR_RRC]   do_SIB23_NR, size 9
 二  22 14:25:45 [0m[UTIL]   threadCreate() for TASK_SCTP: creating thread with affinity ffffffff, priority 50
 二  22 14:25:45 [0m[X2AP]   X2AP is disabled.
 二  22 14:25:45 [0m[UTIL]   threadCreate() for TASK_NGAP: creating thread with affinity ffffffff, priority 50
 二  22 14:25:45 [0m[UTIL]   threadCreate() for TASK_GNB_APP: creating thread with affinity ffffffff, priority 50
 二  22 14:25:45 [0m[UTIL]   threadCreate() for TASK_RRC_GNB: creating thread with affinity ffffffff, priority 50
 二  22 14:25:45 [0m[NGAP]   Registered new gNB[0] and macro gNB id 3584
 二  22 14:25:45 [0m[NGAP]   [gNB 0] check the amf registration state
 二  22 14:25:45 [0m[GTPU]   Configuring GTPu
 二  22 14:25:45 [0m[GTPU]   SA mode 
 二  22 14:25:45 [0m[GTPU]   Configuring GTPu address : 192.168.70.129, port : 2152
 二  22 14:25:45 [0m[GTPU]   Initializing UDP for local address 192.168.70.129 with port 2152
 二  22 14:25:45 [0m[GTPU]   Created gtpu instance id: 95
 二  22 14:25:45 [0m[NR_RRC]   Entering main loop of NR_RRC message task
 二  22 14:25:45 [0m[UTIL]   threadCreate() for TASK_GTPV1_U: creating thread with affinity ffffffff, priority 50
 二  22 14:25:45 [0m[NR_RRC]   Accepting new CU-UP ID 3584 name gNB-Eurecom-5GNRBox (assoc_id -1)
 二  22 14:25:45 [0m[NR_RRC]   Received F1 Setup Request from gNB_DU 3584 (gNB-Eurecom-5GNRBox) on assoc_id -1
 二  22 14:25:45 [0m[RRC]   Accepting DU 3584 (gNB-Eurecom-5GNRBox), sending F1 Setup Response
 二  22 14:25:45 [0m[RRC]   DU uses RRC version 17.3.0
 二  22 14:25:45 [0m[MAC]   received F1 Setup Response from CU (null)
 二  22 14:25:45 [0m[MAC]   CU uses RRC version 17.3.0
 二  22 14:25:45 [0m[MAC]   Clearing the DU's UE states before, if any.
 二  22 14:25:45 [0m[32m[NGAP]   Send NGSetupRequest to AMF
 二  22 14:25:45 [0m[NGAP]   3584 -> 0000e000
 二  22 14:25:45 [0m[32m[NGAP]   Received NGSetupResponse from AMF
 二  22 14:25:45 [0m[GNB_APP]   [gNB 0] Received NGAP_REGISTER_GNB_CNF: associated AMF 1
 二  22 14:25:47 [0mTYPE <CTRL-C> TO TERMINATE
 二  22 14:25:47 783832.111261 [I] 2795505216: nfapi_nr_vnf_start: Accepting connection from PNF...
 二  22 14:25:47 783832.111304 [I] 2795505216: nfapi_nr_vnf_start: PNF connection (fd:97) accepted from 127.0.0.1:55525 
 二  22 14:25:47 783832.111436 [I] 2795505216: nfapi_nr_vnf_start: MALLOC nfapi_vnf_pnf_info_t for pnf_list pnf:0x73f784000b70
 二  22 14:25:47 783832.111438 [I] 2795505216: pnf_nr_connection_indication_cb: [VNF] pnf connection indication idx:0
 二  22 14:25:47 783832.111479 [I] 2795505216: nfapi_nr_vnf_start: VNF Association ID = 1525
 二  22 14:25:47 783832.111481 [I] 2795505216: nfapi_nr_vnf_start: VNF Receiver window size = 67108854
 二  22 14:25:47 783832.111482 [I] 2795505216: nfapi_nr_vnf_start: VNF In Streams = 5
 二  22 14:25:47 783832.111482 [I] 2795505216: nfapi_nr_vnf_start: VNF Out Streams = 5
 二  22 14:25:47 783832.111571 [I] 2795505216: vnf_nr_handle_pnf_param_response: Received PNF_PARAM.reponse
 二  22 14:25:47 783832.111580 [I] 2795505216: pnf_nr_param_resp_cb: [VNF] pnf param response idx:0 error:0
 二  22 14:25:47 783832.111582 [I] 2795505216: pnf_nr_param_resp_cb: [VNF] (PHY:0) phy_config_idx:0
 二  22 14:25:47 783832.111583 [I] 2795505216: nfapi_vnf_phy_info_list_add: Adding phy p5_idx:0 phy_id:1
 二  22 14:25:47 783832.111585 [I] 2795505216: pnf_nr_param_resp_cb: [VNF] (PHY:0) (RF0) 0
 二  22 14:25:47 783832.111586 [I] 2795505216: pnf_nr_param_resp_cb: [VNF] (PHY:0) (RF1) 0
 二  22 14:25:47 783832.111586 [I] 2795505216: pnf_nr_param_resp_cb: Hard coded num phy rf to 2
 二  22 14:25:47 783832.111634 [I] 2795505216: vnf_nr_handle_pnf_config_response: Received PNF_CONFIG_RESPONSE
 二  22 14:25:47 783832.111636 [I] 2795505216: pnf_nr_config_resp_cb: [VNF] pnf config response idx:0 resp[header[phy_id:0 message_id:103 message_length:1]]
 二  22 14:25:47 783832.111680 [I] 2795505216: vnf_nr_handle_pnf_start_response: Received PNF_START_RESPONSE
 二  22 14:25:47 783832.111682 [I] 2795505216: pnf_nr_start_resp_cb: [VNF] pnf start response idx:0 config:0x6161ba2d6460 user_data:0x6161ad248600 p7_vnf[config:0x6161ba2d62e0 thread_started:0]
 二  22 14:25:47 [UTIL]   threadCreate() for vnf_p7_thread: creating thread with affinity ffffffff, priority 50
 二  22 14:25:47 [0m783832.114391 [I] 2661287488: vnf_nr_p7_thread_start: [VNF] Creating VNF NFAPI P7 start thread vnf_nr_p7_thread_start
 二  22 14:25:47 783832.114402 [I] 2795505216: pnf_nr_start_resp_cb: [VNF] Sending NFAPI_VNF_PARAM_REQUEST phy_id:1
 二  22 14:25:47 783832.114485 [I] 2795505216: vnf_nr_handle_param_response: Received PARAM_RESPONSE
 二  22 14:25:47 783832.114493 [I] 2795505216: vnf_nr_handle_param_response: PNF P7 IPv4 address: 127.0.0.1
 二  22 14:25:47 783832.114494 [I] 2795505216: vnf_nr_handle_param_response: PNF P7 IPv6 address: ::
 二  22 14:25:47 783832.114495 [I] 2795505216: vnf_nr_handle_param_response: PNF P7 Port: 23235
 二  22 14:25:47 783832.114496 [I] 2795505216: nr_param_resp_cb: [VNF] Received NFAPI_PARAM_RESP idx:0 phy_id:1
 二  22 14:25:47 783832.114497 [I] 2795505216: nr_param_resp_cb: [VNF] 0.1 pnf p7 127.0.0.1:23235 timing 30 1 0 1
 二  22 14:25:47 783832.114499 [I] 2795505216: nfapi_vnf_p7_add_pnf: nfapi_vnf_p7_add_pnf(config:0x6161ba2d62e0 phy_id:1 pnf_addr:127.0.0.1 pnf_p7_port:23235)
 二  22 14:25:47 783832.114501 [I] 2795505216: vnf_p7_connection_info_list_add: vnf_p7_connection_info_list_add()
 二  22 14:25:47 783832.114502 [I] 2795505216: nr_param_resp_cb: [VNF] Send NFAPI_CONFIG_REQUEST
 二  22 14:25:47 783832.114503 [I] 2795505216: nr_param_resp_cb: [VNF] Local_port:23491
 二  22 14:25:47 783832.114504 [I] 2795505216: nr_param_resp_cb: [VNF] Local_addr:127.0.0.1
 二  22 14:25:47 783832.114504 [I] 2795505216: nr_param_resp_cb: 
 二  22 14:25:47 [VNF]Timing window tag : 286 Timing window:30
 二  22 14:25:47 [VNF] Sent NFAPI_VNF_CONFIG_REQ num_tlv:131
 二  22 14:25:47 783832.114804 [I] 2795505216: vnf_nr_handle_config_response: Received CONFIG_RESPONSE
 二  22 14:25:47 783832.114807 [I] 2795505216: nr_config_resp_cb: [VNF] Received NFAPI_CONFIG_RESP idx:0 phy_id:1
 二  22 14:25:47 783832.114808 [I] 2795505216: nr_config_resp_cb: [VNF] Calling oai_enb_init()
 二  22 14:25:47 783832.118513 [I] 2650801728: vnf_nr_p7_start_thread: vnf_nr_p7_start_thread()
 二  22 14:25:47 783832.118522 [I] 2650801728: nfapi_nr_vnf_p7_start: nfapi_nr_vnf_p7_start()
 二  22 14:25:47 783832.118524 [I] 2650801728: nfapi_nr_vnf_p7_start: Initialising VNF P7 port:50011
 二  22 14:25:47 783832.118534 [I] 2650801728: nfapi_nr_vnf_p7_start: VNF P7 socket created...
 二  22 14:25:47 783832.118538 [I] 2650801728: nfapi_nr_vnf_p7_start: VNF P7 setsockopt succeeded...
 二  22 14:25:47 783832.118540 [I] 2650801728: nfapi_nr_vnf_p7_start: VNF P7 binding too 0.0.0.0:50011
 二  22 14:25:47 783832.118544 [I] 2650801728: nfapi_nr_vnf_p7_start: VNF P7 bind succeeded...
 二  22 14:25:53 783837.782132 [N] 2650801728: vnf_nr_p7_read_dispatch_message: reallocing rx buffer 22
 二  22 14:25:53 783837.792588 [N] 2650801728: vnf_nr_p7_read_dispatch_message: reallocing rx buffer 78
 二  22 14:25:53 783837.831044 [I] 2795505216: vnf_nr_handle_start_response: Received START_RESPONSE
 二  22 14:25:53 783837.831060 [I] 2795505216: nr_start_resp_cb: [VNF] Received NFAPI_START_RESP idx:0 phy_id:1
 二  22 14:25:54 [NR_MAC]   Frame.Slot 128.0
 二  22 14:25:54 
 二  22 14:25:54 [0m[NR_MAC]   Frame.Slot 256.0
 二  22 14:25:54 
 二  22 14:25:55 [0m783839.786056 [I] 2650801728: vnf_handle_nr_rach_indication: vnf_handle_nr_rach_indication: Handling RACH Indication
 二  22 14:25:55 [32m[NR_MAC]   279.19 UE RA-RNTI 010b TC-RNTI 1135: Activating RA process index 0
 二  22 14:25:55 [0m[NR_MAC]   UE 1135: Msg3 scheduled at 281.7 (280.17 TDA 3)
 二  22 14:25:55 [0m[32m[NR_MAC]   UE 1135: 280.17 Generating RA-Msg2 DCI, RA RNTI 0x10b, state 1, CoreSetType 0, preamble_index(RAPID) 55, timing_offset = 0 (estimated distance 0.0 [m])
 二  22 14:25:55 [0m[32m[NR_MAC]   280.17 Send RAR to RA-RNTI 010b
 二  22 14:25:55 [0m[NR_MAC]   Adding new UE context with RNTI 0x1135
 二  22 14:25:55 [0m[32m[NR_MAC]    281. 7 PUSCH with TC_RNTI 0x1135 received correctly
 二  22 14:25:55 [0m[MAC]   [RAPROC] Received SDU for CCCH length 6 for UE 1135
 二  22 14:25:55 [0m[RLC]   Activated srb0 for UE 4405
 二  22 14:25:55 [0m[RLC]   Added srb 1 to UE 4405
 二  22 14:25:55 [0m[NR_MAC]   Activating scheduling Msg4 for TC_RNTI 0x1135 (state WAIT_Msg3)
 二  22 14:25:55 [0m[93m[NR_MAC]   Unexpected ULSCH HARQ PID 0 (have -1) for RNTI 0x1135
 二  22 14:25:55 [0m[NR_RRC]   Decoding CCCH: RNTI 1135, payload_size 6
 二  22 14:25:55 [0m[32m[NR_RRC]   [--] (cellID 0, UE ID 1 RNTI 1135) Create UE context: CU UE ID 1 DU UE ID 4405 (rnti: 1135, random ue id a88491ec1d000000)
 二  22 14:25:55 [0m[RRC]   activate SRB 1 of UE 1
 二  22 14:25:55 [0m[32m[NR_RRC]   [DL] (cellID bc614e, UE ID 1 RNTI 1135) Send RRC Setup
 二  22 14:25:55 [0m[NR_MAC]   UE 1135 Generate msg4: feedback at  282. 8, payload 153 bytes, next state WAIT_Msg4_ACK
 二  22 14:25:55 [0m[32m[NR_MAC]    283. 0 UE 1135: Received Ack of Msg4. CBRA procedure succeeded!
 二  22 14:25:55 [0m783839.813957 [N] 2650801728: vnf_nr_p7_read_dispatch_message: reallocing rx buffer 156
 二  22 14:25:55 [32m[NR_RRC]   [UL] (cellID bc614e, UE ID 1 RNTI 1135) Received RRCSetupComplete (RRC_CONNECTED reached)
 二  22 14:25:55 [0m[NGAP]   UE 1: Chose AMF 'OAI-AMF' (assoc_id 1522) through selected PLMN Identity index 0 MCC 1 MNC 1
 二  22 14:25:55 [0m[32m[NR_RRC]   [DL] (cellID bc614e, UE ID 1 RNTI 1135) Send DL Information Transfer [42 bytes]
 二  22 14:25:55 [0m[32m[NR_RRC]   [UL] (cellID bc614e, UE ID 1 RNTI 1135) Received RRC UL Information Transfer [24 bytes]
 二  22 14:25:55 [0m[32m[NR_RRC]   [DL] (cellID bc614e, UE ID 1 RNTI 1135) Send DL Information Transfer [21 bytes]
 二  22 14:25:55 [0m[32m[NR_RRC]   [UL] (cellID bc614e, UE ID 1 RNTI 1135) Received RRC UL Information Transfer [60 bytes]
 二  22 14:25:55 [0m[93m[NGAP]   could not find NGAP_ProtocolIE_ID_id_UEAggregateMaximumBitRate
 二  22 14:25:55 [0m[32m[NR_RRC]   [--] (cellID bc614e, UE ID 1 RNTI 1135) Selected security algorithms: ciphering 0, integrity 2
 二  22 14:25:55 [0m[NR_RRC]   [UE 1135] Saved security key 77
 二  22 14:25:55 [0m[NR_RRC]   UE 1 Logical Channel DL-DCCH, Generate SecurityModeCommand (bytes 3)
 二  22 14:25:55 [0m[32m[NR_RRC]   [UL] (cellID bc614e, UE ID 1 RNTI 1135) Received Security Mode Complete
 二  22 14:25:55 [0m[NR_RRC]   UE 1: Logical Channel DL-DCCH, Generate NR UECapabilityEnquiry (bytes 8, xid 1)
 二  22 14:25:55 [0m[32m[NR_RRC]   [UL] (cellID bc614e, UE ID 1 RNTI 1135) Received UE capabilities
 二  22 14:25:55 [0m[NR_RRC]   Send message to ngap: NGAP_UE_CAPABILITIES_IND
 二  22 14:25:55 [0m[32m[NR_RRC]   [DL] (cellID bc614e, UE ID 1 RNTI 1135) Send DL Information Transfer [61 bytes]
 二  22 14:25:55 [0m[NR_RRC]   Send message to sctp: NGAP_InitialContextSetupResponse
 二  22 14:25:55 [0m[32m[NR_RRC]   [UL] (cellID bc614e, UE ID 1 RNTI 1135) Received RRC UL Information Transfer [13 bytes]
 二  22 14:25:55 [0m[32m[NR_RRC]   [UL] (cellID bc614e, UE ID 1 RNTI 1135) Received RRC UL Information Transfer [35 bytes]
 二  22 14:25:55 [0m[NGAP]   PDUSESSIONSetup initiating message
 二  22 14:25:55 [0m[NR_RRC]   UE 1: received PDU Session Resource Setup Request
 二  22 14:25:55 [0m[NR_RRC]   Adding pdusession 10, total nb of sessions 1
 二  22 14:25:55 [0m[NR_RRC]   UE 1: configure DRB ID 1 for PDU session ID 10
 二  22 14:25:55 [0m[32m[NR_RRC]   [--] (cellID bc614e, UE ID 1 RNTI 1135) selecting CU-UP ID 3584 based on exact NSSAI match (1:0xffffff)
 二  22 14:25:55 [0m[RRC]   UE 1 associating to CU-UP assoc_id -1 out of 1 CU-UPs
 二  22 14:25:55 [0m[GTPU]   [95] Created tunnel for UE ID 1, teid for incoming: 5677c36b, teid for outgoing 4 to remote IPv4: 192.168.70.134, IPv6 ::
 二  22 14:25:55 [0m[PDCP]   added drb 1 to UE ID 1
 二  22 14:25:55 [0m[SDAP]   Default DRB for the created SDAP entity: 1 
 二  22 14:25:55 [0m[RRC]   activate SRB 2 of UE 1
 二  22 14:25:55 [0m[RLC]   Added srb 2 to UE 4405
 二  22 14:25:55 [0m[RLC]   Added drb 1 to UE 4405
 二  22 14:25:55 [0m[RLC]   Added DRB to UE 4405
 二  22 14:25:55 [0m[RRC]   UE 1 trigger UE context setup request with 1 DRBs
 二  22 14:25:55 [0m[RRC]   UE 1135 replacing existing CellGroupConfig with new one received from DU
 二  22 14:25:55 [0m[E1AP]   UE 1: updating PDU session ID 10 (1 bearers)
 二  22 14:25:55 [0m[PDCP]   DRB 1 re-established
 二  22 14:25:55 [0m[32m[NR_RRC]   [DL] (cellID bc614e, UE ID 1 RNTI 1135) Generate RRCReconfiguration (bytes 307, xid 3)
 二  22 14:25:55 [0m[RRC]   UE 1: PDU session ID 10 modified 1 bearers
 二  22 14:25:55 [0m[32m[NR_RRC]   [UL] (cellID bc614e, UE ID 1 RNTI 1135) Received RRCReconfigurationComplete
 二  22 14:25:55 [0m[NR_RRC]   msg index 0, pdu_sessions index 0, status 2, xid 3): nb_of_pdusessions 1,  pdusession_id 10, teid: 1450689387 
 二  22 14:25:55  [0m[NR_RRC]   NGAP_PDUSESSION_SETUP_RESP: sending the message
 二  22 14:25:55 [0m[NR_MAC]   Frame.Slot 384.0
 二  22 14:25:55 UE RNTI 1135 CU-UE-ID 1 in-sync PH 48 dB PCMAX 20 dBm, average RSRP -44 (11 meas)
 二  22 14:25:55 UE 1135: dlsch_rounds 13/0/0/0, dlsch_errors 0, pucch0_DTX 0, BLER 0.08100 MCS (0) 9
 二  22 14:25:55 UE 1135: ulsch_rounds 24/0/0/0, ulsch_errors 0, ulsch_DTX 0, BLER 0.04305 MCS (0) 9 (Qm 2 deltaMCS 0 dB) NPRB 5  SNR 50.5 dB
 二  22 14:25:55 UE 1135: MAC:    TX           1635 RX           1303 bytes
 二  22 14:25:55 UE 1135: LCID 1: TX            520 RX            293 bytes
 二  22 14:25:55 UE 1135: LCID 2: TX              0 RX              0 bytes
 二  22 14:25:55 UE 1135: LCID 4: TX              0 RX              0 bytes
 二  22 14:25:55 
 二  22 14:25:56 [0m[NR_MAC]   Frame.Slot 512.0
 二  22 14:25:56 UE RNTI 1135 CU-UE-ID 1 in-sync PH 48 dB PCMAX 20 dBm, average RSRP -44 (16 meas)
 二  22 14:25:56 UE 1135: dlsch_rounds 14/0/0/0, dlsch_errors 0, pucch0_DTX 0, BLER 0.07290 MCS (0) 9
 二  22 14:25:56 UE 1135: ulsch_rounds 37/0/0/0, ulsch_errors 0, ulsch_DTX 0, BLER 0.01094 MCS (0) 9 (Qm 2 deltaMCS 0 dB) NPRB 5  SNR 50.5 dB
 二  22 14:25:56 UE 1135: MAC:    TX           1758 RX           2811 bytes
 二  22 14:25:56 UE 1135: LCID 1: TX            520 RX            293 bytes
 二  22 14:25:56 UE 1135: LCID 2: TX              0 RX              0 bytes
 二  22 14:25:56 UE 1135: LCID 4: TX              0 RX              0 bytes
 二  22 14:25:56 
 二  22 14:25:56 [0m[NR_MAC]   Frame.Slot 640.0
 二  22 14:25:56 UE RNTI 1135 CU-UE-ID 1 in-sync PH 48 dB PCMAX 20 dBm, average RSRP -44 (16 meas)
 二  22 14:25:56 UE 1135: dlsch_rounds 15/0/0/0, dlsch_errors 0, pucch0_DTX 0, BLER 0.06561 MCS (0) 9
 二  22 14:25:56 UE 1135: ulsch_rounds 50/0/0/0, ulsch_errors 0, ulsch_DTX 0, BLER 0.00278 MCS (0) 9 (Qm 2 deltaMCS 0 dB) NPRB 5  SNR 50.5 dB
 二  22 14:25:56 UE 1135: MAC:    TX           1881 RX           4319 bytes
 二  22 14:25:56 UE 1135: LCID 1: TX            520 RX            293 bytes
 二  22 14:25:56 UE 1135: LCID 2: TX              0 RX              0 bytes
 二  22 14:25:56 UE 1135: LCID 4: TX              0 RX              0 bytes
 二  22 14:25:56 
 二  22 14:25:57 [0m[NR_MAC]   Frame.Slot 768.0
 二  22 14:25:57 UE RNTI 1135 CU-UE-ID 1 in-sync PH 48 dB PCMAX 20 dBm, average RSRP -44 (16 meas)
 二  22 14:25:57 UE 1135: dlsch_rounds 17/0/0/0, dlsch_errors 0, pucch0_DTX 0, BLER 0.05314 MCS (0) 9
 二  22 14:25:57 UE 1135: ulsch_rounds 63/0/0/0, ulsch_errors 0, ulsch_DTX 0, BLER 0.00071 MCS (0) 9 (Qm 2 deltaMCS 0 dB) NPRB 5  SNR 50.5 dB
 二  22 14:25:57 UE 1135: MAC:    TX           2127 RX           5827 bytes
 二  22 14:25:57 UE 1135: LCID 1: TX            520 RX            293 bytes
 二  22 14:25:57 UE 1135: LCID 2: TX              0 RX              0 bytes
 二  22 14:25:57 UE 1135: LCID 4: TX              0 RX              0 bytes
 二  22 14:25:57 
 二  22 14:25:58 [0m[NR_MAC]   Frame.Slot 896.0
 二  22 14:25:58 UE RNTI 1135 CU-UE-ID 1 in-sync PH 48 dB PCMAX 20 dBm, average RSRP -44 (16 meas)
 二  22 14:25:58 UE 1135: dlsch_rounds 18/0/0/0, dlsch_errors 0, pucch0_DTX 0, BLER 0.04783 MCS (0) 9
 二  22 14:25:58 UE 1135: ulsch_rounds 75/0/0/0, ulsch_errors 0, ulsch_DTX 0, BLER 0.00020 MCS (0) 9 (Qm 2 deltaMCS 0 dB) NPRB 5  SNR 50.5 dB
 二  22 14:25:58 UE 1135: MAC:    TX           2250 RX           7219 bytes
 二  22 14:25:58 UE 1135: LCID 1: TX            520 RX            293 bytes
 二  22 14:25:58 UE 1135: LCID 2: TX              0 RX              0 bytes
 二  22 14:25:58 UE 1135: LCID 4: TX              0 RX              0 bytes
 二  22 14:25:58 
 二  22 14:25:58 [0m[NR_MAC]   Frame.Slot 0.0
 二  22 14:25:58 UE RNTI 1135 CU-UE-ID 1 in-sync PH 48 dB PCMAX 20 dBm, average RSRP -44 (16 meas)
 二  22 14:25:58 UE 1135: dlsch_rounds 19/0/0/0, dlsch_errors 0, pucch0_DTX 0, BLER 0.04305 MCS (0) 9
 二  22 14:25:58 UE 1135: ulsch_rounds 88/0/0/0, ulsch_errors 0, ulsch_DTX 0, BLER 0.00005 MCS (0) 9 (Qm 2 deltaMCS 0 dB) NPRB 5  SNR 50.5 dB
 二  22 14:25:58 UE 1135: MAC:    TX           2373 RX           8727 bytes
 二  22 14:25:58 UE 1135: LCID 1: TX            520 RX            293 bytes
 二  22 14:25:58 UE 1135: LCID 2: TX              0 RX              0 bytes
 二  22 14:25:58 UE 1135: LCID 4: TX              0 RX              0 bytes
 二  22 14:25:58 
 二  22 14:25:59 [0m[NR_MAC]   Frame.Slot 128.0
 二  22 14:25:59 UE RNTI 1135 CU-UE-ID 1 in-sync PH 48 dB PCMAX 20 dBm, average RSRP -44 (16 meas)
 二  22 14:25:59 UE 1135: dlsch_rounds 22/0/0/0, dlsch_errors 0, pucch0_DTX 0, BLER 0.03138 MCS (0) 9
 二  22 14:25:59 UE 1135: ulsch_rounds 105/0/0/0, ulsch_errors 0, ulsch_DTX 0, BLER 0.00001 MCS (0) 9 (Qm 2 deltaMCS 0 dB) NPRB 5  SNR 50.5 dB
 二  22 14:25:59 UE 1135: MAC:    TX           2742 RX          10337 bytes
 二  22 14:25:59 UE 1135: LCID 1: TX            520 RX            293 bytes
 二  22 14:25:59 UE 1135: LCID 2: TX              0 RX              0 bytes
 二  22 14:25:59 UE 1135: LCID 4: TX              3 RX             69 bytes
 二  22 14:25:59 
 二  22 14:26:00 [0m[NR_MAC]   Frame.Slot 256.0
 二  22 14:26:00 UE RNTI 1135 CU-UE-ID 1 in-sync PH 48 dB PCMAX 20 dBm, average RSRP -44 (16 meas)
 二  22 14:26:00 UE 1135: dlsch_rounds 23/0/0/0, dlsch_errors 0, pucch0_DTX 0, BLER 0.02824 MCS (0) 9
 二  22 14:26:00 UE 1135: ulsch_rounds 117/0/0/0, ulsch_errors 0, ulsch_DTX 0, BLER 0.00000 MCS (0) 9 (Qm 2 deltaMCS 0 dB) NPRB 5  SNR 50.5 dB
 二  22 14:26:00 UE 1135: MAC:    TX           2865 RX          11729 bytes
 二  22 14:26:00 UE 1135: LCID 1: TX            520 RX            293 bytes
 二  22 14:26:00 UE 1135: LCID 2: TX              0 RX              0 bytes
 二  22 14:26:00 UE 1135: LCID 4: TX              3 RX             69 bytes
 二  22 14:26:00 
 二  22 14:26:00 [0m[NR_MAC]   Frame.Slot 384.0
 二  22 14:26:00 UE RNTI 1135 CU-UE-ID 1 in-sync PH 48 dB PCMAX 20 dBm, average RSRP -44 (16 meas)
 二  22 14:26:00 UE 1135: dlsch_rounds 24/0/0/0, dlsch_errors 0, pucch0_DTX 0, BLER 0.02542 MCS (0) 9
 二  22 14:26:00 UE 1135: ulsch_rounds 130/0/0/0, ulsch_errors 0, ulsch_DTX 0, BLER 0.00000 MCS (0) 9 (Qm 2 deltaMCS 0 dB) NPRB 5  SNR 50.5 dB
 二  22 14:26:00 UE 1135: MAC:    TX           2988 RX          13237 bytes
 二  22 14:26:00 UE 1135: LCID 1: TX            520 RX            293 bytes
 二  22 14:26:00 UE 1135: LCID 2: TX              0 RX              0 bytes
 二  22 14:26:00 UE 1135: LCID 4: TX              3 RX             69 bytes
 二  22 14:26:00 
 二  22 14:26:01 [0m[NR_MAC]   Frame.Slot 512.0
 二  22 14:26:01 UE RNTI 1135 CU-UE-ID 1 in-sync PH 48 dB PCMAX 20 dBm, average RSRP -44 (16 meas)
 二  22 14:26:01 UE 1135: dlsch_rounds 25/0/0/0, dlsch_errors 0, pucch0_DTX 0, BLER 0.02288 MCS (0) 9
 二  22 14:26:01 UE 1135: ulsch_rounds 143/0/0/0, ulsch_errors 0, ulsch_DTX 0, BLER 0.00000 MCS (0) 9 (Qm 2 deltaMCS 0 dB) NPRB 5  SNR 50.5 dB
 二  22 14:26:01 UE 1135: MAC:    TX           3111 RX          14745 bytes
 二  22 14:26:01 UE 1135: LCID 1: TX            520 RX            293 bytes
 二  22 14:26:01 UE 1135: LCID 2: TX              0 RX              0 bytes
 二  22 14:26:01 UE 1135: LCID 4: TX              3 RX             69 bytes
 二  22 14:26:01 
 二  22 14:26:02 [0m[NR_MAC]   Frame.Slot 640.0
 二  22 14:26:02 UE RNTI 1135 CU-UE-ID 1 in-sync PH 48 dB PCMAX 20 dBm, average RSRP -44 (16 meas)
 二  22 14:26:02 UE 1135: dlsch_rounds 27/0/0/0, dlsch_errors 0, pucch0_DTX 0, BLER 0.01853 MCS (0) 9
 二  22 14:26:02 UE 1135: ulsch_rounds 156/0/0/0, ulsch_errors 0, ulsch_DTX 0, BLER 0.00000 MCS (0) 9 (Qm 2 deltaMCS 0 dB) NPRB 5  SNR 50.5 dB
 二  22 14:26:02 UE 1135: MAC:    TX           3357 RX          16253 bytes
 二  22 14:26:02 UE 1135: LCID 1: TX            520 RX            293 bytes
 二  22 14:26:02 UE 1135: LCID 2: TX              0 RX              0 bytes
 二  22 14:26:02 UE 1135: LCID 4: TX              3 RX             69 bytes
 二  22 14:26:02 
 二  22 14:26:02 [0m[NR_MAC]   Frame.Slot 768.0
 二  22 14:26:02 UE RNTI 1135 CU-UE-ID 1 in-sync PH 48 dB PCMAX 20 dBm, average RSRP -44 (16 meas)
 二  22 14:26:02 UE 1135: dlsch_rounds 28/0/0/0, dlsch_errors 0, pucch0_DTX 0, BLER 0.01668 MCS (0) 9
 二  22 14:26:02 UE 1135: ulsch_rounds 169/0/0/0, ulsch_errors 0, ulsch_DTX 0, BLER 0.00000 MCS (0) 9 (Qm 2 deltaMCS 0 dB) NPRB 5  SNR 50.5 dB
 二  22 14:26:02 UE 1135: MAC:    TX           3480 RX          17761 bytes
 二  22 14:26:02 UE 1135: LCID 1: TX            520 RX            293 bytes
 二  22 14:26:02 UE 1135: LCID 2: TX              0 RX              0 bytes
 二  22 14:26:02 UE 1135: LCID 4: TX              3 RX             69 bytes
 二  22 14:26:02 
 二  22 14:26:03 [0m[NR_MAC]   Frame.Slot 896.0
 二  22 14:26:03 UE RNTI 1135 CU-UE-ID 1 in-sync PH 48 dB PCMAX 20 dBm, average RSRP -44 (16 meas)
 二  22 14:26:03 UE 1135: dlsch_rounds 29/0/0/0, dlsch_errors 0, pucch0_DTX 0, BLER 0.01501 MCS (0) 9
 二  22 14:26:03 UE 1135: ulsch_rounds 181/0/0/0, ulsch_errors 0, ulsch_DTX 0, BLER 0.00000 MCS (0) 9 (Qm 2 deltaMCS 0 dB) NPRB 5  SNR 50.5 dB
 二  22 14:26:03 UE 1135: MAC:    TX           3603 RX          19153 bytes
 二  22 14:26:03 UE 1135: LCID 1: TX            520 RX            293 bytes
 二  22 14:26:03 UE 1135: LCID 2: TX              0 RX              0 bytes
 二  22 14:26:03 UE 1135: LCID 4: TX              3 RX             69 bytes
 二  22 14:26:03 
 二  22 14:26:04 [0m[NR_MAC]   Frame.Slot 0.0
 二  22 14:26:04 UE RNTI 1135 CU-UE-ID 1 in-sync PH 48 dB PCMAX 20 dBm, average RSRP -44 (16 meas)
 二  22 14:26:04 UE 1135: dlsch_rounds 31/0/0/0, dlsch_errors 0, pucch0_DTX 0, BLER 0.01216 MCS (0) 9
 二  22 14:26:04 UE 1135: ulsch_rounds 194/0/0/0, ulsch_errors 0, ulsch_DTX 0, BLER 0.00000 MCS (0) 9 (Qm 2 deltaMCS 0 dB) NPRB 5  SNR 50.5 dB
 二  22 14:26:04 UE 1135: MAC:    TX           3849 RX          20661 bytes
 二  22 14:26:04 UE 1135: LCID 1: TX            520 RX            293 bytes
 二  22 14:26:04 UE 1135: LCID 2: TX              0 RX              0 bytes
 二  22 14:26:04 UE 1135: LCID 4: TX              3 RX             69 bytes
 二  22 14:26:04 
 二  22 14:26:04 [0m[NR_MAC]   Frame.Slot 128.0
 二  22 14:26:04 UE RNTI 1135 CU-UE-ID 1 in-sync PH 48 dB PCMAX 20 dBm, average RSRP -44 (16 meas)
 二  22 14:26:04 UE 1135: dlsch_rounds 32/0/0/0, dlsch_errors 0, pucch0_DTX 0, BLER 0.01094 MCS (0) 9
 二  22 14:26:04 UE 1135: ulsch_rounds 207/0/0/0, ulsch_errors 0, ulsch_DTX 0, BLER 0.00000 MCS (0) 9 (Qm 2 deltaMCS 0 dB) NPRB 5  SNR 50.5 dB
 二  22 14:26:04 UE 1135: MAC:    TX           3972 RX          22169 bytes
 二  22 14:26:04 UE 1135: LCID 1: TX            520 RX            293 bytes
 二  22 14:26:04 UE 1135: LCID 2: TX              0 RX              0 bytes
 二  22 14:26:04 UE 1135: LCID 4: TX              3 RX             69 bytes
 二  22 14:26:04 
 二  22 14:26:05 [0m[NR_MAC]   Frame.Slot 256.0
 二  22 14:26:05 UE RNTI 1135 CU-UE-ID 1 in-sync PH 48 dB PCMAX 20 dBm, average RSRP -44 (16 meas)
 二  22 14:26:05 UE 1135: dlsch_rounds 33/0/0/0, dlsch_errors 0, pucch0_DTX 0, BLER 0.00985 MCS (0) 9
 二  22 14:26:05 UE 1135: ulsch_rounds 220/0/0/0, ulsch_errors 0, ulsch_DTX 0, BLER 0.00000 MCS (0) 9 (Qm 2 deltaMCS 0 dB) NPRB 5  SNR 50.5 dB
 二  22 14:26:05 UE 1135: MAC:    TX           4095 RX          23677 bytes
 二  22 14:26:05 UE 1135: LCID 1: TX            520 RX            293 bytes
 二  22 14:26:05 UE 1135: LCID 2: TX              0 RX              0 bytes
 二  22 14:26:05 UE 1135: LCID 4: TX              3 RX             69 bytes
 二  22 14:26:05 
 二  22 14:26:06 [0m[NR_MAC]   Frame.Slot 384.0
 二  22 14:26:06 UE RNTI 1135 CU-UE-ID 1 in-sync PH 48 dB PCMAX 20 dBm, average RSRP -44 (16 meas)
 二  22 14:26:06 UE 1135: dlsch_rounds 34/0/0/0, dlsch_errors 0, pucch0_DTX 0, BLER 0.00886 MCS (0) 9
 二  22 14:26:06 UE 1135: ulsch_rounds 233/0/0/0, ulsch_errors 0, ulsch_DTX 0, BLER 0.00000 MCS (0) 9 (Qm 2 deltaMCS 0 dB) NPRB 5  SNR 50.5 dB
 二  22 14:26:06 UE 1135: MAC:    TX           4218 RX          25185 bytes
 二  22 14:26:06 UE 1135: LCID 1: TX            520 RX            293 bytes
 二  22 14:26:06 UE 1135: LCID 2: TX              0 RX              0 bytes
 二  22 14:26:06 UE 1135: LCID 4: TX              3 RX             69 bytes
 二  22 14:26:06 
 二  22 14:26:06 [0m[NR_MAC]   Frame.Slot 512.0
 二  22 14:26:06 UE RNTI 1135 CU-UE-ID 1 in-sync PH 48 dB PCMAX 20 dBm, average RSRP -44 (16 meas)
 二  22 14:26:06 UE 1135: dlsch_rounds 36/0/0/0, dlsch_errors 0, pucch0_DTX 0, BLER 0.00718 MCS (0) 9
 二  22 14:26:06 UE 1135: ulsch_rounds 245/0/0/0, ulsch_errors 0, ulsch_DTX 0, BLER 0.00000 MCS (0) 9 (Qm 2 deltaMCS 0 dB) NPRB 5  SNR 50.5 dB
 二  22 14:26:06 UE 1135: MAC:    TX           4464 RX          26577 bytes
 二  22 14:26:06 UE 1135: LCID 1: TX            520 RX            293 bytes
 二  22 14:26:06 UE 1135: LCID 2: TX              0 RX              0 bytes
 二  22 14:26:06 UE 1135: LCID 4: TX              3 RX             69 bytes
 二  22 14:26:06 
 二  22 14:26:07 [0m[NR_MAC]   Frame.Slot 640.0
 二  22 14:26:07 UE RNTI 1135 CU-UE-ID 1 in-sync PH 48 dB PCMAX 20 dBm, average RSRP -44 (16 meas)
 二  22 14:26:07 UE 1135: dlsch_rounds 37/0/0/0, dlsch_errors 0, pucch0_DTX 0, BLER 0.00646 MCS (0) 9
 二  22 14:26:07 UE 1135: ulsch_rounds 258/0/0/0, ulsch_errors 0, ulsch_DTX 0, BLER 0.00000 MCS (0) 9 (Qm 2 deltaMCS 0 dB) NPRB 5  SNR 50.5 dB
 二  22 14:26:07 UE 1135: MAC:    TX           4587 RX          28085 bytes
 二  22 14:26:07 UE 1135: LCID 1: TX            520 RX            293 bytes
 二  22 14:26:07 UE 1135: LCID 2: TX              0 RX              0 bytes
 二  22 14:26:07 UE 1135: LCID 4: TX              3 RX             69 bytes
 二  22 14:26:07 
 二  22 14:26:07 [0m[NR_MAC]   Frame.Slot 768.0
 二  22 14:26:07 UE RNTI 1135 CU-UE-ID 1 in-sync PH 49 dB PCMAX 20 dBm, average RSRP -44 (16 meas)
 二  22 14:26:07 UE 1135: dlsch_rounds 39/0/0/0, dlsch_errors 0, pucch0_DTX 0, BLER 0.00523 MCS (0) 9
 二  22 14:26:07 UE 1135: ulsch_rounds 275/0/0/0, ulsch_errors 0, ulsch_DTX 0, BLER 0.00000 MCS (0) 9 (Qm 2 deltaMCS 0 dB) NPRB 5  SNR 51.0 dB
 二  22 14:26:07 UE 1135: MAC:    TX           4833 RX          29695 bytes
 二  22 14:26:07 UE 1135: LCID 1: TX            520 RX            293 bytes
 二  22 14:26:07 UE 1135: LCID 2: TX              0 RX              0 bytes
 二  22 14:26:07 UE 1135: LCID 4: TX              6 RX            138 bytes
 二  22 14:26:07 
 二  22 14:26:08 [0m[NR_MAC]   Frame.Slot 896.0
 二  22 14:26:08 UE RNTI 1135 CU-UE-ID 1 in-sync PH 48 dB PCMAX 20 dBm, average RSRP -44 (16 meas)
 二  22 14:26:08 UE 1135: dlsch_rounds 41/0/0/0, dlsch_errors 0, pucch0_DTX 0, BLER 0.00424 MCS (0) 9
 二  22 14:26:08 UE 1135: ulsch_rounds 288/0/0/0, ulsch_errors 0, ulsch_DTX 0, BLER 0.00000 MCS (0) 9 (Qm 2 deltaMCS 0 dB) NPRB 5  SNR 50.5 dB
 二  22 14:26:08 UE 1135: MAC:    TX           5079 RX          31087 bytes
 二  22 14:26:08 UE 1135: LCID 1: TX            520 RX            293 bytes
 二  22 14:26:08 UE 1135: LCID 2: TX              0 RX              0 bytes
 二  22 14:26:08 UE 1135: LCID 4: TX              6 RX            138 bytes
 二  22 14:26:08 
 二  22 14:26:09 [0m[NR_MAC]   Frame.Slot 0.0
 二  22 14:26:09 UE RNTI 1135 CU-UE-ID 1 in-sync PH 48 dB PCMAX 20 dBm, average RSRP -44 (16 meas)
 二  22 14:26:09 UE 1135: dlsch_rounds 42/0/0/0, dlsch_errors 0, pucch0_DTX 0, BLER 0.00382 MCS (0) 9
 二  22 14:26:09 UE 1135: ulsch_rounds 300/0/0/0, ulsch_errors 0, ulsch_DTX 0, BLER 0.00000 MCS (0) 9 (Qm 2 deltaMCS 0 dB) NPRB 5  SNR 50.5 dB
 二  22 14:26:09 UE 1135: MAC:    TX           5202 RX          32595 bytes
 二  22 14:26:09 UE 1135: LCID 1: TX            520 RX            293 bytes
 二  22 14:26:09 UE 1135: LCID 2: TX              0 RX              0 bytes
 二  22 14:26:09 UE 1135: LCID 4: TX              6 RX            138 bytes
 二  22 14:26:09 
 二  22 14:26:09 [0m
 二  22 14:26:09 ** Caught SIGTERM, shutting down
 二  22 14:26:09 Returned from ITTI signal handler
 二  22 14:26:09 Bye.
