1717081643.235152 [HW]   # /dev/cpu_dma_latency set to 2 us
[0m1717081643.255395 [ENB_APP]   nfapi (2) running mode: VNF
[0m1717081643.255486 [GNB_APP]   Getting GNBSParams
[0m1717081644.255655 [ITTI]   Starting itti queue: TASK_UNKNOWN as task 0
[0m1717081644.255808 [ITTI]   Starting itti queue: TASK_TIMER as task 1
[0m1717081644.255843 [ITTI]   Starting itti queue: TASK_L2L1 as task 2
[0m1717081644.255858 [ITTI]   Starting itti queue: TASK_BM as task 3
[0m1717081644.255869 [ITTI]   Starting itti queue: TASK_PHY_ENB as task 4
[0m1717081644.255879 [ITTI]   Starting itti queue: TASK_MAC_GNB as task 5
[0m1717081644.255889 [ITTI]   Starting itti queue: TASK_RLC_ENB as task 6
[0m1717081644.255898 [ITTI]   Starting itti queue: TASK_RRC_ENB_NB_IoT as task 7
[0m1717081644.255908 [ITTI]   Starting itti queue: TASK_PDCP_ENB as task 8
[0m1717081644.255917 [ITTI]   Starting itti queue: TASK_PDCP_GNB as task 9
[0m1717081644.255926 [ITTI]   Starting itti queue: TASK_DATA_FORWARDING as task 10
[0m1717081644.255936 [ITTI]   Starting itti queue: TASK_END_MARKER as task 11
[0m1717081644.255946 [ITTI]   Starting itti queue: TASK_RRC_ENB as task 12
[0m1717081644.255956 [ITTI]   Starting itti queue: TASK_RRC_GNB as task 13
[0m1717081644.255966 [ITTI]   Starting itti queue: TASK_RAL_ENB as task 14
[0m1717081644.255976 [ITTI]   Starting itti queue: TASK_S1AP as task 15
[0m1717081644.255986 [ITTI]   Starting itti queue: TASK_NGAP as task 16
[0m1717081644.255995 [ITTI]   Starting itti queue: TASK_X2AP as task 17
[0m1717081644.256004 [ITTI]   Starting itti queue: TASK_M2AP_ENB as task 18
[0m1717081644.256013 [ITTI]   Starting itti queue: TASK_M2AP_MCE as task 19
[0m1717081644.256022 [ITTI]   Starting itti queue: TASK_M3AP as task 20
[0m1717081644.256031 [ITTI]   Starting itti queue: TASK_M3AP_MME as task 21
[0m1717081644.256041 [ITTI]   Starting itti queue: TASK_M3AP_MCE as task 22
[0m1717081644.256051 [ITTI]   Starting itti queue: TASK_SCTP as task 23
[0m1717081644.256060 [ITTI]   Starting itti queue: TASK_ENB_APP as task 24
[0m1717081644.256069 [ITTI]   Starting itti queue: TASK_GNB_APP as task 25
[0m1717081644.256078 [ITTI]   Starting itti queue: TASK_MCE_APP as task 26
[0m1717081644.256088 [ITTI]   Starting itti queue: TASK_MME_APP as task 27
[0m1717081644.256097 [ITTI]   Starting itti queue: TASK_PHY_UE as task 28
[0m1717081644.256107 [ITTI]   Starting itti queue: TASK_MAC_UE as task 29
[0m1717081644.256118 [ITTI]   Starting itti queue: TASK_RLC_UE as task 30
[0m1717081644.256127 [ITTI]   Starting itti queue: TASK_PDCP_UE as task 31
[0m1717081644.256136 [ITTI]   Starting itti queue: TASK_RRC_UE as task 32
[0m1717081644.256146 [ITTI]   Starting itti queue: TASK_RRC_NRUE as task 33
[0m1717081644.256155 [ITTI]   Starting itti queue: TASK_NAS_UE as task 34
[0m1717081644.256166 [ITTI]   Starting itti queue: TASK_RAL_UE as task 35
[0m1717081644.256180 [ITTI]   Starting itti queue: TASK_GTPV1_U as task 36
[0m1717081644.256190 [ITTI]   Starting itti queue: TASK_CU_F1 as task 37
[0m1717081644.256198 [ITTI]   Starting itti queue: TASK_DU_F1 as task 38
[0m1717081644.256208 [ITTI]   Starting itti queue: TASK_CUCP_E1 as task 39
[0m1717081644.256216 [ITTI]   Starting itti queue: TASK_CUUP_E1 as task 40
[0m1717081644.256225 [ITTI]   Starting itti queue: TASK_RRC_UE_SIM as task 41
[0m1717081644.256234 [ITTI]   Starting itti queue: TASK_RRC_GNB_SIM as task 42
[0m1717081644.256243 [ITTI]   Starting itti queue: TASK_RRC_NSA_UE as task 43
[0m1717081644.256252 [ITTI]   Starting itti queue: TASK_RRC_NSA_NRUE as task 44
[0m1717081644.256261 [ITTI]   Starting itti queue: TASK_NAS_NRUE as task 45
[0m1717081644.256285 [OPT]   OPT disabled
[0m1717081644.256338 [HW]   Version: Branch: nfapi-fixes-rebased Abrev. Hash: a2d6af5674 Date: Wed May 22 08:47:32 2024 +0200
[0m1717081644.256511 [PHY]   create_gNB_tasks() Task ready initialize structures
[0m1717081644.256615 [NR_PHY]   RC.gNB = 0x604d4d07bad0
[0m1717081644.256652 [PHY]   No prs_config configuration found..!!
[0m1717081644.256782 [GNB_APP]   pdsch_AntennaPorts N1 1 N2 1 XP 2 pusch_AntennaPorts 2
[0m1717081644.256846 [GNB_APP]   minTXRXTIME 5
[0m1717081644.256883 [GNB_APP]   SIB1 TDA 1
[0m1717081644.256936 [GNB_APP]   CSI-RS 1, SRS 1, 256 QAM may be on
[0m1717081644.257125 [RRC]   Read in ServingCellConfigCommon (PhysCellId 0, ABSFREQSSB 621312, DLBand 78, ABSFREQPOINTA 620040, DLBW 106,RACH_TargetReceivedPower -96
[0m1717081644.257140 [NR_MAC]   NR band duplex spacing is 0 KHz (nr_bandtable[40].band = 78)
[0m1717081644.257148 [RRC]   absoluteFrequencySSB 621312 corresponds to 3319680000 Hz
[0m1717081644.257157 [NR_MAC]   NR band duplex spacing is 0 KHz (nr_bandtable[40].band = 78)
[0m1717081644.257163 [NR_MAC]   NR band 78, duplex mode TDD, duplex spacing = 0 KHz
[0m1717081644.257171 [NR_MAC]   NR band duplex spacing is 0 KHz (nr_bandtable[40].band = 78)
[0m1717081644.257176 [NR_MAC]   NR band 78, duplex mode TDD, duplex spacing = 0 KHz
[0m1717081644.257335 [MAC]   [MAIN] Init function start:nb_nr_macrlc_inst=1
[0m1717081644.257368 [UTIL]   Creating thread MAC_STATS with affinity -1 and priority 2
[0m1717081644.258577 [UTIL]   threadCreate for MAC_STATS, affinity ffffffff, priority 2
[0m1717081644.264522 [PHY]   Installing callbacks for IF_Module - UL_indication
[0m1717081644.264553 [MAC]   Allocating shared L1/L2 interface structure for instance 0 @ 0x604d4d095560
[0m1717081644.264565 [NR_MAC]   Configuring common parameters from NR ServingCellConfig
[0m1717081644.264572 [NR_MAC]   DL_Bandwidth:40
[0m1717081644.264579 [NR_MAC]   NR band duplex spacing is 0 KHz (nr_bandtable[40].band = 78)
[0m1717081644.264585 [NR_MAC]   DL_Bandwidth:40
[0m1717081644.264591 [NR_MAC]   NR band duplex spacing is 0 KHz (nr_bandtable[40].band = 78)
[0m1717081644.264597 [NR_MAC]   NR band duplex spacing is 0 KHz (nr_bandtable[40].band = 78)
[0m1717081644.264602 [NR_MAC]   NR band 78, duplex mode TDD, duplex spacing = 0 KHz
[0m1717081644.264608 [NR_MAC]   ssb_OffsetPointA 86, ssb_SubcarrierOffset 0
[0m1717081644.264612 [NR_MAC]   Set RX antenna number to 2, Set TX antenna number to 2 (num ssb 1: 80000000,0)
[0m1717081644.264618 [NR_MAC]   Setting TDD configuration period to 6
[0m1717081644.264671 [NR_MAC]   PUSCH Target 200, PUCCH Target 150, PUCCH Failure 10, PUSCH Failure 10
[0m1717081644.264691 [ENB_APP]   nfapi (2) running mode: VNF
[0mCMDLINE: "./nr-softmodem" "-O" "../../../targets/PROJECTS/GENERIC-LTE-EPC/CONF/rcc.band78.tm1.106PRB.nfapi.2x2.conf" "--nfapi" "VNF" "--sa" "--log_config.global_log_options" "wall_clock" "--emulate-l1" 
[CONFIG] get parameters from libconfig ../../../targets/PROJECTS/GENERIC-LTE-EPC/CONF/rcc.band78.tm1.106PRB.nfapi.2x2.conf [LIBCONFIG] Path for include directive set to: ../../../targets/PROJECTS/GENERIC-LTE-EPC/CONF
[CONFIG] function config_libconfig_init returned 0
[CONFIG] config module libconfig loaded
[LIBCONFIG] config: 2/2 parameters successfully set, (2 to default value)
[CONFIG] debug flags: 0x00000000
[LIBCONFIG] log_config: 3/3 parameters successfully set, (1 to default value)
[LIBCONFIG] log_config: 50/50 parameters successfully set, (49 to default value)
[LIBCONFIG] log_config: 50/50 parameters successfully set, (50 to default value)
[LIBCONFIG] log_config: 16/16 parameters successfully set, (16 to default value)
[LIBCONFIG] log_config: 16/16 parameters successfully set, (16 to default value)
log init done
Reading in command-line options
[LIBCONFIG] (root): 42/42 parameters successfully set, (39 to default value)
[LIBCONFIG] (root): 6/6 parameters successfully set, (5 to default value)
[LIBCONFIG] (root): 2/2 parameters successfully set, (0 to default value)
[LIBCONFIG] list L1s not found in config file ../../../targets/PROJECTS/GENERIC-LTE-EPC/CONF/rcc.band78.tm1.106PRB.nfapi.2x2.conf 
[LIBCONFIG] list RUs not found in config file ../../../targets/PROJECTS/GENERIC-LTE-EPC/CONF/rcc.band78.tm1.106PRB.nfapi.2x2.conf 
[LIBCONFIG] list THREAD_STRUCT not found in config file ../../../targets/PROJECTS/GENERIC-LTE-EPC/CONF/rcc.band78.tm1.106PRB.nfapi.2x2.conf 
[CONFIG] parallel_conf is set to 2
[CONFIG] worker_conf is set to 1
Configuration: nb_rrc_inst 1, nb_nr_L1_inst 0, nb_ru 0
[LIBCONFIG] TTracer: 3/3 parameters successfully set, (3 to default value)
configuring for RAU/RRU
[LIBCONFIG] opt: 3/3 parameters successfully set, (3 to default value)
[LIBCONFIG] gNBs.[0]: 29/29 parameters successfully set, (16 to default value)
[LIBCONFIG] MACRLCs.[0]: 33/33 parameters successfully set, (22 to default value)
[LIBCONFIG] list gNBs.[0].E1_INTERFACE not found in config file ../../../targets/PROJECTS/GENERIC-LTE-EPC/CONF/rcc.band78.tm1.106PRB.nfapi.2x2.conf 
[LIBCONFIG] (root): 2/2 parameters successfully set, (0 to default value)
[LIBCONFIG] gNBs.[0]: 29/29 parameters successfully set, (16 to default value)
[LIBCONFIG] list prs_config not found in config file ../../../targets/PROJECTS/GENERIC-LTE-EPC/CONF/rcc.band78.tm1.106PRB.nfapi.2x2.conf 
[LIBCONFIG] (root): 2/2 parameters successfully set, (0 to default value)
[LIBCONFIG] gNBs.[0]: 29/29 parameters successfully set, (16 to default value)
[LIBCONFIG] MACRLCs.[0]: 33/33 parameters successfully set, (22 to default value)
[LIBCONFIG] gNBs.[0].servingCellConfigCommon.[0]: 60/60 parameters successfully set, (9 to default value)
[LIBCONFIG] list gNBs.[0].servingCellConfigDedicated not found in config file ../../../targets/PROJECTS/GENERIC-LTE-EPC/CONF/rcc.band78.tm1.106PRB.nfapi.2x2.conf 
[LIBCONFIG] gNBs.[0]: 29/29 parameters successfully set, (16 to default value)
[LIBCONFIG] MACRLCs.[0]: 33/33 parameters successfully set, (22 to default value)
[LIBCONFIG] list gNBs.[0].E1_INTERFACE not found in config file ../../../targets/PROJECTS/GENERIC-LTE-EPC/CONF/rcc.band78.tm1.106PRB.nfapi.2x2.conf 
[LIBCONFIG] gNBs.[0]: 29/29 parameters successfully set, (16 to default value)
[LIBCONFIG] MACRLCs.[0]: 33/33 parameters successfully set, (22 to default value)
[LIBCONFIG] list gNBs.[0].E1_INTERFACE not found in config file ../../../targets/PROJECTS/GENERIC-LTE-EPC/CONF/rcc.band78.tm1.106PRB.nfapi.2x2.conf 
**************** vnf_port:50001
90591217127 [I] 3123900416: nfapi_trace_init: NFAPI_TRACE_LEVEL='info'
90591217142 [I] 3123900416: configure_nr_nfapi_vnf: [VNF] configure_nr_nfapi_vnf() vnf.p7_vnfs[0].config:0x604d4d09bb20 VNF ADDRESS:127.0.0.1:50001
90591217151 [I] 3123900416: configure_nr_nfapi_vnf: [VNF] Creating VNF NFAPI start thread configure_nr_nfapi_vnf
90591218563 [I] 3123900416: configure_nr_nfapi_vnf: [VNF] Created VNF NFAPI start thread configure_nr_nfapi_vnf
**************** RETURNED FROM configure_nfapi_vnf() vnf_port:50001
90591218566 [I] 3003110976: vnf_nr_start_thread: [VNF] VNF NFAPI thread - nfapi_vnf_start()vnf_nr_start_thread
[LIBCONFIG] (root): 2/2 parameters successfully set, (0 to default value)
90591218592 [I] 3003110976: nfapi_nr_vnf_start: nfapi_nr_vnf_start()
90591218598 [I] 3003110976: nfapi_nr_vnf_start: Starting P5 VNF connection on port 50001
[LIBCONFIG] gNBs.[0]: 29/29 parameters successfully set, (16 to default value)
90591218619 [I] 3003110976: nfapi_nr_vnf_start: P5 socket created... 99
1717081644.266234 [NR_RRC]   SIB1 freq: offsetToPointA 86
[0m[LIBCONFIG] gNBs.[0].plmn_list.[0]: 3/3 parameters successfully set, (0 to default value)
[LIBCONFIG] gNBs.[0].plmn_list.[0].snssaiList.[0]: 2/2 parameters successfully set, (1 to default value)
90591218674 [N] 3003110976: nfapi_nr_vnf_start: VNF Setting the SCTP_INITMSG
1717081644.266267 [NR_MAC]   NR band duplex spacing is 0 KHz (nr_bandtable[40].band = 78)
[0m90591218696 [I] 3003110976: nfapi_nr_vnf_start: IPV4 binding to port 50001
1717081644.266275 [NR_MAC]   NR band 78, duplex mode TDD, duplex spacing = 0 KHz
[0m90591218716 [I] 3003110976: nfapi_nr_vnf_start: bind succeeded..99.
90591218745 [I] 3003110976: nfapi_nr_vnf_start: listen succeeded...
1717081644.266330 [GNB_APP]   F1AP: gNB idx 0 gNB_DU_id 3584, gNB_DU_name gNB-Eurecom-5GNRBox, TAC 1 MCC/MNC/length 208/95/2 cellID 12345678
[0m1717081644.266338 [GNB_APP]   ngran_DU: Configuring Cell 0 for TDD
[0m<MeasurementTimingConfiguration>
    <criticalExtensions>
        <c1>
            <measTimingConf>
                <measTiming>
                    <MeasTiming>
                        <frequencyAndTiming>
                            <carrierFreq>621312</carrierFreq>
                            <ssbSubcarrierSpacing><kHz30/></ssbSubcarrierSpacing>
                            <ssb-MeasurementTimingConfiguration>
                                <periodicityAndOffset>
                                    <sf20>0</sf20>
                                </periodicityAndOffset>
                                <duration><sf1/></duration>
                            </ssb-MeasurementTimingConfiguration>
                        </frequencyAndTiming>
                    </MeasTiming>
                </measTiming>
            </measTimingConf>
        </c1>
    </criticalExtensions>
</MeasurementTimingConfiguration>
1717081644.266394 [PHY]   create_gNB_tasks() RC.nb_nr_L1_inst:0
[0m1717081644.266405 [GNB_APP]   Allocating gNB_RRC_INST for 1 instances
[0m1717081644.266591 [GNB_APP]   SDAP layer is disabled
[0m1717081644.266599 [GNB_APP]   Data Radio Bearer count 1
[0m1717081644.266615 [NR_RRC]   do_SIB23_NR, size 9 
 [0m1717081644.266762 [PDCP]   pdcp init,usegtp 
[0m1717081644.266830 [GNB_APP]   default drx 0
[0m1717081644.266842 [GNB_APP]   [gNB 0] gNB_app_register for instance 0
[0m1717081644.266850 [UTIL]   Creating thread TASK_SCTP with affinity -1 and priority 50
[0m1717081644.268144 [UTIL]   threadCreate for TASK_SCTP, affinity ffffffff, priority 50
[0m1717081644.270287 [ITTI]   Created Posix thread TASK_SCTP
[0m1717081644.270318 [X2AP]   X2AP is disabled.
[0m1717081644.270358 [UTIL]   Creating thread TASK_NGAP with affinity -1 and priority 50
[0m1717081644.272143 [UTIL]   threadCreate for TASK_NGAP, affinity ffffffff, priority 50
[0m1717081644.274575 [ITTI]   Created Posix thread TASK_NGAP
[0m1717081644.274605 [UTIL]   Creating thread TASK_GNB_APP with affinity -1 and priority 50
[0m1717081644.274629 [NGAP]   Registered new gNB[0] and macro gNB id 3584
[0m1717081644.274657 [NGAP]   [gNB 0] check the amf registration state
[0m[93m1717081644.274797 [SCTP]   sctp_bindx() SCTP_BINDX_ADD_ADDR failed: errno 99 Cannot assign requested address
[0m[1;31m1717081644.274813 [SCTP]   could not open socket, no SCTP connection established
[0m1717081644.276075 [UTIL]   threadCreate for TASK_GNB_APP, affinity ffffffff, priority 50
[0m1717081644.278167 [ITTI]   Created Posix thread TASK_GNB_APP
[0m1717081644.278198 [UTIL]   Creating thread TASK_RRC_GNB with affinity -1 and priority 50
[0m1717081644.279417 [UTIL]   threadCreate for TASK_RRC_GNB, affinity ffffffff, priority 50
[0m1717081644.281814 [ITTI]   Created Posix thread TASK_RRC_GNB
[0m1717081644.281868 [NR_RRC]   Entering main loop of NR_RRC message task
[0m1717081644.281903 [NR_RRC]   Received F1 Setup Request from gNB_DU 3584 (gNB-Eurecom-5GNRBox) on assoc_id -1
[0m1717081644.281967 [GTPU]   Configuring GTPu
[0m1717081644.281971 [RRC]   Accepting DU 3584 (gNB-Eurecom-5GNRBox), sending F1 Setup Response
[0m1717081644.281989 [RRC]   DU uses RRC version 17.3.0
[0m1717081644.282002 [MAC]   received F1 Setup Response from CU (null)
[0m1717081644.282009 [MAC]   CU uses RRC version 17.3.0
[0m1717081644.282065 [GTPU]   SA mode 
[0m1717081644.282080 [GTPU]   Configuring GTPu address : 192.168.71.140, port : 2152
[0m1717081644.282089 [GTPU]   Initializing UDP for local address 192.168.71.140 with port 2152
[0m[93m1717081644.282128 [GTPU]   bind: Cannot assign requested address
[0m[1;31m1717081644.282188 [GTPU]   failed to bind socket: 192.168.71.140 2152 
[0m[1;31m1717081644.282256 [GTPU]   can't create GTP-U instance
[0m1717081644.282266 [GTPU]   Created gtpu instance id: -1
[0m[1;31m1717081644.282273 [E1AP]   Failed to create CUUP N3 UDP listener[0m1717081644.282285 [UTIL]   Creating thread TASK_GTPV1_U with affinity -1 and priority 50
[0m1717081644.282289 [NR_RRC]   Accepting new CU-UP ID 3584 name gNB-Eurecom-5GNRBox (assoc_id -1)
[0m1717081644.284045 [UTIL]   threadCreate for TASK_GTPV1_U, affinity ffffffff, priority 50
[0m1717081644.286018 [ITTI]   Created Posix thread TASK_GTPV1_U
[0m[LIBCONFIG] (root): 2/2 parameters successfully set, (0 to default value)
[LIBCONFIG] gNBs.[0]: 29/29 parameters successfully set, (16 to default value)
NRRRC 0: Southbound Transport local_mac
[LIBCONFIG] gNBs.[0]: 29/29 parameters successfully set, (16 to default value)
[LIBCONFIG] MACRLCs.[0]: 33/33 parameters successfully set, (22 to default value)
[LIBCONFIG] list gNBs.[0].E1_INTERFACE not found in config file ../../../targets/PROJECTS/GENERIC-LTE-EPC/CONF/rcc.band78.tm1.106PRB.nfapi.2x2.conf 
[LIBCONFIG] gNBs.[0].plmn_list.[0]: 3/3 parameters successfully set, (0 to default value)
[LIBCONFIG] security: 4/4 parameters successfully set, (0 to default value)
[LIBCONFIG] gNBs.[0]: 29/29 parameters successfully set, (16 to default value)
[LIBCONFIG] MACRLCs.[0]: 33/33 parameters successfully set, (22 to default value)
[LIBCONFIG] list gNBs.[0].E1_INTERFACE not found in config file ../../../targets/PROJECTS/GENERIC-LTE-EPC/CONF/rcc.band78.tm1.106PRB.nfapi.2x2.conf 
[LIBCONFIG] gNBs.[0]: 29/29 parameters successfully set, (16 to default value)
[LIBCONFIG] MACRLCs.[0]: 33/33 parameters successfully set, (22 to default value)
[LIBCONFIG] list gNBs.[0].E1_INTERFACE not found in config file ../../../targets/PROJECTS/GENERIC-LTE-EPC/CONF/rcc.band78.tm1.106PRB.nfapi.2x2.conf 
[LIBCONFIG] gNBs.[0]: 29/29 parameters successfully set, (16 to default value)
[LIBCONFIG] MACRLCs.[0]: 33/33 parameters successfully set, (22 to default value)
[LIBCONFIG] list gNBs.[0].E1_INTERFACE not found in config file ../../../targets/PROJECTS/GENERIC-LTE-EPC/CONF/rcc.band78.tm1.106PRB.nfapi.2x2.conf 
[LIBCONFIG] eNBs.[0]: 1/1 parameters successfully set, (1 to default value)
[LIBCONFIG] gNBs.[0]: 1/1 parameters successfully set, (1 to default value)
[LIBCONFIG] (root): 2/2 parameters successfully set, (0 to default value)
[LIBCONFIG] gNBs.[0]: 29/29 parameters successfully set, (16 to default value)
[LIBCONFIG] gNBs.[0].plmn_list.[0]: 3/3 parameters successfully set, (0 to default value)
[LIBCONFIG] gNBs.[0].plmn_list.[0].snssaiList.[0]: 2/2 parameters successfully set, (1 to default value)
[LIBCONFIG] gNBs.[0].amf_ip_address.[0]: 1/1 parameters successfully set, (0 to default value)
[LIBCONFIG] gNBs.[0].SCTP: 2/2 parameters successfully set, (0 to default value)
[LIBCONFIG] gNBs.[0].NETWORK_INTERFACES: 7/7 parameters successfully set, (3 to default value)
[LIBCONFIG] gNBs.[0].NETWORK_INTERFACES: 7/7 parameters successfully set, (3 to default value)
[LIBCONFIG] gNBs.[0]: 29/29 parameters successfully set, (16 to default value)
[LIBCONFIG] MACRLCs.[0]: 33/33 parameters successfully set, (22 to default value)
[LIBCONFIG] list gNBs.[0].E1_INTERFACE not found in config file ../../../targets/PROJECTS/GENERIC-LTE-EPC/CONF/rcc.band78.tm1.106PRB.nfapi.2x2.conf 
[LIBCONFIG] (root): 2/2 parameters successfully set, (0 to default value)
[LIBCONFIG] gNBs.[0]: 29/29 parameters successfully set, (16 to default value)
[LIBCONFIG] gNBs.[0].plmn_list.[0]: 3/3 parameters successfully set, (0 to default value)
[LIBCONFIG] gNBs.[0].plmn_list.[0].snssaiList.[0]: 2/2 parameters successfully set, (1 to default value)
[LIBCONFIG] (root): 2/2 parameters successfully set, (0 to default value)
[LIBCONFIG] gNBs.[0].NETWORK_INTERFACES: 7/7 parameters successfully set, (3 to default value)
NFAPI*** - mutex and cond created - will block shortly for completion of PNF connection
START MAIN THREADS
RC.nb_nr_L1_inst:0
wait_gNBs()
Waiting for gNB L1 instances to all get configured ... sleeping 50ms (nb_nr_sL1_inst 0)
gNB L1 are configured
About to Init RU threads RC.nb_RU:0
Entering ITTI signals handler
TYPE <CTRL-C> TO TERMINATE
90597417729 [I] 3003110976: nfapi_nr_vnf_start: Accepting connection from PNF...
90597417779 [I] 3003110976: nfapi_nr_vnf_start: PNF connection (fd:100) accepted from 127.0.0.1:44798 
90597417841 [I] 3003110976: nfapi_nr_vnf_start: MALLOC nfapi_vnf_pnf_info_t for pnf_list pnf:0x7b4598000b70
90597417849 [I] 3003110976: pnf_nr_connection_indication_cb: [VNF] pnf connection indication idx:0
90597417856 [I] 3003110976: oai_create_gnb: oai_create_gnb() gNB is now configured
90597417918 [I] 3003110976: nfapi_nr_vnf_start: VNF Association ID = 162
90597417929 [I] 3003110976: nfapi_nr_vnf_start: VNF Receiver window size = 67108856
90597417938 [I] 3003110976: nfapi_nr_vnf_start: VNF In Streams = 5
90597417945 [I] 3003110976: nfapi_nr_vnf_start: VNF Out Streams = 5
90597417973 [I] 3003110976: vnf_nr_handle_pnf_param_response: Received PNF_PARAM.reponse
90597417988 [I] 3003110976: pnf_nr_param_resp_cb: [VNF] pnf param response idx:0 error:0
90597417995 [I] 3003110976: pnf_nr_param_resp_cb: [VNF] (PHY:0) phy_config_idx:0
90597418002 [I] 3003110976: nfapi_vnf_phy_info_list_add: Adding phy p5_idx:0 phy_id:1
90597418008 [I] 3003110976: pnf_nr_param_resp_cb: [VNF] (PHY:0) (RF0) 0
90597418015 [I] 3003110976: pnf_nr_param_resp_cb: [VNF] (PHY:0) (RF1) 0
90597418021 [I] 3003110976: pnf_nr_param_resp_cb: Hard coded num phy rf to 2
90597418096 [I] 3003110976: vnf_nr_handle_pnf_config_response: Received PNF_CONFIG_RESPONSE
90597418108 [I] 3003110976: pnf_nr_config_resp_cb: [VNF] pnf config response idx:0 resp[header[phy_id:0 message_id:103 message_length:1]]
90597418168 [I] 3003110976: vnf_nr_handle_pnf_start_response: Received PNF_START_RESPONSE
90597418180 [I] 3003110976: pnf_nr_start_resp_cb: [VNF] pnf start response idx:0 config:0x604d4d09bc70 user_data:0x604d4aa45880 p7_vnf[config:0x604d4d09bb20 thread_started:0]
90597420302 [I] 3003110976: pnf_nr_start_resp_cb: [VNF] Sending NFAPI_VNF_PARAM_REQUEST phy_id:1
90597420323 [I] 2743068224: vnf_nr_p7_thread_start: [VNF] Creating VNF NFAPI P7 start thread vnf_nr_p7_thread_start
90597420456 [I] 3003110976: vnf_nr_handle_param_response: Received PARAM_RESPONSE
90597420488 [I] 3003110976: vnf_nr_handle_param_response: PNF P7 IPv4 address: 127.0.0.1
90597420500 [I] 3003110976: vnf_nr_handle_param_response: PNF P7 IPv6 address: ::
90597420509 [I] 3003110976: vnf_nr_handle_param_response: PNF P7 Port: 23235
90597420517 [I] 3003110976: nr_param_resp_cb: [VNF] Received NFAPI_PARAM_RESP idx:0 phy_id:1
90597420527 [I] 3003110976: nr_param_resp_cb: [VNF] 0.1 pnf p7 127.0.0.1:23235 timing 30 1 0 1
90597420536 [I] 3003110976: nfapi_vnf_p7_add_pnf: nfapi_vnf_p7_add_pnf(config:0x604d4d09bb20 phy_id:1 pnf_addr:127.0.0.1 pnf_p7_port:23235)
90597420548 [I] 3003110976: vnf_p7_connection_info_list_add: vnf_p7_connection_info_list_add()
90597420557 [I] 3003110976: nr_param_resp_cb: [VNF] Send NFAPI_CONFIG_REQUEST
90597420565 [I] 3003110976: nr_param_resp_cb: [VNF] Local_port:23491
90597420574 [I] 3003110976: nr_param_resp_cb: [VNF] Local_addr:127.0.0.1
90597420583 [I] 3003110976: nr_param_resp_cb: 
[VNF]Timing window tag : 286 Timing window:30
carrier_config
  bw t 4097 l 0 v 40
  freq t 4098 l 0 v 3300600
  dl_k0[0] t 0 l 0 v 0
  dl_k0[1] t 4099 l 0 v 0
  dl_k0[2] t 0 l 0 v 0
  dl_k0[3] t 0 l 0 v 0
  dl_k0[4] t 0 l 0 v 0
  dl_grid_size[0] t 0 l 0 v 0
  dl_grid_size[1] t 4100 l 0 v 106
  dl_grid_size[2] t 0 l 0 v 0
  dl_grid_size[3] t 0 l 0 v 0
  dl_grid_size[4] t 0 l 0 v 0
  num_tx_ant t 4101 l 0 v 2
  uplink_bandwidth t 4102 l 0 v 40
  uplink_frequency t 4103 l 0 v 3300600
  ul_k0[0] t 0 l 0 v 0
  ul_k0[1] t 4104 l 0 v 0
  ul_k0[2] t 0 l 0 v 0
  ul_k0[3] t 0 l 0 v 0
  ul_k0[4] t 0 l 0 v 0
  ul_grid_size[0] t 0 l 0 v 0
  ul_grid_size[1] t 4105 l 0 v 106
  ul_grid_size[2] t 0 l 0 v 0
  ul_grid_size[3] t 0 l 0 v 0
  ul_grid_size[4] t 0 l 0 v 0
  num_rx_ant t 4106 l 0 v 2
  frequency_shift_7p5khz t 0 l 0 v 0
prach_config
  prach_sequence_length t 4113 l 0 v 1
  prach_sub_c_spacing t 4114 l 0 v 1
  restricted_set_config t 4115 l 0 v 0
  num_prach_fd_occasions t 4116 l 0 v 1
  prach_ConfigurationIndex t 4137 l 0 v 98
    prach_root_sequence_index t 4117 l 0 v 1
    num_root_sequences t 4118 l 0 v 13
    k1 t 4119 l 0 v 0
    prach_zero_corr_conf t 4120 l 0 v 12
    num_unused_root_sequences t 4121 l 0 v 0
  ssb_per_rach t 4123 l 0 v 2
  prach_multiple_carriers_in_a_band t 0 l 0 v 0
[VNF] Sent NFAPI_VNF_CONFIG_REQ num_tlv:247
90597421328 [I] 3003110976: vnf_nr_handle_config_response: Received CONFIG_RESPONSE
90597421367 [I] 3003110976: nr_config_resp_cb: [VNF] Received NFAPI_CONFIG_RESP idx:0 phy_id:1
90597421393 [I] 3003110976: nr_config_resp_cb: [VNF] Calling oai_enb_init()
90597422382 [I] 2734675520: vnf_nr_p7_start_thread: vnf_nr_p7_start_thread()
90597422409 [I] 2734675520: nfapi_nr_vnf_p7_start: nfapi_nr_vnf_p7_start()
90597422417 [I] 2734675520: nfapi_nr_vnf_p7_start: Initialising VNF P7 port:50011
90597422432 [I] 2734675520: nfapi_nr_vnf_p7_start: VNF P7 socket created...
90597422440 [I] 2734675520: nfapi_nr_vnf_p7_start: VNF P7 setsockopt succeeded...
90597422446 [I] 2734675520: nfapi_nr_vnf_p7_start: VNF P7 binding too 0.0.0.0:50011
90597422453 [I] 2734675520: nfapi_nr_vnf_p7_start: VNF P7 bind succeeded...
90602881567 [I] 3003110976: vnf_nr_handle_start_response: Received START_RESPONSE
90602881615 [I] 3003110976: nr_start_resp_cb: [VNF] Received NFAPI_START_RESP idx:0 phy_id:1
90602881630 [I] 3003110976: nfapi_vnf_p7_add_pnf: nfapi_vnf_p7_add_pnf(config:0x604d4d09bb20 phy_id:1 pnf_addr:127.0.0.1 pnf_p7_port:23235)
90602881641 [I] 3003110976: vnf_p7_connection_info_list_add: vnf_p7_connection_info_list_add()
90602886594 [N] 2734675520: vnf_nr_p7_read_dispatch_message: reallocing rx buffer 20
90602896117 [N] 2734675520: vnf_nr_p7_read_dispatch_message: reallocing rx buffer 76
1717081659.391863 [NR_MAC]   Frame.Slot 128.0

[0m90607416291 [I] 2734675520: vnf_handle_nr_rach_indication: vnf_handle_nr_rach_indication: Handling RACH Indication
1717081660.464328 [MAC]   UL_info[Frame 184, Slot 8] Calling initiate_ra_proc RACH:SFN/SLOT:183/19
[0m1717081660.464343 [NR_MAC]   183.19 UE RA-RNTI 010b TC-RNTI 6061: Activating RA process index 0
[0m[32m1717081660.466291 [NR_MAC]   UE 6061: 184.10 Generating RA-Msg2 DCI, RA RNTI 0x10b, state 1, CoreSetType 0, RAPID 32
[0m1717081660.466331 [NR_MAC]   UE 6061: Msg3 scheduled at 184.18 (184.10 k2 5 TDA 0)
[0m1717081660.483572 [NR_MAC]   Adding new UE context with RNTI 0x6061
[0m1717081660.484536 [NR_MAC]   [gNB 0][RAPROC] PUSCH with TC_RNTI 0x6061 received correctly, adding UE MAC Context RNTI 0x6061
[0m[32m1717081660.484555 [NR_MAC]   [RAPROC] RA-Msg3 received (sdu_lenP 28)
[0m1717081660.484587 [RLC]   Activated srb0 for UE 24673
[0m1717081660.484601 [RLC]   Added srb 1 to UE 24673
[0m1717081660.484738 [NR_MAC]   Activating scheduling RA-Msg4 for TC_RNTI 0x6061 (state WAIT_Msg3)
[0m1717081660.484749 [NR_RRC]   Decoding CCCH: RNTI 6061, payload_size 6
[0m[93m1717081660.484753 [NR_MAC]   Unexpected ULSCH HARQ PID 0 (have -1) for RNTI 0x6061 (ignore this warning for RA)
[0m1717081660.485033 [NR_RRC]   Created new UE context: CU UE ID 1 DU UE ID 24673 (rnti: 6061, random ue id 30f5c8dc83000000)
[0m1717081660.485050 [RRC]   activate SRB 1 of UE 1
[0m1717081660.485063 [NR_RRC]   rrc_gNB_generate_RRCSetup for RNTI 6061
[0m1717081660.485083 [NR_MAC]   No CU UE ID stored for UE RNTI 6061, adding CU UE ID 1
[0m1717081660.486601 [NR_MAC]   UE 6061 Generate msg4: feedback at  185.17, payload 225 bytes, next state WAIT_Msg4_ACK
[0m[32m1717081660.504792 [NR_MAC]   (UE RNTI 0x6061) Received Ack of RA-Msg4. CBRA procedure succeeded!
[0m[32m1717081660.564645 [NR_RRC]   UE 1 Processing NR_RRCSetupComplete from UE
[0m1717081660.564712 [NR_RRC]   [FRAME 00000][gNB][MOD 00][RNTI 1] UE State = NR_RRC_CONNECTED 
[0m[93m1717081660.564720 [NGAP]   No AMF is associated to the gNB
[0m[1;31m1717081660.633048 [NR_MAC]   UE 6061: reported RSRP index 0 invalid
[0m90607702207 [N] 2734675520: vnf_nr_p7_read_dispatch_message: reallocing rx buffer 152
1717081661.889818 [NR_MAC]   Frame.Slot 256.0
UE RNTI 6061 CU-UE-ID 1 in-sync PH 0 dB PCMAX 0 dBm, average RSRP -44 (8 meas)
UE 6061: CQI 15, RI 2, PMI (0,0)
UE 6061: dlsch_rounds 9/0/0/0, dlsch_errors 0, pucch0_DTX 0, BLER 0.05314 MCS (0) 9
UE 6061: ulsch_rounds 9/0/0/0, ulsch_errors 0, ulsch_DTX 0, BLER 0.05314 MCS (0) 9
UE 6061: MAC:    TX           1810 RX            768 bytes
UE 6061: LCID 1: TX              3 RX             49 bytes

[0m1717081664.441552 [NR_MAC]   Frame.Slot 384.0
UE RNTI 6061 CU-UE-ID 1 in-sync PH 0 dB PCMAX 0 dBm, average RSRP -44 (16 meas)
UE 6061: CQI 15, RI 2, PMI (0,0)
UE 6061: dlsch_rounds 21/0/0/0, dlsch_errors 0, pucch0_DTX 0, BLER 0.01501 MCS (0) 9
UE 6061: ulsch_rounds 22/0/0/0, ulsch_errors 0, ulsch_DTX 0, BLER 0.01351 MCS (0) 9
UE 6061: MAC:    TX           4702 RX           2276 bytes
UE 6061: LCID 1: TX              3 RX             49 bytes

[0m1717081666.912161 [NR_MAC]   Frame.Slot 512.0
UE RNTI 6061 CU-UE-ID 1 in-sync PH 0 dB PCMAX 0 dBm, average RSRP -44 (16 meas)
UE 6061: CQI 15, RI 2, PMI (0,0)
UE 6061: dlsch_rounds 34/0/0/0, dlsch_errors 0, pucch0_DTX 0, BLER 0.00382 MCS (0) 9
UE 6061: ulsch_rounds 35/0/0/0, ulsch_errors 0, ulsch_DTX 0, BLER 0.00343 MCS (0) 9
UE 6061: MAC:    TX           7835 RX           3784 bytes
UE 6061: LCID 1: TX              3 RX             49 bytes

[0m1717081669.492642 [NR_MAC]   Frame.Slot 640.0
UE RNTI 6061 CU-UE-ID 1 in-sync PH 0 dB PCMAX 0 dBm, average RSRP -44 (16 meas)
UE 6061: CQI 15, RI 2, PMI (0,0)
UE 6061: dlsch_rounds 47/0/0/0, dlsch_errors 0, pucch0_DTX 0, BLER 0.00097 MCS (0) 9
UE 6061: ulsch_rounds 48/0/0/0, ulsch_errors 0, ulsch_DTX 0, BLER 0.00087 MCS (0) 9
UE 6061: MAC:    TX          10968 RX           5292 bytes
UE 6061: LCID 1: TX              3 RX             49 bytes

[0m1717081672.030518 [NR_MAC]   Frame.Slot 768.0
UE RNTI 6061 CU-UE-ID 1 in-sync PH 0 dB PCMAX 0 dBm, average RSRP -44 (16 meas)
UE 6061: CQI 15, RI 2, PMI (0,0)
UE 6061: dlsch_rounds 60/0/0/0, dlsch_errors 0, pucch0_DTX 0, BLER 0.00025 MCS (0) 9
UE 6061: ulsch_rounds 60/0/0/0, ulsch_errors 0, ulsch_DTX 0, BLER 0.00025 MCS (0) 9
UE 6061: MAC:    TX          14101 RX           6684 bytes
UE 6061: LCID 1: TX              3 RX             49 bytes

[0m1717081674.553969 [NR_MAC]   Frame.Slot 896.0
UE RNTI 6061 CU-UE-ID 1 in-sync PH 0 dB PCMAX 0 dBm, average RSRP -44 (16 meas)
UE 6061: CQI 15, RI 2, PMI (0,0)
UE 6061: dlsch_rounds 73/0/0/0, dlsch_errors 0, pucch0_DTX 0, BLER 0.00006 MCS (0) 9
UE 6061: ulsch_rounds 73/0/0/0, ulsch_errors 0, ulsch_DTX 0, BLER 0.00006 MCS (0) 9
UE 6061: MAC:    TX          17234 RX           8192 bytes
UE 6061: LCID 1: TX              3 RX             49 bytes

[0m90621990695 [W] 3003110976: vnf_nr_read_dispatch_message: sctp_recvmsg: unhandled mode with flags 0x0
90621990751 [W] 3003110976: vnf_nr_read_dispatch_message: Disconnected socket
90621990761 [I] 3003110976: pnf_disconnection_indication_cb: [VNF] pnf disconnection indication idx:0
90621990768 [I] 3003110976: nfapi_vnf_p7_del_pnf: nfapi_vnf_p7_del_pnf(phy_id:1)
90621990775 [I] 3003110976: nfapi_vnf_p7_del_pnf: nfapi_vnf_p7_del_pnf(phy_id:1) deleting connection info

** Caught SIGTERM, shutting down
Returned from ITTI signal handler
oai_exit=1
Bye.
