Calling sched_setscheduler(79)
[ENB_APP]   nfapi (0) running mode: MONOLITHIC
[0m[UTIL]   Creating thread Tpool0_-1 with affinity -1 and priority 97
[0m[UTIL]   threadCreate for Tpool0_-1, affinity ffffffff, priority 97
[0m[UTIL]   Creating thread Tpool1_-1 with affinity -1 and priority 97
[0m[UTIL]   threadCreate for Tpool1_-1, affinity ffffffff, priority 97
[0m[UTIL]   Creating thread Tpool2_-1 with affinity -1 and priority 97
[0m[UTIL]   threadCreate for Tpool2_-1, affinity ffffffff, priority 97
[0m[UTIL]   Creating thread Tpool3_-1 with affinity -1 and priority 97
[0m[UTIL]   threadCreate for Tpool3_-1, affinity ffffffff, priority 97
[0m[UTIL]   Creating thread Tpool4_-1 with affinity -1 and priority 97
[0m[UTIL]   threadCreate for Tpool4_-1, affinity ffffffff, priority 97
[0m[UTIL]   Creating thread Tpool5_-1 with affinity -1 and priority 97
[0m[UTIL]   threadCreate for Tpool5_-1, affinity ffffffff, priority 97
[0m[UTIL]   Creating thread Tpool6_-1 with affinity -1 and priority 97
[0m[UTIL]   threadCreate for Tpool6_-1, affinity ffffffff, priority 97
[0m[UTIL]   Creating thread Tpool7_-1 with affinity -1 and priority 97
[0m[UTIL]   threadCreate for Tpool7_-1, affinity ffffffff, priority 97
[0m[ITTI]   Starting itti queue: TASK_UNKNOWN as task 0
[0m[ITTI]   Starting itti queue: TASK_TIMER as task 1
[0m[ITTI]   Starting itti queue: TASK_L2L1 as task 2
[0m[ITTI]   Starting itti queue: TASK_BM as task 3
[0m[ITTI]   Starting itti queue: TASK_PHY_ENB as task 4
[0m[ITTI]   Starting itti queue: TASK_MAC_GNB as task 5
[0m[ITTI]   Starting itti queue: TASK_RLC_ENB as task 6
[0m[ITTI]   Starting itti queue: TASK_RRC_ENB_NB_IoT as task 7
[0m[ITTI]   Starting itti queue: TASK_PDCP_ENB as task 8
[0m[ITTI]   Starting itti queue: TASK_PDCP_GNB as task 9
[0m[ITTI]   Starting itti queue: TASK_DATA_FORWARDING as task 10
[0m[ITTI]   Starting itti queue: TASK_END_MARKER as task 11
[0m[ITTI]   Starting itti queue: TASK_RRC_ENB as task 12
[0m[ITTI]   Starting itti queue: TASK_RRC_GNB as task 13
[0m[ITTI]   Starting itti queue: TASK_RAL_ENB as task 14
[0m[ITTI]   Starting itti queue: TASK_S1AP as task 15
[0m[ITTI]   Starting itti queue: TASK_NGAP as task 16
[0m[ITTI]   Starting itti queue: TASK_X2AP as task 17
[0m[ITTI]   Starting itti queue: TASK_M2AP_ENB as task 18
[0m[ITTI]   Starting itti queue: TASK_M2AP_MCE as task 19
[0m[ITTI]   Starting itti queue: TASK_M3AP as task 20
[0m[ITTI]   Starting itti queue: TASK_M3AP_MME as task 21
[0m[ITTI]   Starting itti queue: TASK_M3AP_MCE as task 22
[0m[ITTI]   Starting itti queue: TASK_SCTP as task 23
[0m[ITTI]   Starting itti queue: TASK_ENB_APP as task 24
[0m[ITTI]   Starting itti queue: TASK_GNB_APP as task 25
[0m[ITTI]   Starting itti queue: TASK_MCE_APP as task 26
[0m[ITTI]   Starting itti queue: TASK_MME_APP as task 27
[0m[ITTI]   Starting itti queue: TASK_PHY_UE as task 28
[0m[ITTI]   Starting itti queue: TASK_MAC_UE as task 29
[0m[ITTI]   Starting itti queue: TASK_RLC_UE as task 30
[0m[ITTI]   Starting itti queue: TASK_PDCP_UE as task 31
[0m[ITTI]   Starting itti queue: TASK_RRC_UE as task 32
[0m[ITTI]   Starting itti queue: TASK_RRC_NRUE as task 33
[0m[ITTI]   Starting itti queue: TASK_NAS_UE as task 34
[0m[ITTI]   Starting itti queue: TASK_RAL_UE as task 35
[0m[ITTI]   Starting itti queue: TASK_GTPV1_U as task 36
[0m[ITTI]   Starting itti queue: TASK_CU_F1 as task 37
[0m[ITTI]   Starting itti queue: TASK_DU_F1 as task 38
[0m[ITTI]   Starting itti queue: TASK_CUCP_E1 as task 39
[0m[ITTI]   Starting itti queue: TASK_CUUP_E1 as task 40
[0m[ITTI]   Starting itti queue: TASK_RRC_UE_SIM as task 41
[0m[ITTI]   Starting itti queue: TASK_RRC_GNB_SIM as task 42
[0m[ITTI]   Starting itti queue: TASK_RRC_NSA_UE as task 43
[0m[ITTI]   Starting itti queue: TASK_RRC_NSA_NRUE as task 44
[0m[ITTI]   Starting itti queue: TASK_NAS_NRUE as task 45
[0m[OPT]   OPT disabled
[0m[HW]   Version: Branch: nfapi-fixes-Ming-TDD-table Abrev. Hash: 74e7b44b93 Date: Mon Jun 3 11:09:45 2024 +0200
[0m[PDCP]   pdcp init,usegtp usenetlink
[0m[PDCP]   TUN: Opened socket oaitun_ue1 with fd nas_sock_fd[0]=97
[0m[PDCP]   UE pdcp will use tun interface
[0m[NR_MAC]   [UE0] Initializing MAC
[0m[NR_MAC]   Initializing dl and ul config_request. num_slots = 20
[0m[RLC]   Activated srb0 for UE 0
[0m[PHY]   Set UE_fo_compensation 0, UE_scan_carrier 0, UE_no_timing_correction 0 
, chest-freq 0, chest-time 0
[0m[PHY]   Set UE nb_rx_antenna 1, nb_tx_antenna 1, threequarter_fs 0, ssb_start_subcarrier 516
[0m[PHY]   SA init parameters. DL freq 3619200000 UL offset 0 SSB numerology 1 N_RB_DL 106
[0m[NR_MAC]   NR band duplex spacing is 0 KHz (nr_bandtable[40].band = 78)
[0m[NR_MAC]   NR band 78, duplex mode TDD, duplex spacing = 0 KHz
[0m[93m[PHY]   Init: N_RB_DL 106, first_carrier_offset 1412, nb_prefix_samples 144,nb_prefix_samples0 176, ofdm_symbol_size 2048
[0m[93m[PHY]   samples_per_subframe 61440/per second 61440000, wCP 57344
[0m[PHY]   Initializing UE vars for gNB TXant 1, UE RXant 1
[0m[PHY]   prs_config configuration NOT found..!! Skipped configuring UE for the PRS reception
[0m[PHY]   UE 0 Setting N_TA_offset to 800 samples (factor 2.000000, UL Freq 3619200000, N_RB 106, mu 1)
[0m[PHY]   HW: Configuring card 0, sample_rate 61440000.000000, tx/rx num_channels 1/1, duplex_mode TDD
[0m[PHY]   HW: Configuring channel 0 (rf_chain 0): setting tx_freq 3619200000 Hz, rx_freq 3619200000 Hz, tune_offset 0
[0m[PHY]   HW: Configuring channel 0 (rf_chain 0): setting tx_gain 0, rx_gain 110
[0m[PHY]   HW: Configuring card 1, sample_rate 61440000.000000, tx/rx num_channels 1/1, duplex_mode TDD
[0m[PHY]   HW: Configuring channel 0 (rf_chain 0): setting tx_freq 3619200000 Hz, rx_freq 3619200000 Hz, tune_offset 0
[0m[PHY]   HW: Configuring channel 0 (rf_chain 0): setting tx_gain 0, rx_gain 110
[0m[PHY]   HW: Configuring card 2, sample_rate 61440000.000000, tx/rx num_channels 1/1, duplex_mode TDD
[0m[PHY]   HW: Configuring channel 0 (rf_chain 0): setting tx_freq 3619200000 Hz, rx_freq 3619200000 Hz, tune_offset 0
[0m[PHY]   HW: Configuring channel 0 (rf_chain 0): setting tx_gain 0, rx_gain 110
[0m[PHY]   HW: Configuring card 3, sample_rate 61440000.000000, tx/rx num_channels 1/1, duplex_mode TDD
[0m[PHY]   HW: Configuring channel 0 (rf_chain 0): setting tx_freq 3619200000 Hz, rx_freq 3619200000 Hz, tune_offset 0
[0m[PHY]   HW: Configuring channel 0 (rf_chain 0): setting tx_gain 0, rx_gain 110
[0m[PHY]   HW: Configuring card 4, sample_rate 61440000.000000, tx/rx num_channels 1/1, duplex_mode TDD
[0m[PHY]   HW: Configuring channel 0 (rf_chain 0): setting tx_freq 3619200000 Hz, rx_freq 3619200000 Hz, tune_offset 0
[0m[PHY]   HW: Configuring channel 0 (rf_chain 0): setting tx_gain 0, rx_gain 110
[0m[PHY]   HW: Configuring card 5, sample_rate 61440000.000000, tx/rx num_channels 1/1, duplex_mode TDD
[0m[PHY]   HW: Configuring channel 0 (rf_chain 0): setting tx_freq 3619200000 Hz, rx_freq 3619200000 Hz, tune_offset 0
[0m[PHY]   HW: Configuring channel 0 (rf_chain 0): setting tx_gain 0, rx_gain 110
[0m[PHY]   HW: Configuring card 6, sample_rate 61440000.000000, tx/rx num_channels 1/1, duplex_mode TDD
[0m[PHY]   HW: Configuring channel 0 (rf_chain 0): setting tx_freq 3619200000 Hz, rx_freq 3619200000 Hz, tune_offset 0
[0m[PHY]   HW: Configuring channel 0 (rf_chain 0): setting tx_gain 0, rx_gain 110
[0m[PHY]   HW: Configuring card 7, sample_rate 61440000.000000, tx/rx num_channels 1/1, duplex_mode TDD
[0m[PHY]   HW: Configuring channel 0 (rf_chain 0): setting tx_freq 3619200000 Hz, rx_freq 3619200000 Hz, tune_offset 0
[0m[PHY]   HW: Configuring channel 0 (rf_chain 0): setting tx_gain 0, rx_gain 110
[0m[HW]   # /dev/cpu_dma_latency set to 2 us
[0msh: 1: cannot create /sys/devices/system/cpu/cpu0/cpufreq/scaling_min_freq: Directory nonexistent
sh: 1: cannot create /sys/devices/system/cpu/cpu1/cpufreq/scaling_min_freq: Directory nonexistent
sh: 1: cannot create /sys/devices/system/cpu/cpu10/cpufreq/scaling_min_freq: Directory nonexistent
sh: 1: cannot create /sys/devices/system/cpu/cpu11/cpufreq/scaling_min_freq: Directory nonexistent
sh: 1: cannot create /sys/devices/system/cpu/cpu12/cpufreq/scaling_min_freq: Directory nonexistent
sh: 1: cannot create /sys/devices/system/cpu/cpu13/cpufreq/scaling_min_freq: Directory nonexistent
sh: 1: cannot create /sys/devices/system/cpu/cpu14/cpufreq/scaling_min_freq: Directory nonexistent
sh: 1: cannot create /sys/devices/system/cpu/cpu15/cpufreq/scaling_min_freq: Directory nonexistent
sh: 1: cannot create /sys/devices/system/cpu/cpu16/cpufreq/scaling_min_freq: Directory nonexistent
sh: 1: cannot create /sys/devices/system/cpu/cpu17/cpufreq/scaling_min_freq: Directory nonexistent
sh: 1: cannot create /sys/devices/system/cpu/cpu18/cpufreq/scaling_min_freq: Directory nonexistent
sh: 1: cannot create /sys/devices/system/cpu/cpu19/cpufreq/scaling_min_freq: Directory nonexistent
sh: 1: cannot create /sys/devices/system/cpu/cpu2/cpufreq/scaling_min_freq: Directory nonexistent
sh: 1: cannot create /sys/devices/system/cpu/cpu20/cpufreq/scaling_min_freq: Directory nonexistent
sh: 1: cannot create /sys/devices/system/cpu/cpu21/cpufreq/scaling_min_freq: Directory nonexistent
sh: 1: cannot create /sys/devices/system/cpu/cpu22/cpufreq/scaling_min_freq: Directory nonexistent
sh: 1: cannot create /sys/devices/system/cpu/cpu23/cpufreq/scaling_min_freq: Directory nonexistent
sh: 1: cannot create /sys/devices/system/cpu/cpu24/cpufreq/scaling_min_freq: Directory nonexistent
sh: 1: cannot create /sys/devices/system/cpu/cpu25/cpufreq/scaling_min_freq: Directory nonexistent
sh: 1: cannot create /sys/devices/system/cpu/cpu26/cpufreq/scaling_min_freq: Directory nonexistent
sh: 1: cannot create /sys/devices/system/cpu/cpu27/cpufreq/scaling_min_freq: Directory nonexistent
sh: 1: cannot create /sys/devices/system/cpu/cpu28/cpufreq/scaling_min_freq: Directory nonexistent
sh: 1: cannot create /sys/devices/system/cpu/cpu29/cpufreq/scaling_min_freq: Directory nonexistent
sh: 1: cannot create /sys/devices/system/cpu/cpu3/cpufreq/scaling_min_freq: Directory nonexistent
sh: 1: cannot create /sys/devices/system/cpu/cpu30/cpufreq/scaling_min_freq: Directory nonexistent
sh: 1: cannot create /sys/devices/system/cpu/cpu31/cpufreq/scaling_min_freq: Directory nonexistent
sh: 1: cannot create /sys/devices/system/cpu/cpu32/cpufreq/scaling_min_freq: Directory nonexistent
sh: 1: cannot create /sys/devices/system/cpu/cpu33/cpufreq/scaling_min_freq: Directory nonexistent
sh: 1: cannot create /sys/devices/system/cpu/cpu34/cpufreq/scaling_min_freq: Directory nonexistent
sh: 1: cannot create /sys/devices/system/cpu/cpu35/cpufreq/scaling_min_freq: Directory nonexistent
sh: 1: cannot create /sys/devices/system/cpu/cpu36/cpufreq/scaling_min_freq: Directory nonexistent
sh: 1: cannot create /sys/devices/system/cpu/cpu37/cpufreq/scaling_min_freq: Directory nonexistent
sh: 1: cannot create /sys/devices/system/cpu/cpu38/cpufreq/scaling_min_freq: Directory nonexistent
sh: 1: cannot create /sys/devices/system/cpu/cpu39/cpufreq/scaling_min_freq: Directory nonexistent
sh: 1: cannot create /sys/devices/system/cpu/cpu4/cpufreq/scaling_min_freq: Directory nonexistent
sh: 1: cannot create /sys/devices/system/cpu/cpu40/cpufreq/scaling_min_freq: Directory nonexistent
sh: 1: cannot create /sys/devices/system/cpu/cpu41/cpufreq/scaling_min_freq: Directory nonexistent
sh: 1: cannot create /sys/devices/system/cpu/cpu42/cpufreq/scaling_min_freq: Directory nonexistent
sh: 1: cannot create /sys/devices/system/cpu/cpu43/cpufreq/scaling_min_freq: Directory nonexistent
sh: 1: cannot create /sys/devices/system/cpu/cpu44/cpufreq/scaling_min_freq: Directory nonexistent
sh: 1: cannot create /sys/devices/system/cpu/cpu45/cpufreq/scaling_min_freq: Directory nonexistent
sh: 1: cannot create /sys/devices/system/cpu/cpu46/cpufreq/scaling_min_freq: Directory nonexistent
sh: 1: cannot create /sys/devices/system/cpu/cpu47/cpufreq/scaling_min_freq: Directory nonexistent
sh: 1: cannot create /sys/devices/system/cpu/cpu48/cpufreq/scaling_min_freq: Directory nonexistent
sh: 1: cannot create /sys/devices/system/cpu/cpu49/cpufreq/scaling_min_freq: Directory nonexistent
sh: 1: cannot create /sys/devices/system/cpu/cpu5/cpufreq/scaling_min_freq: Directory nonexistent
sh: 1: cannot create /sys/devices/system/cpu/cpu50/cpufreq/scaling_min_freq: Directory nonexistent
sh: 1: cannot create /sys/devices/system/cpu/cpu51/cpufreq/scaling_min_freq: Directory nonexistent
sh: 1: cannot create /sys/devices/system/cpu/cpu52/cpufreq/scaling_min_freq: Directory nonexistent
sh: 1: cannot create /sys/devices/system/cpu/cpu53/cpufreq/scaling_min_freq: Directory nonexistent
sh: 1: cannot create /sys/devices/system/cpu/cpu54/cpufreq/scaling_min_freq: Directory nonexistent
sh: 1: cannot create /sys/devices/system/cpu/cpu55/cpufreq/scaling_min_freq: Directory nonexistent
sh: 1: cannot create /sys/devices/system/cpu/cpu56/cpufreq/scaling_min_freq: Directory nonexistent
sh: 1: cannot create /sys/devices/system/cpu/cpu57/cpufreq/scaling_min_freq: Directory nonexistent
sh: 1: cannot create /sys/devices/system/cpu/cpu58/cpufreq/scaling_min_freq: Directory nonexistent
sh: 1: cannot create /sys/devices/system/cpu/cpu59/cpufreq/scaling_min_freq: Directory nonexistent
sh: 1: cannot create /sys/devices/system/cpu/cpu6/cpufreq/scaling_min_freq: Directory nonexistent
sh: 1: cannot create /sys/devices/system/cpu/cpu60/cpufreq/scaling_min_freq: Directory nonexistent
sh: 1: cannot create /sys/devices/system/cpu/cpu61/cpufreq/scaling_min_freq: Directory nonexistent
sh: 1: cannot create /sys/devices/system/cpu/cpu62/cpufreq/scaling_min_freq: Directory nonexistent
sh: 1: cannot create /sys/devices/system/cpu/cpu63/cpufreq/scaling_min_freq: Directory nonexistent
sh: 1: cannot create /sys/devices/system/cpu/cpu7/cpufreq/scaling_min_freq: Directory nonexistent
sh: 1: cannot create /sys/devices/system/cpu/cpu8/cpufreq/scaling_min_freq: Directory nonexistent
sh: 1: cannot create /sys/devices/system/cpu/cpu9/cpufreq/scaling_min_freq: Directory nonexistent
[1;31m[HW]   Can't set cpu frequency
[0m[PHY]   Intializing UE Threads for instance 0 (0x595955cbe710,0x7ca7f2800010)...
[0m[UTIL]   Creating thread UEthread with affinity -1 and priority 97
[0m[UTIL]   threadCreate for UEthread, affinity ffffffff, priority 97
[0m[UTIL]   Creating thread L1_UE_stats with affinity -1 and priority 1
[0m[93m[HW]   sample_rate 61440000.000000
[0m[HW]   Running as client: will connect to a rfsimulator server side
[0m[HW]   [RRU] has loaded RFSIMULATOR device.
[0m[93m[HW]   running command "/sbin/sysctl -n -e -q -w net.core.rmem_default=134217728" to increase RFsim performance
[0m[93m[HW]   running command "/sbin/sysctl -n -e -q -w net.core.rmem_max=134217728" to increase RFsim performance
[0m[UTIL]   threadCreate for L1_UE_stats, affinity ffffffff, priority 1
[0m[93m[HW]   running command "/sbin/sysctl -n -e -q -w net.core.wmem_default=134217728" to increase RFsim performance
[0m[NR_RRC]   create TASK_RRC_NRUE 
[0m[UTIL]   Creating thread TASK_RRC_NRUE with affinity -1 and priority 50
[0m[93m[HW]   running command "/sbin/sysctl -n -e -q -w net.core.wmem_max=134217728" to increase RFsim performance
[0m[UTIL]   threadCreate for TASK_RRC_NRUE, affinity ffffffff, priority 50
[0m[HW]   Trying to connect to 127.0.0.1:4043
[0m[HW]   Connection to 127.0.0.1:4043 established
[0m[HW]   connect() to 127.0.0.1:4043 failed, errno(0)
[0m[ITTI]   Created Posix thread TASK_RRC_NRUE
[0m[UTIL]   Creating thread TASK_NAS_NRUE with affinity -1 and priority 50
[0m[UTIL]   threadCreate for TASK_NAS_NRUE, affinity ffffffff, priority 50
[0m[ITTI]   Created Posix thread TASK_NAS_NRUE
[0m[SIM]   UICC simulation: IMSI=001010000000001, IMEISV=6754567890123413, Ki=fec86ba6eb707ed08905757b1bb44b8f, OPc=c42449363bbad02b66d16bc975d77cc1, DNN=oai, SST=0x01, SD=0xffffff
[0m[PHY]   [SCHED][UE] Check absolute frequency DL 3619200000.000000, UL 3619200000.000000 (RF card 0, oai_exit 0, channel 0, rx_num_channels 1)
[0m[93m[NR_PHY]   Starting sync detection
[0m[PHY]   [UE thread Synch] Running Initial Synch 
[0m[PHY]   [UE] nr_synchro_time: Sync source (nid2) = 0, Peak found at pos 0, val = 0 (0 dB power over signal avg 0 dB), ffo 0.000000
[0m[PHY]   PSS execution duration 74091 microseconds 
[0m[PHY]   [UE] nr_synchro_time: Sync source (nid2) = 0, Peak found at pos 188880, val = 8706702226 (99 dB power over signal avg 58 dB), ffo 0.000000
[0m[PHY]   PSS execution duration 67084 microseconds 
[0m[93m[NR_PHY]   SSS detected, PCI: 0, ffo_pss 0.000000 (0 Hz), ffo_sss 0.000548 (16 Hz),  ffo_pss+ffo_sss 0.000548 (16 Hz), nid1: 0, nid2: 0
[0m[PHY]   [UE0] Initial sync: pbch decoded sucessfully, ssb index 0
[0m[PHY]   [UE0] In synch, rx_offset 184320 samples
[0m[PHY]   [UE 0] Measured Carrier Frequency offset 0 Hz
[0m[32m[PHY]   Initial sync successful
[0m[PHY]   HW: Configuring channel 0 (rf_chain 0): setting tx_freq 3619200000 Hz, rx_freq 3619200000 Hz, tune_offset 0
[0m[PHY]   Got synch: hw_slot_offset 12, carrier off 0 Hz, rxgain 0.000000 (DL 3619200000.000000 Hz, UL 3619200000.000000 Hz)
[0m[32m[PHY]   UE synchronized! decoded_frame_rx=38 UE->init_sync_frame=0 trashed_frames=56
[0m[PHY]   Resynchronizing RX by 184320 samples
[0m[32m[NR_RRC]   SIB1 decoded
[0m[NR_MAC]   NR band duplex spacing is 0 KHz (nr_bandtable[40].band = 78)
[0m[NR_MAC]   NR band 78, duplex mode TDD, duplex spacing = 0 KHz
[0m[NR_PHY]   ============================================
[0m[NR_PHY]   Harq round stats for Downlink: 1/0/0
[0m[NR_PHY]   ============================================
[0m[NR_MAC]   NR band duplex spacing is 0 KHz (nr_bandtable[40].band = 78)
[0m[NR_MAC]   NR band 78, duplex mode TDD, duplex spacing = 0 KHz
[0m[NR_MAC]   Initialization of 4-step contention-based random access procedure
[0m[NR_MAC]   PRACH scheduler: Selected RO Frame 183, Slot 19, Symbol 0, Fdm 0
[0m[PHY]   PRACH [UE 0] in frame.slot 183.19, placing PRACH in position 2828, msg1 frequency start 0 (k1 0), preamble_offset 7, first_nonzero_root_idx 0
[0m[1;31m[NR_MAC]   Trying to process acknack for an inactive harq process (0)
[0m[NR_MAC]   [UE 0][RAPROC][RA-RNTI 0005] Got BI RAR subPDU 267 ms
[0m[NR_MAC]   [UE 0][RAPROC][RA-RNTI 010b] Got RAPID RAR subPDU
[0m[32m[NR_MAC]   [UE 0][RAPROC][184.7] Found RAR with the intended RAPID 31
[0m[93m[MAC]   received TA command 31
[0m[PHY]   RAR-Msg2 decoded
[0m[32m[NR_MAC]   [RAPROC][184.17] RA-Msg3 transmitted
[0m[MAC]   [UE 0]Frame 185 Contention resolution identity: 0x14270b52c3a6 Terminating RA procedure
[0m[32m[MAC]   [UE 0][185.11][RAPROC] RA procedure succeeded. CB-RA: Contention Resolution is successful.
[0m[NR_RRC]   [UE0][RAPROC] Logical Channel DL-CCCH (SRB0), Received NR_RRCSetup
[0m[RLC]   Added srb 1 to UE 0
[0m[MAC]   Applying CellGroupConfig from gNodeB
[0m[NR_RRC]   State = NR_RRC_CONNECTED
[0m[NR_RRC]   [UE 0][RAPROC] Logical Channel UL-DCCH (SRB1), Generating RRCSetupComplete (bytes33)
[0m[NR_PHY]   ============================================
[0m[NR_PHY]   Harq round stats for Downlink: 4/0/0
[0m[NR_PHY]   ============================================
[0m[NR_PHY]   ============================================
[0m[NR_PHY]   Harq round stats for Downlink: 11/0/0
[0m[NR_PHY]   ============================================
[0m[NR_PHY]   ============================================
[0m[NR_PHY]   Harq round stats for Downlink: 17/0/0
[0m[NR_PHY]   ============================================
[0m[NR_PHY]   ============================================
[0m[NR_PHY]   Harq round stats for Downlink: 23/0/0
[0m[NR_PHY]   ============================================
[0m[NR_PHY]   ============================================
[0m[NR_PHY]   Harq round stats for Downlink: 30/0/0
[0m[NR_PHY]   ============================================
[0m[NR_PHY]   ============================================
[0m[NR_PHY]   Harq round stats for Downlink: 36/0/0
[0m[NR_PHY]   ============================================
[0m[NR_PHY]   ============================================
[0m[NR_PHY]   Harq round stats for Downlink: 43/0/0
[0m[NR_PHY]   ============================================
[0m[NR_PHY]   ============================================
[0m[NR_PHY]   Harq round stats for Downlink: 49/0/0
[0m[NR_PHY]   ============================================
[0m[NR_PHY]   ============================================
[0m[NR_PHY]   Harq round stats for Downlink: 55/0/0
[0m[NR_PHY]   ============================================
[0m[NR_PHY]   ============================================
[0m[NR_PHY]   Harq round stats for Downlink: 62/0/0
[0m[NR_PHY]   ============================================
[0m[NR_PHY]   ============================================
[0m[NR_PHY]   Harq round stats for Downlink: 68/0/0
[0m[NR_PHY]   ============================================
[0m[NR_PHY]   ============================================
[0m[NR_PHY]   Harq round stats for Downlink: 75/0/0
[0m[NR_PHY]   ============================================
[0m[NR_PHY]   ============================================
[0m[NR_PHY]   Harq round stats for Downlink: 81/0/0
[0m[NR_PHY]   ============================================
[0m[NR_PHY]   ============================================
[0m[NR_PHY]   Harq round stats for Downlink: 87/0/0
[0m[NR_PHY]   ============================================
[0m[NR_PHY]   ============================================
[0m[NR_PHY]   Harq round stats for Downlink: 94/0/0
[0m[NR_PHY]   ============================================
[0m[NR_PHY]   ============================================
[0m[NR_PHY]   Harq round stats for Downlink: 100/0/0
[0m[NR_PHY]   ============================================
[0m[NR_PHY]   ============================================
[0m[NR_PHY]   Harq round stats for Downlink: 107/0/0
[0m[NR_PHY]   ============================================
[0m[NR_PHY]   ============================================
[0m[NR_PHY]   Harq round stats for Downlink: 113/0/0
[0m[NR_PHY]   ============================================
[0m[NR_PHY]   ============================================
[0m[NR_PHY]   Harq round stats for Downlink: 119/0/0
[0m[NR_PHY]   ============================================
[0m[NR_PHY]   ============================================
[0m[NR_PHY]   Harq round stats for Downlink: 126/0/0
[0m[NR_PHY]   ============================================
[0m[NR_PHY]   ============================================
[0m[NR_PHY]   Harq round stats for Downlink: 132/0/0
[0m[NR_PHY]   ============================================
[0m[NR_PHY]   ============================================
[0m[NR_PHY]   Harq round stats for Downlink: 139/0/0
[0m[NR_PHY]   ============================================
[0m[NR_PHY]   ============================================
[0m[NR_PHY]   Harq round stats for Downlink: 145/0/0
[0m[NR_PHY]   ============================================
[0m[NR_PHY]   ============================================
[0m[NR_PHY]   Harq round stats for Downlink: 151/0/0
[0m[NR_PHY]   ============================================
[0m[NR_PHY]   ============================================
[0m[NR_PHY]   Harq round stats for Downlink: 158/0/0
[0m[NR_PHY]   ============================================
[0m[NR_PHY]   ============================================
[0m[NR_PHY]   Harq round stats for Downlink: 164/0/0
[0m[NR_PHY]   ============================================
[0m[NR_PHY]   ============================================
[0m[NR_PHY]   Harq round stats for Downlink: 171/0/0
[0m[NR_PHY]   ============================================
[0m[NR_PHY]   ============================================
[0m[NR_PHY]   Harq round stats for Downlink: 177/0/0
[0m[NR_PHY]   ============================================
[0m[NR_PHY]   ============================================
[0m[NR_PHY]   Harq round stats for Downlink: 183/0/0
[0m[NR_PHY]   ============================================
[0m[NR_PHY]   ============================================
[0m[NR_PHY]   Harq round stats for Downlink: 190/0/0
[0m[NR_PHY]   ============================================
[0m[NR_PHY]   ============================================
[0m[NR_PHY]   Harq round stats for Downlink: 196/0/0
[0m[NR_PHY]   ============================================
[0m[NR_PHY]   ============================================
[0m[NR_PHY]   Harq round stats for Downlink: 203/0/0
[0m[NR_PHY]   ============================================
[0m[NR_PHY]   ============================================
[0m[NR_PHY]   Harq round stats for Downlink: 209/0/0
[0m[NR_PHY]   ============================================
[0m[NR_PHY]   ============================================
[0m[NR_PHY]   Harq round stats for Downlink: 215/0/0
[0m[NR_PHY]   ============================================
[0m[NR_PHY]   ============================================
[0m[NR_PHY]   Harq round stats for Downlink: 222/0/0
[0m[NR_PHY]   ============================================
[0m[NR_PHY]   ============================================
[0m[NR_PHY]   Harq round stats for Downlink: 228/0/0
[0m[NR_PHY]   ============================================
[0m[NR_PHY]   ============================================
[0m[NR_PHY]   Harq round stats for Downlink: 235/0/0
[0m[NR_PHY]   ============================================
[0m[NR_PHY]   ============================================
[0m[NR_PHY]   Harq round stats for Downlink: 241/0/0
[0m[NR_PHY]   ============================================
[0m[NR_PHY]   ============================================
[0m[NR_PHY]   Harq round stats for Downlink: 247/0/0
[0m[NR_PHY]   ============================================
[0m[NR_PHY]   ============================================
[0m[NR_PHY]   Harq round stats for Downlink: 254/0/0
[0m[NR_PHY]   ============================================
[0m[NR_PHY]   ============================================
[0m[NR_PHY]   Harq round stats for Downlink: 260/0/0
[0m[NR_PHY]   ============================================
[0m[NR_PHY]   ============================================
[0m[NR_PHY]   Harq round stats for Downlink: 267/0/0
[0m[NR_PHY]   ============================================
[0m[NR_PHY]   ============================================
[0m[NR_PHY]   Harq round stats for Downlink: 273/0/0
[0m[NR_PHY]   ============================================
[0m[NR_PHY]   ============================================
[0m[NR_PHY]   Harq round stats for Downlink: 279/0/0
[0m[NR_PHY]   ============================================
[0m[NR_PHY]   ============================================
[0m[NR_PHY]   Harq round stats for Downlink: 286/0/0
[0m[NR_PHY]   ============================================
[0m[NR_PHY]   ============================================
[0m[NR_PHY]   Harq round stats for Downlink: 292/0/0
[0m[NR_PHY]   ============================================
[0m[NR_PHY]   ============================================
[0m[NR_PHY]   Harq round stats for Downlink: 299/0/0
[0m[NR_PHY]   ============================================
[0m[NR_PHY]   ============================================
[0m[NR_PHY]   Harq round stats for Downlink: 305/0/0
[0m[NR_PHY]   ============================================
[0m[NR_PHY]   ============================================
[0m[NR_PHY]   Harq round stats for Downlink: 311/0/0
[0m[NR_PHY]   ============================================
[0m[NR_PHY]   ============================================
[0m[NR_PHY]   Harq round stats for Downlink: 318/0/0
[0m[NR_PHY]   ============================================
[0m[NR_PHY]   ============================================
[0m[NR_PHY]   Harq round stats for Downlink: 324/0/0
[0m[NR_PHY]   ============================================
[0m[NR_PHY]   ============================================
[0m[NR_PHY]   Harq round stats for Downlink: 331/0/0
[0m[NR_PHY]   ============================================
[0m[NR_PHY]   ============================================
[0m[NR_PHY]   Harq round stats for Downlink: 337/0/0
[0m[NR_PHY]   ============================================
[0m[NR_PHY]   ============================================
[0m[NR_PHY]   Harq round stats for Downlink: 343/0/0
[0m[NR_PHY]   ============================================
[0m[NR_PHY]   ============================================
[0m[NR_PHY]   Harq round stats for Downlink: 350/0/0
[0m[NR_PHY]   ============================================
[0m[NR_PHY]   ============================================
[0m[NR_PHY]   Harq round stats for Downlink: 356/0/0
[0m[NR_PHY]   ============================================
[0m[NR_PHY]   ============================================
[0m[NR_PHY]   Harq round stats for Downlink: 363/0/0
[0m[NR_PHY]   ============================================
[0m[NR_PHY]   ============================================
[0m[NR_PHY]   Harq round stats for Downlink: 369/0/0
[0m[NR_PHY]   ============================================
[0m[NR_PHY]   ============================================
[0m[NR_PHY]   Harq round stats for Downlink: 375/0/0
[0m[NR_PHY]   ============================================
[0m[NR_PHY]   ============================================
[0m[NR_PHY]   Harq round stats for Downlink: 382/0/0
[0m[NR_PHY]   ============================================
[0m[NR_PHY]   ============================================
[0m[NR_PHY]   Harq round stats for Downlink: 388/0/0
[0m[NR_PHY]   ============================================
[0mPress ^C again to trigger immediate shutdown
[NAS]   [UE 0] Received NAS_DEREGISTRATION_REQ
[0m[93m[NAS]   No GUTI, cannot trigger deregistration request.
[0m[32m[NR_MAC]   Received detach indication
[0m[NR_RRC]   RRC moved into IDLE state
[0m[NAS]   [UE 0] Received NR_NAS_CONN_RELEASE_IND: cause 2
[0m[NR_PHY]   ============================================
[0m[NR_PHY]   Harq round stats for Downlink: 389/0/0
[0m[NR_PHY]   ============================================
[0m[NR_PHY]   ============================================
[0m[NR_PHY]   Harq round stats for Downlink: 389/0/0
[0m[NR_PHY]   ============================================
[0m[NR_PHY]   ============================================
[0m[NR_PHY]   Harq round stats for Downlink: 389/0/0
[0m[NR_PHY]   ============================================
[0m[NR_PHY]   ============================================
[0m[NR_PHY]   Harq round stats for Downlink: 389/0/0
[0m[NR_PHY]   ============================================
[0m[NR_PHY]   ============================================
[0m[NR_PHY]   Harq round stats for Downlink: 389/0/0
[0m[NR_PHY]   ============================================
[0m[93m[HW]   Lost socket
[0mCMDLINE: "./nr-uesoftmodem" "-r" "106" "--numerology" "1" "--band" "78" "-C" "3619200000" "--sa" "--uicc0.imsi" "001010000000001" "--rfsim" 
[CONFIG] get parameters from cmdline [CONFIG] debug flags: 0x00400000
[CONFIG] log_config: 2/3 parameters successfully set 
[CONFIG] log_config: 50/50 parameters successfully set 
[CONFIG] log_config: 50/50 parameters successfully set 
[CONFIG] log_config: 16/16 parameters successfully set 
[CONFIG] log_config: 16/16 parameters successfully set 
log init done
[CONFIG] (root): 28/31 parameters successfully set 
[CONFIG] (root): 39/42 parameters successfully set 
[CONFIG] (root): 5/6 parameters successfully set 
[CONFIG] TTracer: 3/3 parameters successfully set 
create a thread for core -1
create a thread for core -1
create a thread for core -1
create a thread for core -1
create a thread for core -1
create a thread for core -1
create a thread for core -1
create a thread for core -1
[CONFIG] opt: 3/3 parameters successfully set 
[CONFIG] loader: 2/2 parameters successfully set 
[CONFIG] loader.ldpc: 1/2 parameters successfully set 
shlib_path libldpc.so
[LOADER] library libldpc.so successfully loaded
[CONFIG] nas.noS1: 3/3 parameters successfully set 
[CONFIG] loader.dfts: 1/2 parameters successfully set 
shlib_path libdfts.so
[LOADER] library libdfts.so successfully loaded
[CONFIG] device.recplay: 8/8 parameters successfully set 
[CONFIG] device: 1/1 parameters successfully set 
[CONFIG] loader.rfsimulator: 1/2 parameters successfully set 
shlib_path librfsimulator.so
[LOADER] library librfsimulator.so successfully loaded
[CONFIG] rfsimulator: 8/9 parameters successfully set 
Initializing random number generator, seed 4845677370654766395
UE threads created by 2858456
TYPE <CTRL-C> TO TERMINATE
[CONFIG] uicc0: 10/10 parameters successfully set 
Entering ITTI signals handler
TYPE <CTRL-C> TO TERMINATE
